#
# A fatal error has been detected by the Java Runtime Environment:
#
#  SIGSEGV (0xb) at pc=0x00007f5e52250b82, pid=27423, tid=0x00007f5e53732380
#
# JRE version: OpenJDK Runtime Environment (8.0_252-b09) (build 1.8.0_252-8u252-b09-1~18.04-b09)
# Java VM: OpenJDK 64-Bit Server VM (25.252-b09 mixed mode linux-amd64 compressed oops)
# Problematic frame:
# V  [libjvm.so+0x8f1b82]
#
# Failed to write core dump. Core dumps have been disabled. To enable core dumping, try "ulimit -c unlimited" before starting Java again
#
# If you would like to submit a bug report, please visit:
#   http://bugreport.java.com/bugreport/crash.jsp
#

---------------  T H R E A D  ---------------

Current thread is native thread

siginfo: si_signo: 11 (SIGSEGV), si_code: 1 (SEGV_MAPERR), si_addr: 0x0000000000000110

Registers:
RAX=0x0000000000000000, RBX=0x00007f5e53730700, RCX=0x00007f5e528f8d2d, RDX=0x00007f5e537326a0
RSP=0x00007ffd28e841f0, RBP=0x00007ffd28e842b0, RSI=0x00007ffd28e843f0, RDI=0x0000000000000001
R8 =0x00000000000000ca, R9 =0x00007f5e537309d0, R10=0x0000000000000000, R11=0x0000000000000246
R12=0x00007f5e53732300, R13=0x0000000000000000, R14=0x00007ffd28e843f0, R15=0x00007ffd28e842c0
RIP=0x00007f5e52250b82, EFLAGS=0x0000000000010246, CSGSFS=0x002b000000000033, ERR=0x0000000000000004
  TRAPNO=0x000000000000000e

Top of Stack: (sp=0x00007ffd28e841f0)
0x00007ffd28e841f0:   0000000000000007 0000000000000000
0x00007ffd28e84200:   ffffffffffffffff 0000000000000000
0x00007ffd28e84210:   000000620000006e 00007f5e535417a4
0x00007ffd28e84220:   00007f5effffffff 00007f5e53755050
0x00007ffd28e84230:   0000000000000001 00007f5e5353afaf
0x00007ffd28e84240:   00007f5e53755560 00007f5e5332c4cb
0x00007ffd28e84250:   00007ffd28e847f0 00007f5e52f419d0
0x00007ffd28e84260:   0000000001e5cb59 00007f5e528f313b
0x00007ffd28e84270:   00007f5e528f0f48 f7179c6d84249b00
0x00007ffd28e84280:   00007f5e00000002 00007f5e53730700
0x00007ffd28e84290:   0000000000000000 00007ffd28e84890
0x00007ffd28e842a0:   0000000000000000 000055d1e2f9a568
0x00007ffd28e842b0:   00007ffd28e848f8 00007f5e52f6efd0
0x00007ffd28e842c0:   0000000000000007 0000000000000000
0x00007ffd28e842d0:   0000000000000000 0000000000000002
0x00007ffd28e842e0:   0000000000000000 00000000000000ca
0x00007ffd28e842f0:   00007f5e537309d0 0000000000000000
0x00007ffd28e84300:   0000000000000246 0000000000000000
0x00007ffd28e84310:   00007ffd28e84890 0000000000000000
0x00007ffd28e84320:   000055d1e2f9a568 00007f5e537309d0
0x00007ffd28e84330:   0000000000000000 00007ffd28e848f8
0x00007ffd28e84340:   00007f5e53730700 0000000000006b35
0x00007ffd28e84350:   00000000000000ca 00007f5e528f8d2d
0x00007ffd28e84360:   00007ffd28e84880 00007f5e528f8d2b
0x00007ffd28e84370:   0000000000000246 002b000000000033
0x00007ffd28e84380:   0000000000000000 0000000000000000
0x00007ffd28e84390:   0000000000000000 0000000000000000
0x00007ffd28e843a0:   00007ffd28e84480 0000000000000000
0x00007ffd28e843b0:   000055d1e2fb0090 0000000000000000
0x00007ffd28e843c0:   000000000000000b 00007f5e53756590
0x00007ffd28e843d0:   00007f5e52f39cc0 0000000005d4073c
0x00007ffd28e843e0:   00007f5e537553a8 0000000000000000 

Instructions: (pc=0x00007f5e52250b82)
0x00007f5e52250b62:   00 48 89 45 c8 31 c0 e8 42 e4 8f ff 44 8b 28 49
0x00007f5e52250b72:   89 c4 48 8d 05 cd a9 65 00 8b 38 e8 a6 e6 8f ff
0x00007f5e52250b82:   48 8b 98 10 01 00 00 8b 83 a8 00 00 00 83 f8 01
0x00007f5e52250b92:   74 2c 48 8b 45 c8 64 48 33 04 25 28 00 00 00 45 

Register to memory mapping:

RAX=0x0000000000000000 is an unknown value
RBX=0x00007f5e53730700 is pointing into the stack for thread: 0x00007f5e4c00b800
RCX=0x00007f5e528f8d2d: <offset 0x8d2d> in /lib/x86_64-linux-gnu/libpthread.so.0 at 0x00007f5e528f0000
RDX=0x00007f5e537326a0 is an unknown value
RSP=0x00007ffd28e841f0 is an unknown value
RBP=0x00007ffd28e842b0 is an unknown value
RSI=0x00007ffd28e843f0 is an unknown value
RDI=0x0000000000000001 is an unknown value
R8 =0x00000000000000ca is an unknown value
R9 =0x00007f5e537309d0 is pointing into the stack for thread: 0x00007f5e4c00b800
R10=0x0000000000000000 is an unknown value
R11=0x0000000000000246 is an unknown value
R12=0x00007f5e53732300 is an unknown value
R13=0x0000000000000000 is an unknown value
R14=0x00007ffd28e843f0 is an unknown value
R15=0x00007ffd28e842c0 is an unknown value


Stack: [0x00007ffd28d8a000,0x00007ffd28e8a000],  sp=0x00007ffd28e841f0,  free space=1000k
Native frames: (J=compiled Java code, j=interpreted, Vv=VM code, C=native code)
V  [libjvm.so+0x8f1b82]
C  [libc.so.6+0x3efd0]


---------------  P R O C E S S  ---------------

VM state:not at safepoint (normal execution)

VM Mutex/Monitor currently owned by a thread: None

heap address: 0x0000000085000000, size: 1968 MB, Compressed Oops mode: 32-bit
Narrow klass base: 0x0000000000000000, Narrow klass shift: 3
Compressed class space size: 1073741824 Address: 0x0000000100000000

Heap:
 PSYoungGen      total 36864K, used 36214K [0x00000000d7000000, 0x00000000db800000, 0x0000000100000000)
  eden space 31744K, 98% used [0x00000000d7000000,0x00000000d8e62e30,0x00000000d8f00000)
  from space 5120K, 99% used [0x00000000d9400000,0x00000000d98facc0,0x00000000d9900000)
  to   space 5120K, 0% used [0x00000000d8f00000,0x00000000d8f00000,0x00000000d9400000)
 ParOldGen       total 84992K, used 1372K [0x0000000085000000, 0x000000008a300000, 0x00000000d7000000)
  object space 84992K, 1% used [0x0000000085000000,0x0000000085157068,0x000000008a300000)
 Metaspace       used 13954K, capacity 14170K, committed 14464K, reserved 1062912K
  class space    used 1713K, capacity 1799K, committed 1920K, reserved 1048576K

Card table byte_map: [0x00007f5e3c65e000,0x00007f5e3ca37000] byte_map_base: 0x00007f5e3c236000

Marking Bits: (ParMarkBitMap*) 0x00007f5e528d33c0
 Begin Bits: [0x00007f5e1c280000, 0x00007f5e1e140000)
 End Bits:   [0x00007f5e1e140000, 0x00007f5e20000000)

Polling page: 0x00007f5e53754000

CodeCache: size=245760Kb used=5964Kb max_used=5964Kb free=239795Kb
 bounds [0x00007f5e3cdf7000, 0x00007f5e3d3d7000, 0x00007f5e4bdf7000]
 total_blobs=1982 nmethods=1667 adapters=229
 compilation: enabled

Compilation events (10 events):
Event: 1.116 Thread 0x00007f5e4c0c4800 nmethod 1658 0x00007f5e3d3cc690 code [0x00007f5e3d3cc7e0, 0x00007f5e3d3cc858]
Event: 1.116 Thread 0x00007f5e4c0c6800 nmethod 1659 0x00007f5e3d3cc8d0 code [0x00007f5e3d3cca20, 0x00007f5e3d3ccab8]
Event: 1.117 Thread 0x00007f5e4c0c8800 1660       3       com.google.inject.internal.BindingImpl::acceptScopingVisitor (9 bytes)
Event: 1.117 Thread 0x00007f5e4c0c8800 nmethod 1660 0x00007f5e3d3cc210 code [0x00007f5e3d3cc380, 0x00007f5e3d3cc5a8]
Event: 1.117 Thread 0x00007f5e4c0c8800 1661       3       org.eclipse.sisu.inject.DefaultBeanLocator::fetchBindings (89 bytes)
Event: 1.118 Thread 0x00007f5e4c0c8800 nmethod 1661 0x00007f5e3d3ca0d0 code [0x00007f5e3d3ca360, 0x00007f5e3d3cb7e8]
Event: 1.118 Thread 0x00007f5e4c0c8800 1662       3       org.eclipse.sisu.inject.MildValues::get (28 bytes)
Event: 1.118 Thread 0x00007f5e4c0c8800 nmethod 1662 0x00007f5e3d3c9a10 code [0x00007f5e3d3c9ba0, 0x00007f5e3d3c9fb8]
Event: 1.118 Thread 0x00007f5e4c0c8800 1663       3       org.eclipse.sisu.space.NamedClass::load (14 bytes)
Event: 1.118 Thread 0x00007f5e4c0c8800 nmethod 1663 0x00007f5e3d3ccb50 code [0x00007f5e3d3ccd00, 0x00007f5e3d3cd228]

GC Heap History (4 events):
Event: 0.448 GC heap before
{Heap before GC invocations=1 (full 0):
 PSYoungGen      total 36864K, used 31744K [0x00000000d7000000, 0x00000000d9900000, 0x0000000100000000)
  eden space 31744K, 100% used [0x00000000d7000000,0x00000000d8f00000,0x00000000d8f00000)
  from space 5120K, 0% used [0x00000000d9400000,0x00000000d9400000,0x00000000d9900000)
  to   space 5120K, 0% used [0x00000000d8f00000,0x00000000d8f00000,0x00000000d9400000)
 ParOldGen       total 84992K, used 0K [0x0000000085000000, 0x000000008a300000, 0x00000000d7000000)
  object space 84992K, 0% used [0x0000000085000000,0x0000000085000000,0x000000008a300000)
 Metaspace       used 7975K, capacity 8124K, committed 8320K, reserved 1056768K
  class space    used 967K, capacity 1048K, committed 1152K, reserved 1048576K
Event: 0.451 GC heap after
Heap after GC invocations=1 (full 0):
 PSYoungGen      total 36864K, used 4768K [0x00000000d7000000, 0x00000000d9900000, 0x0000000100000000)
  eden space 31744K, 0% used [0x00000000d7000000,0x00000000d7000000,0x00000000d8f00000)
  from space 5120K, 93% used [0x00000000d8f00000,0x00000000d93a8108,0x00000000d9400000)
  to   space 5120K, 0% used [0x00000000d9400000,0x00000000d9400000,0x00000000d9900000)
 ParOldGen       total 84992K, used 8K [0x0000000085000000, 0x000000008a300000, 0x00000000d7000000)
  object space 84992K, 0% used [0x0000000085000000,0x0000000085002000,0x000000008a300000)
 Metaspace       used 7975K, capacity 8124K, committed 8320K, reserved 1056768K
  class space    used 967K, capacity 1048K, committed 1152K, reserved 1048576K
}
Event: 0.700 GC heap before
{Heap before GC invocations=2 (full 0):
 PSYoungGen      total 36864K, used 36512K [0x00000000d7000000, 0x00000000d9900000, 0x0000000100000000)
  eden space 31744K, 100% used [0x00000000d7000000,0x00000000d8f00000,0x00000000d8f00000)
  from space 5120K, 93% used [0x00000000d8f00000,0x00000000d93a8108,0x00000000d9400000)
  to   space 5120K, 0% used [0x00000000d9400000,0x00000000d9400000,0x00000000d9900000)
 ParOldGen       total 84992K, used 8K [0x0000000085000000, 0x000000008a300000, 0x00000000d7000000)
  object space 84992K, 0% used [0x0000000085000000,0x0000000085002000,0x000000008a300000)
 Metaspace       used 11275K, capacity 11458K, committed 11520K, reserved 1058816K
  class space    used 1379K, capacity 1475K, committed 1536K, reserved 1048576K
Event: 0.704 GC heap after
Heap after GC invocations=2 (full 0):
 PSYoungGen      total 36864K, used 5099K [0x00000000d7000000, 0x00000000db800000, 0x0000000100000000)
  eden space 31744K, 0% used [0x00000000d7000000,0x00000000d7000000,0x00000000d8f00000)
  from space 5120K, 99% used [0x00000000d9400000,0x00000000d98facc0,0x00000000d9900000)
  to   space 5120K, 0% used [0x00000000d8f00000,0x00000000d8f00000,0x00000000d9400000)
 ParOldGen       total 84992K, used 1372K [0x0000000085000000, 0x000000008a300000, 0x00000000d7000000)
  object space 84992K, 1% used [0x0000000085000000,0x0000000085157068,0x000000008a300000)
 Metaspace       used 11275K, capacity 11458K, committed 11520K, reserved 1058816K
  class space    used 1379K, capacity 1475K, committed 1536K, reserved 1048576K
}

Deoptimization events (10 events):
Event: 0.419 Thread 0x00007f5e4c00b800 Uncommon trap: reason=unstable_if action=reinterpret pc=0x00007f5e3d0b1b4c method=sun.nio.cs.StreamDecoder.implRead([CII)I @ 71
Event: 0.426 Thread 0x00007f5e4c00b800 Uncommon trap: reason=unstable_if action=reinterpret pc=0x00007f5e3d0bdb48 method=sun.nio.cs.StreamDecoder.implRead([CII)I @ 71
Event: 0.430 Thread 0x00007f5e4c00b800 Uncommon trap: reason=unstable_if action=reinterpret pc=0x00007f5e3d0adde4 method=sun.nio.cs.StreamDecoder.implRead([CII)I @ 197
Event: 0.430 Thread 0x00007f5e4c00b800 Uncommon trap: reason=unstable_if action=reinterpret pc=0x00007f5e3d0ab85c method=java.io.Reader.read()I @ 12
Event: 0.433 Thread 0x00007f5e4c00b800 Uncommon trap: reason=unstable_if action=reinterpret pc=0x00007f5e3d0b82ac method=org.codehaus.plexus.util.xml.pull.MXParser.nextImpl()I @ 241
Event: 0.507 Thread 0x00007f5e4c00b800 Uncommon trap: reason=unstable_if action=reinterpret pc=0x00007f5e3d048edc method=java.util.HashMap.getNode(ILjava/lang/Object;)Ljava/util/HashMap$Node; @ 129
Event: 0.522 Thread 0x00007f5e4c00b800 Uncommon trap: reason=unstable_if action=reinterpret pc=0x00007f5e3d0ba4e8 method=java.util.HashMap.getNode(ILjava/lang/Object;)Ljava/util/HashMap$Node; @ 129
Event: 0.786 Thread 0x00007f5e4c00b800 Uncommon trap: reason=unstable_if action=reinterpret pc=0x00007f5e3d18b058 method=java.util.concurrent.ConcurrentHashMap.putVal(Ljava/lang/Object;Ljava/lang/Object;Z)Ljava/lang/Object; @ 206
Event: 0.943 Thread 0x00007f5e4c00b800 Uncommon trap: reason=unstable_if action=reinterpret pc=0x00007f5e3d2f73ec method=com.google.inject.internal.asm.$Type.a(Ljava/lang/StringBuffer;Ljava/lang/Class;)V @ 127
Event: 1.089 Thread 0x00007f5e4c00b800 Uncommon trap: reason=unstable_if action=reinterpret pc=0x00007f5e3d2b1fc0 method=com.google.inject.internal.asm.$Item.a(Lcom/google/inject/internal/asm/$Item;)Z @ 345

Classes redefined (0 events):
No events

Internal exceptions (10 events):
Event: 0.344 Thread 0x00007f5e4c00b800 Exception <a 'java/lang/ArrayIndexOutOfBoundsException'> (0x00000000d85b3f28) thrown at [/build/openjdk-8-piDAoU/openjdk-8-8u252-b09/src/hotspot/src/share/vm/runtime/sharedRuntime.cpp, line 605]
Event: 0.344 Thread 0x00007f5e4c00b800 Exception <a 'java/lang/ArrayIndexOutOfBoundsException'> (0x00000000d85b5610) thrown at [/build/openjdk-8-piDAoU/openjdk-8-8u252-b09/src/hotspot/src/share/vm/runtime/sharedRuntime.cpp, line 605]
Event: 0.344 Thread 0x00007f5e4c00b800 Exception <a 'java/lang/ArrayIndexOutOfBoundsException'> (0x00000000d85b7460) thrown at [/build/openjdk-8-piDAoU/openjdk-8-8u252-b09/src/hotspot/src/share/vm/runtime/sharedRuntime.cpp, line 605]
Event: 0.344 Thread 0x00007f5e4c00b800 Exception <a 'java/lang/ArrayIndexOutOfBoundsException'> (0x00000000d85b9110) thrown at [/build/openjdk-8-piDAoU/openjdk-8-8u252-b09/src/hotspot/src/share/vm/runtime/sharedRuntime.cpp, line 605]
Event: 0.345 Thread 0x00007f5e4c00b800 Exception <a 'java/lang/ArrayIndexOutOfBoundsException'> (0x00000000d85ba850) thrown at [/build/openjdk-8-piDAoU/openjdk-8-8u252-b09/src/hotspot/src/share/vm/runtime/sharedRuntime.cpp, line 605]
Event: 0.345 Thread 0x00007f5e4c00b800 Exception <a 'java/lang/ArrayIndexOutOfBoundsException'> (0x00000000d85bc018) thrown at [/build/openjdk-8-piDAoU/openjdk-8-8u252-b09/src/hotspot/src/share/vm/runtime/sharedRuntime.cpp, line 605]
Event: 0.345 Thread 0x00007f5e4c00b800 Exception <a 'java/lang/ArrayIndexOutOfBoundsException': 113> (0x00000000d85bdd68) thrown at [/build/openjdk-8-piDAoU/openjdk-8-8u252-b09/src/hotspot/src/share/vm/interpreter/interpreterRuntime.cpp, line 368]
Event: 0.345 Thread 0x00007f5e4c00b800 Exception <a 'java/lang/ArrayIndexOutOfBoundsException': 71> (0x00000000d85bf2c0) thrown at [/build/openjdk-8-piDAoU/openjdk-8-8u252-b09/src/hotspot/src/share/vm/interpreter/interpreterRuntime.cpp, line 368]
Event: 0.992 Thread 0x00007f5e4c00b800 Exception <a 'java/lang/NoClassDefFoundError': com/google/inject/servlet/ServletModuleTargetVisitor> (0x00000000d8531868) thrown at [/build/openjdk-8-piDAoU/openjdk-8-8u252-b09/src/hotspot/src/share/vm/classfile/systemDictionary.cpp, line 199]
Event: 0.992 Thread 0x00007f5e4c00b800 Exception <a 'java/lang/NoClassDefFoundError'> (0x00000000d8531868) thrown at [/build/openjdk-8-piDAoU/openjdk-8-8u252-b09/src/hotspot/src/share/vm/prims/jvm.cpp, line 1506]

Events (10 events):
Event: 1.087 loading class java/util/concurrent/ThreadPoolExecutor$AbortPolicy done
Event: 1.087 loading class org/apache/maven/artifact/resolver/DefaultArtifactResolver$DaemonThreadCreator
Event: 1.087 loading class org/apache/maven/artifact/resolver/DefaultArtifactResolver$DaemonThreadCreator done
Event: 1.089 Thread 0x00007f5e4c00b800 Uncommon trap: trap_request=0xffffff65 fr.pc=0x00007f5e3d2b1fc0
Event: 1.089 Thread 0x00007f5e4c00b800 DEOPT PACKING pc=0x00007f5e3d2b1fc0 sp=0x00007f5e537270d0
Event: 1.089 Thread 0x00007f5e4c00b800 DEOPT UNPACKING pc=0x00007f5e3ce3c47a sp=0x00007f5e53727088 mode 2
Event: 1.100 loading class org/apache/maven/repository/legacy/WagonConfigurationException
Event: 1.100 loading class org/apache/maven/repository/legacy/WagonConfigurationException done
Event: 1.107 loading class org/eclipse/sisu/wire/EntrySetAdapter
Event: 1.107 loading class org/eclipse/sisu/wire/EntrySetAdapter done


Dynamic libraries:
85000000-8a300000 rw-p 00000000 00:00 0 
8a300000-d7000000 ---p 00000000 00:00 0 
d7000000-db800000 rw-p 00000000 00:00 0 
db800000-100000000 ---p 00000000 00:00 0 
100000000-1001e0000 rw-p 00000000 00:00 0 
1001e0000-140000000 ---p 00000000 00:00 0 
55d1e2bfd000-55d1e2bfe000 r-xp 00000000 08:01 7346196                    /usr/lib/jvm/java-8-openjdk-amd64/jre/bin/java
55d1e2dfd000-55d1e2dfe000 r--p 00000000 08:01 7346196                    /usr/lib/jvm/java-8-openjdk-amd64/jre/bin/java
55d1e2dfe000-55d1e2dff000 rw-p 00001000 08:01 7346196                    /usr/lib/jvm/java-8-openjdk-amd64/jre/bin/java
55d1e2f9a000-55d1e2fe6000 rw-p 00000000 00:00 0                          [heap]
7f5debc00000-7f5debc40000 rw-p 00000000 00:00 0 
7f5debc40000-7f5debe00000 ---p 00000000 00:00 0 
7f5debe00000-7f5dec000000 rw-p 00000000 00:00 0 
7f5dec000000-7f5dec021000 rw-p 00000000 00:00 0 
7f5dec021000-7f5df0000000 ---p 00000000 00:00 0 
7f5df0000000-7f5df0021000 rw-p 00000000 00:00 0 
7f5df0021000-7f5df4000000 ---p 00000000 00:00 0 
7f5df4000000-7f5df444e000 rw-p 00000000 00:00 0 
7f5df444e000-7f5df8000000 ---p 00000000 00:00 0 
7f5df8000000-7f5df8472000 rw-p 00000000 00:00 0 
7f5df8472000-7f5dfc000000 ---p 00000000 00:00 0 
7f5dfc000000-7f5dfc689000 rw-p 00000000 00:00 0 
7f5dfc689000-7f5e00000000 ---p 00000000 00:00 0 
7f5e00000000-7f5e002c2000 rw-p 00000000 00:00 0 
7f5e002c2000-7f5e04000000 ---p 00000000 00:00 0 
7f5e04000000-7f5e04021000 rw-p 00000000 00:00 0 
7f5e04021000-7f5e08000000 ---p 00000000 00:00 0 
7f5e08000000-7f5e08021000 rw-p 00000000 00:00 0 
7f5e08021000-7f5e0c000000 ---p 00000000 00:00 0 
7f5e0c000000-7f5e0c021000 rw-p 00000000 00:00 0 
7f5e0c021000-7f5e10000000 ---p 00000000 00:00 0 
7f5e10000000-7f5e10021000 rw-p 00000000 00:00 0 
7f5e10021000-7f5e14000000 ---p 00000000 00:00 0 
7f5e14000000-7f5e14021000 rw-p 00000000 00:00 0 
7f5e14021000-7f5e18000000 ---p 00000000 00:00 0 
7f5e18000000-7f5e18021000 rw-p 00000000 00:00 0 
7f5e18021000-7f5e1c000000 ---p 00000000 00:00 0 
7f5e1c080000-7f5e1c280000 rw-p 00000000 00:00 0 
7f5e1c280000-7f5e20000000 rw-p 00000000 00:00 0 
7f5e20000000-7f5e20021000 rw-p 00000000 00:00 0 
7f5e20021000-7f5e24000000 ---p 00000000 00:00 0 
7f5e24000000-7f5e24021000 rw-p 00000000 00:00 0 
7f5e24021000-7f5e28000000 ---p 00000000 00:00 0 
7f5e28000000-7f5e28021000 rw-p 00000000 00:00 0 
7f5e28021000-7f5e2c000000 ---p 00000000 00:00 0 
7f5e2c000000-7f5e2c021000 rw-p 00000000 00:00 0 
7f5e2c021000-7f5e30000000 ---p 00000000 00:00 0 
7f5e30000000-7f5e30021000 rw-p 00000000 00:00 0 
7f5e30021000-7f5e34000000 ---p 00000000 00:00 0 
7f5e34000000-7f5e34021000 rw-p 00000000 00:00 0 
7f5e34021000-7f5e38000000 ---p 00000000 00:00 0 
7f5e38074000-7f5e380a0000 r--s 00208000 08:01 6161432                    /usr/share/java/guava.jar
7f5e380a0000-7f5e380a4000 r--s 00027000 08:01 6161466                    /usr/share/java/maven-resolver-impl.jar
7f5e380a4000-7f5e380a5000 r--s 00003000 08:01 6161812                    /usr/share/java/plexus-cipher.jar
7f5e380a5000-7f5e380aa000 r--s 00021000 08:01 6161472                    /usr/share/java/maven-resolver-util.jar
7f5e380aa000-7f5e380ac000 r--s 00001000 08:01 6163070                    /usr/share/java/maven3-builder-support.jar
7f5e380ac000-7f5e380b0000 r--s 0001f000 08:01 6161464                    /usr/share/java/maven-resolver-api.jar
7f5e380b0000-7f5e380b3000 r--s 00007000 08:01 6163731                    /usr/share/java/maven3-settings-builder.jar
7f5e380b3000-7f5e380b6000 r--s 0000a000 08:01 6163060                    /usr/share/java/maven3-artifact.jar
7f5e380b6000-7f5e380ba000 r--s 0003b000 08:01 6161460                    /usr/share/java/plexus-utils2.jar
7f5e380ba000-7f5e380bd000 r--s 00024000 08:01 6161727                    /usr/share/java/maven-shared-utils.jar
7f5e380bd000-7f5e380be000 r--s 00004000 08:01 6163777                    /usr/share/java/maven3-slf4j-provider.jar
7f5e380be000-7f5e380c0000 r--s 0000a000 08:01 6163108                    /usr/share/java/maven3-plugin-api.jar
7f5e380c0000-7f5e380c2000 r--s 00006000 08:01 6161907                    /usr/share/java/plexus-sec-dispatcher.jar
7f5e380c2000-7f5e380ef000 r--s 001ce000 08:01 6164040                    /usr/share/java/wagon-http-shaded-3.0.0.jar
7f5e380ef000-7f5e380f1000 r--s 00000000 08:01 6161901                    /usr/share/java/plexus-component-annotations.jar
7f5e380f1000-7f5e380f3000 r--s 00009000 08:01 6162118                    /usr/share/java/slf4j-api.jar
7f5e380f3000-7f5e380f5000 r--s 0000b000 08:01 6161462                    /usr/share/java/wagon-provider-api.jar
7f5e380f5000-7f5e380fa000 r--s 00030000 08:01 6161402                    /usr/share/java/commons-io.jar
7f5e380fa000-7f5e380fb000 r--s 00002000 08:01 6161428                    /usr/share/java/geronimo-annotation-1.3-spec.jar
7f5e380fb000-7f5e38101000 r--s 0002d000 08:01 6163029                    /usr/share/java/sisu-plexus.jar
7f5e38101000-7f5e38103000 r--s 00007000 08:01 6161458                    /usr/share/java/jansi.jar
7f5e38103000-7f5e38104000 r--s 00006000 08:01 6163110                    /usr/share/java/maven3-repository-metadata.jar
7f5e38104000-7f5e38106000 r--s 00005000 08:01 6161471                    /usr/share/java/maven-resolver-transport-wagon.jar
7f5e38106000-7f5e3810d000 r--s 00041000 08:01 6163100                    /usr/share/java/maven3-compat.jar
7f5e3810d000-7f5e38110000 r--s 00015000 08:01 6163102                    /usr/share/java/maven3-embedder.jar
7f5e38110000-7f5e38115000 r--s 00025000 08:01 6163103                    /usr/share/java/maven3-model-builder.jar
7f5e38115000-7f5e38117000 r--s 0000a000 08:01 6161067                    /usr/share/java/commons-cli.jar
7f5e38117000-7f5e3811a000 r--s 00011000 08:01 6161904                    /usr/share/java/plexus-interpolation.jar
7f5e3811a000-7f5e3811c000 r--s 00001000 08:01 6161434                    /usr/share/java/aopalliance-1.0.jar
7f5e3811c000-7f5e3811d000 r--s 00000000 08:01 6160796                    /usr/share/java/atinject-jsr330-api-1.0.jar
7f5e3811d000-7f5e3811e000 r--s 00001000 08:01 6160983                    /usr/share/java/geronimo-interceptor-3.0-spec.jar
7f5e3811e000-7f5e3811f000 r--s 00000000 08:01 6160796                    /usr/share/java/atinject-jsr330-api-1.0.jar
7f5e3811f000-7f5e38122000 r--s 0000e000 08:01 6161028                    /usr/share/java/cdi-api.jar
7f5e38122000-7f5e38124000 r--s 00008000 08:01 6161465                    /usr/share/java/maven-resolver-connector-basic.jar
7f5e38124000-7f5e3812b000 r--s 00054000 08:01 6162904                    /usr/share/java/sisu-inject.jar
7f5e3812b000-7f5e38138000 r--s 0008b000 08:01 6163101                    /usr/share/java/maven3-core.jar
7f5e38138000-7f5e3813a000 r--s 00003000 08:01 6161930                    /usr/share/java/jcl-over-slf4j.jar
7f5e3813a000-7f5e38142000 r--s 00072000 08:01 6161404                    /usr/share/java/commons-lang3.jar
7f5e38142000-7f5e38145000 r--s 00027000 08:01 6163104                    /usr/share/java/maven3-model.jar
7f5e38145000-7f5e38153000 r--s 0009a000 08:01 6161444                    /usr/share/java/guice.jar
7f5e38153000-7f5e38184000 rw-p 00000000 00:00 0 
7f5e38184000-7f5e3819b000 r-xp 00000000 08:01 7867453                    /usr/lib/jvm/java-8-openjdk-amd64/jre/lib/amd64/libnet.so
7f5e3819b000-7f5e3839a000 ---p 00017000 08:01 7867453                    /usr/lib/jvm/java-8-openjdk-amd64/jre/lib/amd64/libnet.so
7f5e3839a000-7f5e3839b000 r--p 00016000 08:01 7867453                    /usr/lib/jvm/java-8-openjdk-amd64/jre/lib/amd64/libnet.so
7f5e3839b000-7f5e3839c000 rw-p 00017000 08:01 7867453                    /usr/lib/jvm/java-8-openjdk-amd64/jre/lib/amd64/libnet.so
7f5e3839c000-7f5e383ae000 r-xp 00000000 08:01 7867454                    /usr/lib/jvm/java-8-openjdk-amd64/jre/lib/amd64/libnio.so
7f5e383ae000-7f5e385ad000 ---p 00012000 08:01 7867454                    /usr/lib/jvm/java-8-openjdk-amd64/jre/lib/amd64/libnio.so
7f5e385ad000-7f5e385ae000 r--p 00011000 08:01 7867454                    /usr/lib/jvm/java-8-openjdk-amd64/jre/lib/amd64/libnio.so
7f5e385ae000-7f5e385af000 rw-p 00012000 08:01 7867454                    /usr/lib/jvm/java-8-openjdk-amd64/jre/lib/amd64/libnio.so
7f5e385af000-7f5e385ca000 r--s 00394000 08:01 7869398                    /usr/lib/jvm/java-8-openjdk-amd64/jre/lib/ext/cldrdata.jar
7f5e385ca000-7f5e385e5000 r--s 001d6000 08:01 7869671                    /usr/lib/jvm/java-8-openjdk-amd64/jre/lib/ext/nashorn.jar
7f5e385e5000-7f5e385e6000 ---p 00000000 00:00 0 
7f5e385e6000-7f5e386e6000 rw-p 00000000 00:00 0 
7f5e386e6000-7f5e386e9000 ---p 00000000 00:00 0 
7f5e386e9000-7f5e387e7000 rw-p 00000000 00:00 0 
7f5e387e7000-7f5e387e8000 ---p 00000000 00:00 0 
7f5e387e8000-7f5e387eb000 ---p 00000000 00:00 0 
7f5e387eb000-7f5e388e8000 rw-p 00000000 00:00 0 
7f5e388e8000-7f5e388e9000 ---p 00000000 00:00 0 
7f5e388e9000-7f5e388ec000 ---p 00000000 00:00 0 
7f5e388ec000-7f5e389e9000 rw-p 00000000 00:00 0 
7f5e389e9000-7f5e389ea000 ---p 00000000 00:00 0 
7f5e389ea000-7f5e389ed000 ---p 00000000 00:00 0 
7f5e389ed000-7f5e38aea000 rw-p 00000000 00:00 0 
7f5e38aea000-7f5e38aeb000 ---p 00000000 00:00 0 
7f5e38aeb000-7f5e38aee000 ---p 00000000 00:00 0 
7f5e38aee000-7f5e38beb000 rw-p 00000000 00:00 0 
7f5e38beb000-7f5e38bee000 ---p 00000000 00:00 0 
7f5e38bee000-7f5e38cec000 rw-p 00000000 00:00 0 
7f5e38cec000-7f5e38fca000 r--p 00000000 08:01 5770205                    /usr/lib/locale/locale-archive
7f5e38fca000-7f5e38fcd000 ---p 00000000 00:00 0 
7f5e38fcd000-7f5e390cb000 rw-p 00000000 00:00 0 
7f5e390cb000-7f5e390ce000 ---p 00000000 00:00 0 
7f5e390ce000-7f5e391cc000 rw-p 00000000 00:00 0 
7f5e391cc000-7f5e391cd000 ---p 00000000 00:00 0 
7f5e391cd000-7f5e3af1d000 rw-p 00000000 00:00 0 
7f5e3af1d000-7f5e3b0ef000 r--s 03ca5000 08:01 7869694                    /usr/lib/jvm/java-8-openjdk-amd64/jre/lib/rt.jar
7f5e3b0ef000-7f5e3bcc7000 rw-p 00000000 00:00 0 
7f5e3bcc7000-7f5e3bcc8000 ---p 00000000 00:00 0 
7f5e3bcc8000-7f5e3bdc8000 rw-p 00000000 00:00 0 
7f5e3bdc8000-7f5e3bdc9000 ---p 00000000 00:00 0 
7f5e3bdc9000-7f5e3bec9000 rw-p 00000000 00:00 0 
7f5e3bec9000-7f5e3beca000 ---p 00000000 00:00 0 
7f5e3beca000-7f5e3bfca000 rw-p 00000000 00:00 0 
7f5e3bfca000-7f5e3bfcb000 ---p 00000000 00:00 0 
7f5e3bfcb000-7f5e3c0cb000 rw-p 00000000 00:00 0 
7f5e3c0cb000-7f5e3c0cc000 ---p 00000000 00:00 0 
7f5e3c0cc000-7f5e3c1cc000 rw-p 00000000 00:00 0 
7f5e3c1cc000-7f5e3c1cd000 ---p 00000000 00:00 0 
7f5e3c1cd000-7f5e3c2cd000 rw-p 00000000 00:00 0 
7f5e3c2cd000-7f5e3c2ce000 ---p 00000000 00:00 0 
7f5e3c2ce000-7f5e3c3f8000 rw-p 00000000 00:00 0 
7f5e3c3f8000-7f5e3c65e000 ---p 00000000 00:00 0 
7f5e3c65e000-7f5e3c688000 rw-p 00000000 00:00 0 
7f5e3c688000-7f5e3c8ee000 ---p 00000000 00:00 0 
7f5e3c8ee000-7f5e3c912000 rw-p 00000000 00:00 0 
7f5e3c912000-7f5e3ca36000 ---p 00000000 00:00 0 
7f5e3ca36000-7f5e3ca4f000 rw-p 00000000 00:00 0 
7f5e3ca4f000-7f5e3cdf7000 ---p 00000000 00:00 0 
7f5e3cdf7000-7f5e3d3d7000 rwxp 00000000 00:00 0 
7f5e3d3d7000-7f5e4bdf7000 ---p 00000000 00:00 0 
7f5e4bdf7000-7f5e4bdff000 r-xp 00000000 08:01 7868230                    /usr/lib/jvm/java-8-openjdk-amd64/jre/lib/amd64/libzip.so
7f5e4bdff000-7f5e4bffe000 ---p 00008000 08:01 7868230                    /usr/lib/jvm/java-8-openjdk-amd64/jre/lib/amd64/libzip.so
7f5e4bffe000-7f5e4bfff000 r--p 00007000 08:01 7868230                    /usr/lib/jvm/java-8-openjdk-amd64/jre/lib/amd64/libzip.so
7f5e4bfff000-7f5e4c000000 rw-p 00008000 08:01 7868230                    /usr/lib/jvm/java-8-openjdk-amd64/jre/lib/amd64/libzip.so
7f5e4c000000-7f5e4c931000 rw-p 00000000 00:00 0 
7f5e4c931000-7f5e50000000 ---p 00000000 00:00 0 
7f5e50000000-7f5e50097000 rw-p 00000000 00:00 0 
7f5e50097000-7f5e50098000 ---p 00000000 00:00 0 
7f5e50098000-7f5e50198000 rw-p 00000000 00:00 0 
7f5e50198000-7f5e501a3000 r-xp 00000000 08:01 40639752                   /lib/x86_64-linux-gnu/libnss_files-2.27.so
7f5e501a3000-7f5e503a2000 ---p 0000b000 08:01 40639752                   /lib/x86_64-linux-gnu/libnss_files-2.27.so
7f5e503a2000-7f5e503a3000 r--p 0000a000 08:01 40639752                   /lib/x86_64-linux-gnu/libnss_files-2.27.so
7f5e503a3000-7f5e503a4000 rw-p 0000b000 08:01 40639752                   /lib/x86_64-linux-gnu/libnss_files-2.27.so
7f5e503a4000-7f5e503aa000 rw-p 00000000 00:00 0 
7f5e503aa000-7f5e503c1000 r-xp 00000000 08:01 40639749                   /lib/x86_64-linux-gnu/libnsl-2.27.so
7f5e503c1000-7f5e505c0000 ---p 00017000 08:01 40639749                   /lib/x86_64-linux-gnu/libnsl-2.27.so
7f5e505c0000-7f5e505c1000 r--p 00016000 08:01 40639749                   /lib/x86_64-linux-gnu/libnsl-2.27.so
7f5e505c1000-7f5e505c2000 rw-p 00017000 08:01 40639749                   /lib/x86_64-linux-gnu/libnsl-2.27.so
7f5e505c2000-7f5e505c4000 rw-p 00000000 00:00 0 
7f5e505c4000-7f5e505cf000 r-xp 00000000 08:01 40639754                   /lib/x86_64-linux-gnu/libnss_nis-2.27.so
7f5e505cf000-7f5e507ce000 ---p 0000b000 08:01 40639754                   /lib/x86_64-linux-gnu/libnss_nis-2.27.so
7f5e507ce000-7f5e507cf000 r--p 0000a000 08:01 40639754                   /lib/x86_64-linux-gnu/libnss_nis-2.27.so
7f5e507cf000-7f5e507d0000 rw-p 0000b000 08:01 40639754                   /lib/x86_64-linux-gnu/libnss_nis-2.27.so
7f5e507d0000-7f5e507d8000 r-xp 00000000 08:01 40639750                   /lib/x86_64-linux-gnu/libnss_compat-2.27.so
7f5e507d8000-7f5e509d8000 ---p 00008000 08:01 40639750                   /lib/x86_64-linux-gnu/libnss_compat-2.27.so
7f5e509d8000-7f5e509d9000 r--p 00008000 08:01 40639750                   /lib/x86_64-linux-gnu/libnss_compat-2.27.so
7f5e509d9000-7f5e509da000 rw-p 00009000 08:01 40639750                   /lib/x86_64-linux-gnu/libnss_compat-2.27.so
7f5e509da000-7f5e50a04000 r-xp 00000000 08:01 7867420                    /usr/lib/jvm/java-8-openjdk-amd64/jre/lib/amd64/libjava.so
7f5e50a04000-7f5e50c03000 ---p 0002a000 08:01 7867420                    /usr/lib/jvm/java-8-openjdk-amd64/jre/lib/amd64/libjava.so
7f5e50c03000-7f5e50c04000 r--p 00029000 08:01 7867420                    /usr/lib/jvm/java-8-openjdk-amd64/jre/lib/amd64/libjava.so
7f5e50c04000-7f5e50c06000 rw-p 0002a000 08:01 7867420                    /usr/lib/jvm/java-8-openjdk-amd64/jre/lib/amd64/libjava.so
7f5e50c06000-7f5e50c16000 r-xp 00000000 08:01 7868229                    /usr/lib/jvm/java-8-openjdk-amd64/jre/lib/amd64/libverify.so
7f5e50c16000-7f5e50e15000 ---p 00010000 08:01 7868229                    /usr/lib/jvm/java-8-openjdk-amd64/jre/lib/amd64/libverify.so
7f5e50e15000-7f5e50e17000 r--p 0000f000 08:01 7868229                    /usr/lib/jvm/java-8-openjdk-amd64/jre/lib/amd64/libverify.so
7f5e50e17000-7f5e50e18000 rw-p 00011000 08:01 7868229                    /usr/lib/jvm/java-8-openjdk-amd64/jre/lib/amd64/libverify.so
7f5e50e18000-7f5e50e1f000 r-xp 00000000 08:01 40639759                   /lib/x86_64-linux-gnu/librt-2.27.so
7f5e50e1f000-7f5e5101e000 ---p 00007000 08:01 40639759                   /lib/x86_64-linux-gnu/librt-2.27.so
7f5e5101e000-7f5e5101f000 r--p 00006000 08:01 40639759                   /lib/x86_64-linux-gnu/librt-2.27.so
7f5e5101f000-7f5e51020000 rw-p 00007000 08:01 40639759                   /lib/x86_64-linux-gnu/librt-2.27.so
7f5e51020000-7f5e51037000 r-xp 00000000 08:01 40632376                   /lib/x86_64-linux-gnu/libgcc_s.so.1
7f5e51037000-7f5e51236000 ---p 00017000 08:01 40632376                   /lib/x86_64-linux-gnu/libgcc_s.so.1
7f5e51236000-7f5e51237000 r--p 00016000 08:01 40632376                   /lib/x86_64-linux-gnu/libgcc_s.so.1
7f5e51237000-7f5e51238000 rw-p 00017000 08:01 40632376                   /lib/x86_64-linux-gnu/libgcc_s.so.1
7f5e51238000-7f5e513d5000 r-xp 00000000 08:01 40639746                   /lib/x86_64-linux-gnu/libm-2.27.so
7f5e513d5000-7f5e515d4000 ---p 0019d000 08:01 40639746                   /lib/x86_64-linux-gnu/libm-2.27.so
7f5e515d4000-7f5e515d5000 r--p 0019c000 08:01 40639746                   /lib/x86_64-linux-gnu/libm-2.27.so
7f5e515d5000-7f5e515d6000 rw-p 0019d000 08:01 40639746                   /lib/x86_64-linux-gnu/libm-2.27.so
7f5e515d6000-7f5e5174f000 r-xp 00000000 08:01 5770210                    /usr/lib/x86_64-linux-gnu/libstdc++.so.6.0.25
7f5e5174f000-7f5e5194f000 ---p 00179000 08:01 5770210                    /usr/lib/x86_64-linux-gnu/libstdc++.so.6.0.25
7f5e5194f000-7f5e51959000 r--p 00179000 08:01 5770210                    /usr/lib/x86_64-linux-gnu/libstdc++.so.6.0.25
7f5e51959000-7f5e5195b000 rw-p 00183000 08:01 5770210                    /usr/lib/x86_64-linux-gnu/libstdc++.so.6.0.25
7f5e5195b000-7f5e5195f000 rw-p 00000000 00:00 0 
7f5e5195f000-7f5e52603000 r-xp 00000000 08:01 7869319                    /usr/lib/jvm/java-8-openjdk-amd64/jre/lib/amd64/server/libjvm.so
7f5e52603000-7f5e52803000 ---p 00ca4000 08:01 7869319                    /usr/lib/jvm/java-8-openjdk-amd64/jre/lib/amd64/server/libjvm.so
7f5e52803000-7f5e52897000 r--p 00ca4000 08:01 7869319                    /usr/lib/jvm/java-8-openjdk-amd64/jre/lib/amd64/server/libjvm.so
7f5e52897000-7f5e528c0000 rw-p 00d38000 08:01 7869319                    /usr/lib/jvm/java-8-openjdk-amd64/jre/lib/amd64/server/libjvm.so
7f5e528c0000-7f5e528f0000 rw-p 00000000 00:00 0 
7f5e528f0000-7f5e5290a000 r-xp 00000000 08:01 40639757                   /lib/x86_64-linux-gnu/libpthread-2.27.so
7f5e5290a000-7f5e52b09000 ---p 0001a000 08:01 40639757                   /lib/x86_64-linux-gnu/libpthread-2.27.so
7f5e52b09000-7f5e52b0a000 r--p 00019000 08:01 40639757                   /lib/x86_64-linux-gnu/libpthread-2.27.so
7f5e52b0a000-7f5e52b0b000 rw-p 0001a000 08:01 40639757                   /lib/x86_64-linux-gnu/libpthread-2.27.so
7f5e52b0b000-7f5e52b0f000 rw-p 00000000 00:00 0 
7f5e52b0f000-7f5e52b12000 r-xp 00000000 08:01 40639745                   /lib/x86_64-linux-gnu/libdl-2.27.so
7f5e52b12000-7f5e52d11000 ---p 00003000 08:01 40639745                   /lib/x86_64-linux-gnu/libdl-2.27.so
7f5e52d11000-7f5e52d12000 r--p 00002000 08:01 40639745                   /lib/x86_64-linux-gnu/libdl-2.27.so
7f5e52d12000-7f5e52d13000 rw-p 00003000 08:01 40639745                   /lib/x86_64-linux-gnu/libdl-2.27.so
7f5e52d13000-7f5e52d2f000 r-xp 00000000 08:01 40637232                   /lib/x86_64-linux-gnu/libz.so.1.2.11
7f5e52d2f000-7f5e52f2e000 ---p 0001c000 08:01 40637232                   /lib/x86_64-linux-gnu/libz.so.1.2.11
7f5e52f2e000-7f5e52f2f000 r--p 0001b000 08:01 40637232                   /lib/x86_64-linux-gnu/libz.so.1.2.11
7f5e52f2f000-7f5e52f30000 rw-p 0001c000 08:01 40637232                   /lib/x86_64-linux-gnu/libz.so.1.2.11
7f5e52f30000-7f5e53117000 r-xp 00000000 08:01 40639742                   /lib/x86_64-linux-gnu/libc-2.27.so
7f5e53117000-7f5e53317000 ---p 001e7000 08:01 40639742                   /lib/x86_64-linux-gnu/libc-2.27.so
7f5e53317000-7f5e5331b000 r--p 001e7000 08:01 40639742                   /lib/x86_64-linux-gnu/libc-2.27.so
7f5e5331b000-7f5e5331d000 rw-p 001eb000 08:01 40639742                   /lib/x86_64-linux-gnu/libc-2.27.so
7f5e5331d000-7f5e53321000 rw-p 00000000 00:00 0 
7f5e53321000-7f5e5332f000 r-xp 00000000 08:01 7866329                    /usr/lib/jvm/java-8-openjdk-amd64/jre/lib/amd64/jli/libjli.so
7f5e5332f000-7f5e5352e000 ---p 0000e000 08:01 7866329                    /usr/lib/jvm/java-8-openjdk-amd64/jre/lib/amd64/jli/libjli.so
7f5e5352e000-7f5e5352f000 r--p 0000d000 08:01 7866329                    /usr/lib/jvm/java-8-openjdk-amd64/jre/lib/amd64/jli/libjli.so
7f5e5352f000-7f5e53530000 rw-p 0000e000 08:01 7866329                    /usr/lib/jvm/java-8-openjdk-amd64/jre/lib/amd64/jli/libjli.so
7f5e53530000-7f5e53557000 r-xp 00000000 08:01 40639737                   /lib/x86_64-linux-gnu/ld-2.27.so
7f5e53557000-7f5e53558000 r--s 0000a000 08:01 6163736                    /usr/share/java/maven3-settings.jar
7f5e53558000-7f5e53559000 r--s 00001000 08:01 6164038                    /usr/share/java/wagon-file.jar
7f5e53559000-7f5e5355b000 r--s 00006000 08:01 6161467                    /usr/share/java/maven-resolver-spi.jar
7f5e5355b000-7f5e5355d000 r--s 0000d000 08:01 6163468                    /usr/share/java/maven3-resolver-provider.jar
7f5e5355d000-7f5e5355f000 r--s 0000b000 08:01 6161862                    /usr/share/java/plexus-classworlds.jar
7f5e5355f000-7f5e53565000 r--s 0003d000 08:01 7869673                    /usr/lib/jvm/java-8-openjdk-amd64/jre/lib/ext/sunjce_provider.jar
7f5e53565000-7f5e53630000 rw-p 00000000 00:00 0 
7f5e53630000-7f5e53631000 ---p 00000000 00:00 0 
7f5e53631000-7f5e53634000 ---p 00000000 00:00 0 
7f5e53634000-7f5e53733000 rw-p 00000000 00:00 0 
7f5e53733000-7f5e53735000 r--s 00001000 08:01 7869667                    /usr/lib/jvm/java-8-openjdk-amd64/jre/lib/ext/dnsns.jar
7f5e53735000-7f5e53737000 r--s 00007000 08:01 6160873                    /usr/share/java/java-atk-wrapper.jar
7f5e53737000-7f5e53741000 r--s 00116000 08:01 7869670                    /usr/lib/jvm/java-8-openjdk-amd64/jre/lib/ext/localedata.jar
7f5e53741000-7f5e53742000 r--s 0000d000 08:01 7869672                    /usr/lib/jvm/java-8-openjdk-amd64/jre/lib/ext/sunec.jar
7f5e53742000-7f5e53743000 r--s 00010000 08:01 7869675                    /usr/lib/jvm/java-8-openjdk-amd64/jre/lib/ext/zipfs.jar
7f5e53743000-7f5e53746000 r--s 0000f000 08:01 7869668                    /usr/lib/jvm/java-8-openjdk-amd64/jre/lib/ext/icedtea-sound.jar
7f5e53746000-7f5e53747000 r--s 0000a000 08:01 7869669                    /usr/lib/jvm/java-8-openjdk-amd64/jre/lib/ext/jaccess.jar
7f5e53747000-7f5e5374b000 r--s 0003a000 08:01 7869674                    /usr/lib/jvm/java-8-openjdk-amd64/jre/lib/ext/sunpkcs11.jar
7f5e5374b000-7f5e53753000 rw-s 00000000 08:01 45357607                   /tmp/hsperfdata_kael/27423
7f5e53753000-7f5e53754000 rw-p 00000000 00:00 0 
7f5e53754000-7f5e53755000 ---p 00000000 00:00 0 
7f5e53755000-7f5e53757000 rw-p 00000000 00:00 0 
7f5e53757000-7f5e53758000 r--p 00027000 08:01 40639737                   /lib/x86_64-linux-gnu/ld-2.27.so
7f5e53758000-7f5e53759000 rw-p 00028000 08:01 40639737                   /lib/x86_64-linux-gnu/ld-2.27.so
7f5e53759000-7f5e5375a000 rw-p 00000000 00:00 0 
7ffd28e69000-7ffd28e8a000 rw-p 00000000 00:00 0                          [stack]
7ffd28ee6000-7ffd28ee9000 r--p 00000000 00:00 0                          [vvar]
7ffd28ee9000-7ffd28eeb000 r-xp 00000000 00:00 0                          [vdso]
ffffffffff600000-ffffffffff601000 r-xp 00000000 00:00 0                  [vsyscall]

VM Arguments:
jvm_args: -Dclassworlds.conf=/usr/share/maven/bin/m2.conf -Dmaven.home=/usr/share/maven -Dlibrary.jansi.path=/usr/share/maven/lib/jansi-native -Dmaven.multiModuleProjectDirectory=/home/kael/Code/survivor-s3-plugins 
java_command: org.codehaus.plexus.classworlds.launcher.Launcher package
java_class_path (initial): /usr/share/maven/boot/plexus-classworlds-2.x.jar
Launcher Type: SUN_STANDARD

Environment Variables:
JAVA_HOME=/usr/lib/jvm/java-8-openjdk-amd64
JRE_HOME=/usr/lib/jvm/java-8-openjdk-amd64/jre
PATH=/home/kael/Code/survivor-s3-plugins/node_modules/.bin:/home/kael/.vscode-server/bin/17299e413d5590b14ab0340ea477cdd86ff13daf/bin:/home/kael/.local/share/umake/bin:/home/kael/.local/bin:/usr/lib/jvm/java-1.11.0-openjdk-amd64/bin:/home/kael/.vscode-server/bin/17299e413d5590b14ab0340ea477cdd86ff13daf/bin:/usr/local/sbin:/usr/local/bin:/usr/sbin:/usr/bin:/sbin:/bin:/usr/games:/usr/local/games:/snap/bin:/home/kael/Library/flutter/bin:/usr/lib/android-sdk/tools/bin:/usr/lib/android-sdk/emulator:JAVA_HOME:JRE_HOME:/home/kael/Library/flutter/bin:/usr/lib/android-sdk/tools/bin:/usr/lib/android-sdk/emulator:JAVA_HOME:JRE_HOME
SHELL=/bin/bash

Signal Handlers:
SIGSEGV: [libjvm.so+0xabd470], sa_mask[0]=11111111011111111101111111111110, sa_flags=SA_RESTART|SA_SIGINFO
SIGBUS: [libjvm.so+0xabd470], sa_mask[0]=11111111011111111101111111111110, sa_flags=SA_RESTART|SA_SIGINFO
SIGFPE: [libjvm.so+0x8f1c90], sa_mask[0]=11111111011111111101111111111110, sa_flags=SA_RESTART|SA_SIGINFO
SIGPIPE: [libjvm.so+0x8f1c90], sa_mask[0]=11111111011111111101111111111110, sa_flags=SA_RESTART|SA_SIGINFO
SIGXFSZ: [libjvm.so+0x8f1c90], sa_mask[0]=11111111011111111101111111111110, sa_flags=SA_RESTART|SA_SIGINFO
SIGILL: [libjvm.so+0x8f1c90], sa_mask[0]=11111111011111111101111111111110, sa_flags=SA_RESTART|SA_SIGINFO
SIGUSR1: SIG_DFL, sa_mask[0]=00000000000000000000000000000000, sa_flags=none
SIGUSR2: [libjvm.so+0x8f1b40], sa_mask[0]=00000000000000000000000000000000, sa_flags=SA_RESTART|SA_SIGINFO
SIGHUP: [libjvm.so+0x8f21b0], sa_mask[0]=11111111011111111101111111111110, sa_flags=SA_RESTART|SA_SIGINFO
SIGINT: [libjvm.so+0x8f21b0], sa_mask[0]=11111111011111111101111111111110, sa_flags=SA_RESTART|SA_SIGINFO
SIGTERM: [libjvm.so+0x8f21b0], sa_mask[0]=11111111011111111101111111111110, sa_flags=SA_RESTART|SA_SIGINFO
SIGQUIT: [libjvm.so+0x8f21b0], sa_mask[0]=11111111011111111101111111111110, sa_flags=SA_RESTART|SA_SIGINFO


---------------  S Y S T E M  ---------------

OS:DISTRIB_ID=Ubuntu
DISTRIB_RELEASE=18.04
DISTRIB_CODENAME=bionic
DISTRIB_DESCRIPTION="Ubuntu 18.04.4 LTS"

uname:Linux 4.15.0-111-generic #112-Ubuntu SMP Thu Jul 9 20:32:34 UTC 2020 x86_64
libc:glibc 2.27 NPTL 2.27 
rlimit: STACK 8192k, CORE 0k, NPROC 31295, NOFILE 1048576, AS infinity
load average:0.85 0.75 0.77

/proc/meminfo:
MemTotal:        8058584 kB
MemFree:          319216 kB
MemAvailable:    2941268 kB
Buffers:          644776 kB
Cached:          2403676 kB
SwapCached:            8 kB
Active:          5207792 kB
Inactive:        2064464 kB
Active(anon):    4181308 kB
Inactive(anon):   354788 kB
Active(file):    1026484 kB
Inactive(file):  1709676 kB
Unevictable:          16 kB
Mlocked:              16 kB
SwapTotal:       2097148 kB
SwapFree:        2096624 kB
Dirty:              2556 kB
Writeback:             0 kB
AnonPages:       4223756 kB
Mapped:           503496 kB
Shmem:            312288 kB
Slab:             310420 kB
SReclaimable:     190468 kB
SUnreclaim:       119952 kB
KernelStack:       13856 kB
PageTables:        52792 kB
NFS_Unstable:          0 kB
Bounce:                0 kB
WritebackTmp:          0 kB
CommitLimit:     6126440 kB
Committed_AS:    9306216 kB
VmallocTotal:   34359738367 kB
VmallocUsed:           0 kB
VmallocChunk:          0 kB
HardwareCorrupted:     0 kB
AnonHugePages:         0 kB
ShmemHugePages:        0 kB
ShmemPmdMapped:        0 kB
CmaTotal:              0 kB
CmaFree:               0 kB
HugePages_Total:       0
HugePages_Free:        0
HugePages_Rsvd:        0
HugePages_Surp:        0
Hugepagesize:       2048 kB
DirectMap4k:      339632 kB
DirectMap2M:     7940096 kB

container (cgroup) information:
container_type: cgroupv1
cpu_cpuset_cpus: 0-7
cpu_memory_nodes: 0
active_processor_count: 8
cpu_quota: -1
cpu_period: 100000
cpu_shares: -1
memory_limit_in_bytes: -1
memory_and_swap_limit_in_bytes: -2
memory_soft_limit_in_bytes: -1
memory_usage_in_bytes: 6357491712
memory_max_usage_in_bytes: 6522875904


CPU:total 8 (initial active 8) (4 cores per cpu, 2 threads per core) family 6 model 58 stepping 9, cmov, cx8, fxsr, mmx, sse, sse2, sse3, ssse3, sse4.1, sse4.2, popcnt, avx, aes, clmul, erms, ht, tsc, tscinvbit, tscinv

/proc/cpuinfo:
processor	: 0
vendor_id	: GenuineIntel
cpu family	: 6
model		: 58
model name	: Intel(R) Core(TM) i7-3740QM CPU @ 2.70GHz
stepping	: 9
microcode	: 0x21
cpu MHz		: 3402.686
cache size	: 6144 KB
physical id	: 0
siblings	: 8
core id		: 0
cpu cores	: 4
apicid		: 0
initial apicid	: 0
fpu		: yes
fpu_exception	: yes
cpuid level	: 13
wp		: yes
flags		: fpu vme de pse tsc msr pae mce cx8 apic sep mtrr pge mca cmov pat pse36 clflush dts acpi mmx fxsr sse sse2 ss ht tm pbe syscall nx rdtscp lm constant_tsc arch_perfmon pebs bts rep_good nopl xtopology nonstop_tsc cpuid aperfmperf pni pclmulqdq dtes64 monitor ds_cpl vmx smx est tm2 ssse3 cx16 xtpr pdcm pcid sse4_1 sse4_2 x2apic popcnt tsc_deadline_timer aes xsave avx f16c rdrand lahf_lm cpuid_fault epb pti ssbd ibrs ibpb stibp tpr_shadow vnmi flexpriority ept vpid fsgsbase smep erms xsaveopt dtherm ida arat pln pts md_clear flush_l1d
bugs		: cpu_meltdown spectre_v1 spectre_v2 spec_store_bypass l1tf mds swapgs itlb_multihit srbds
bogomips	: 5387.84
clflush size	: 64
cache_alignment	: 64
address sizes	: 36 bits physical, 48 bits virtual
power management:

processor	: 1
vendor_id	: GenuineIntel
cpu family	: 6
model		: 58
model name	: Intel(R) Core(TM) i7-3740QM CPU @ 2.70GHz
stepping	: 9
microcode	: 0x21
cpu MHz		: 3416.209
cache size	: 6144 KB
physical id	: 0
siblings	: 8
core id		: 1
cpu cores	: 4
apicid		: 2
initial apicid	: 2
fpu		: yes
fpu_exception	: yes
cpuid level	: 13
wp		: yes
flags		: fpu vme de pse tsc msr pae mce cx8 apic sep mtrr pge mca cmov pat pse36 clflush dts acpi mmx fxsr sse sse2 ss ht tm pbe syscall nx rdtscp lm constant_tsc arch_perfmon pebs bts rep_good nopl xtopology nonstop_tsc cpuid aperfmperf pni pclmulqdq dtes64 monitor ds_cpl vmx smx est tm2 ssse3 cx16 xtpr pdcm pcid sse4_1 sse4_2 x2apic popcnt tsc_deadline_timer aes xsave avx f16c rdrand lahf_lm cpuid_fault epb pti ssbd ibrs ibpb stibp tpr_shadow vnmi flexpriority ept vpid fsgsbase smep erms xsaveopt dtherm ida arat pln pts md_clear flush_l1d
bugs		: cpu_meltdown spectre_v1 spectre_v2 spec_store_bypass l1tf mds swapgs itlb_multihit srbds
bogomips	: 5387.84
clflush size	: 64
cache_alignment	: 64
address sizes	: 36 bits physical, 48 bits virtual
power management:

processor	: 2
vendor_id	: GenuineIntel
cpu family	: 6
model		: 58
model name	: Intel(R) Core(TM) i7-3740QM CPU @ 2.70GHz
stepping	: 9
microcode	: 0x21
cpu MHz		: 3425.109
cache size	: 6144 KB
physical id	: 0
siblings	: 8
core id		: 2
cpu cores	: 4
apicid		: 4
initial apicid	: 4
fpu		: yes
fpu_exception	: yes
cpuid level	: 13
wp		: yes
flags		: fpu vme de pse tsc msr pae mce cx8 apic sep mtrr pge mca cmov pat pse36 clflush dts acpi mmx fxsr sse sse2 ss ht tm pbe syscall nx rdtscp lm constant_tsc arch_perfmon pebs bts rep_good nopl xtopology nonstop_tsc cpuid aperfmperf pni pclmulqdq dtes64 monitor ds_cpl vmx smx est tm2 ssse3 cx16 xtpr pdcm pcid sse4_1 sse4_2 x2apic popcnt tsc_deadline_timer aes xsave avx f16c rdrand lahf_lm cpuid_fault epb pti ssbd ibrs ibpb stibp tpr_shadow vnmi flexpriority ept vpid fsgsbase smep erms xsaveopt dtherm ida arat pln pts md_clear flush_l1d
bugs		: cpu_meltdown spectre_v1 spectre_v2 spec_store_bypass l1tf mds swapgs itlb_multihit srbds
bogomips	: 5387.84
clflush size	: 64
cache_alignment	: 64
address sizes	: 36 bits physical, 48 bits virtual
power management:

processor	: 3
vendor_id	: GenuineIntel
cpu family	: 6
model		: 58
model name	: Intel(R) Core(TM) i7-3740QM CPU @ 2.70GHz
stepping	: 9
microcode	: 0x21
cpu MHz		: 3437.203
cache size	: 6144 KB
physical id	: 0
siblings	: 8
core id		: 3
cpu cores	: 4
apicid		: 6
initial apicid	: 6
fpu		: yes
fpu_exception	: yes
cpuid level	: 13
wp		: yes
flags		: fpu vme de pse tsc msr pae mce cx8 apic sep mtrr pge mca cmov pat pse36 clflush dts acpi mmx fxsr sse sse2 ss ht tm pbe syscall nx rdtscp lm constant_tsc arch_perfmon pebs bts rep_good nopl xtopology nonstop_tsc cpuid aperfmperf pni pclmulqdq dtes64 monitor ds_cpl vmx smx est tm2 ssse3 cx16 xtpr pdcm pcid sse4_1 sse4_2 x2apic popcnt tsc_deadline_timer aes xsave avx f16c rdrand lahf_lm cpuid_fault epb pti ssbd ibrs ibpb stibp tpr_shadow vnmi flexpriority ept vpid fsgsbase smep erms xsaveopt dtherm ida arat pln pts md_clear flush_l1d
bugs		: cpu_meltdown spectre_v1 spectre_v2 spec_store_bypass l1tf mds swapgs itlb_multihit srbds
bogomips	: 5387.84
clflush size	: 64
cache_alignment	: 64
address sizes	: 36 bits physical, 48 bits virtual
power management:

processor	: 4
vendor_id	: GenuineIntel
cpu family	: 6
model		: 58
model name	: Intel(R) Core(TM) i7-3740QM CPU @ 2.70GHz
stepping	: 9
microcode	: 0x21
cpu MHz		: 3402.398
cache size	: 6144 KB
physical id	: 0
siblings	: 8
core id		: 0
cpu cores	: 4
apicid		: 1
initial apicid	: 1
fpu		: yes
fpu_exception	: yes
cpuid level	: 13
wp		: yes
flags		: fpu vme de pse tsc msr pae mce cx8 apic sep mtrr pge mca cmov pat pse36 clflush dts acpi mmx fxsr sse sse2 ss ht tm pbe syscall nx rdtscp lm constant_tsc arch_perfmon pebs bts rep_good nopl xtopology nonstop_tsc cpuid aperfmperf pni pclmulqdq dtes64 monitor ds_cpl vmx smx est tm2 ssse3 cx16 xtpr pdcm pcid sse4_1 sse4_2 x2apic popcnt tsc_deadline_timer aes xsave avx f16c rdrand lahf_lm cpuid_fault epb pti ssbd ibrs ibpb stibp tpr_shadow vnmi flexpriority ept vpid fsgsbase smep erms xsaveopt dtherm ida arat pln pts md_clear flush_l1d
bugs		: cpu_meltdown spectre_v1 spectre_v2 spec_store_bypass l1tf mds swapgs itlb_multihit srbds
bogomips	: 5387.84
clflush size	: 64
cache_alignment	: 64
address sizes	: 36 bits physical, 48 bits virtual
power management:

processor	: 5
vendor_id	: GenuineIntel
cpu family	: 6
model		: 58
model name	: Intel(R) Core(TM) i7-3740QM CPU @ 2.70GHz
stepping	: 9
microcode	: 0x21
cpu MHz		: 3400.436
cache size	: 6144 KB
physical id	: 0
siblings	: 8
core id		: 1
cpu cores	: 4
apicid		: 3
initial apicid	: 3
fpu		: yes
fpu_exception	: yes
cpuid level	: 13
wp		: yes
flags		: fpu vme de pse tsc msr pae mce cx8 apic sep mtrr pge mca cmov pat pse36 clflush dts acpi mmx fxsr sse sse2 ss ht tm pbe syscall nx rdtscp lm constant_tsc arch_perfmon pebs bts rep_good nopl xtopology nonstop_tsc cpuid aperfmperf pni pclmulqdq dtes64 monitor ds_cpl vmx smx est tm2 ssse3 cx16 xtpr pdcm pcid sse4_1 sse4_2 x2apic popcnt tsc_deadline_timer aes xsave avx f16c rdrand lahf_lm cpuid_fault epb pti ssbd ibrs ibpb stibp tpr_shadow vnmi flexpriority ept vpid fsgsbase smep erms xsaveopt dtherm ida arat pln pts md_clear flush_l1d
bugs		: cpu_meltdown spectre_v1 spectre_v2 spec_store_bypass l1tf mds swapgs itlb_multihit srbds
bogomips	: 5387.84
clflush size	: 64
cache_alignment	: 64
address sizes	: 36 bits physical, 48 bits virtual
power management:

processor	: 6
vendor_id	: GenuineIntel
cpu family	: 6
model		: 58
model name	: Intel(R) Core(TM) i7-3740QM CPU @ 2.70GHz
stepping	: 9
microcode	: 0x21
cpu MHz		: 3439.534
cache size	: 6144 KB
physical id	: 0
siblings	: 8
core id		: 2
cpu cores	: 4
apicid		: 5
initial apicid	: 5
fpu		: yes
fpu_exception	: yes
cpuid level	: 13
wp		: yes
flags		: fpu vme de pse tsc msr pae mce cx8 apic sep mtrr pge mca cmov pat pse36 clflush dts acpi mmx fxsr sse sse2 ss ht tm pbe syscall nx rdtscp lm constant_tsc arch_perfmon pebs bts rep_good nopl xtopology nonstop_tsc cpuid aperfmperf pni pclmulqdq dtes64 monitor ds_cpl vmx smx est tm2 ssse3 cx16 xtpr pdcm pcid sse4_1 sse4_2 x2apic popcnt tsc_deadline_timer aes xsave avx f16c rdrand lahf_lm cpuid_fault epb pti ssbd ibrs ibpb stibp tpr_shadow vnmi flexpriority ept vpid fsgsbase smep erms xsaveopt dtherm ida arat pln pts md_clear flush_l1d
bugs		: cpu_meltdown spectre_v1 spectre_v2 spec_store_bypass l1tf mds swapgs itlb_multihit srbds
bogomips	: 5387.84
clflush size	: 64
cache_alignment	: 64
address sizes	: 36 bits physical, 48 bits virtual
power management:

processor	: 7
vendor_id	: GenuineIntel
cpu family	: 6
model		: 58
model name	: Intel(R) Core(TM) i7-3740QM CPU @ 2.70GHz
stepping	: 9
microcode	: 0x21
cpu MHz		: 3426.835
cache size	: 6144 KB
physical id	: 0
siblings	: 8
core id		: 3
cpu cores	: 4
apicid		: 7
initial apicid	: 7
fpu		: yes
fpu_exception	: yes
cpuid level	: 13
wp		: yes
flags		: fpu vme de pse tsc msr pae mce cx8 apic sep mtrr pge mca cmov pat pse36 clflush dts acpi mmx fxsr sse sse2 ss ht tm pbe syscall nx rdtscp lm constant_tsc arch_perfmon pebs bts rep_good nopl xtopology nonstop_tsc cpuid aperfmperf pni pclmulqdq dtes64 monitor ds_cpl vmx smx est tm2 ssse3 cx16 xtpr pdcm pcid sse4_1 sse4_2 x2apic popcnt tsc_deadline_timer aes xsave avx f16c rdrand lahf_lm cpuid_fault epb pti ssbd ibrs ibpb stibp tpr_shadow vnmi flexpriority ept vpid fsgsbase smep erms xsaveopt dtherm ida arat pln pts md_clear flush_l1d
bugs		: cpu_meltdown spectre_v1 spectre_v2 spec_store_bypass l1tf mds swapgs itlb_multihit srbds
bogomips	: 5387.84
clflush size	: 64
cache_alignment	: 64
address sizes	: 36 bits physical, 48 bits virtual
power management:



Memory: 4k page, physical 8058584k(311676k free), swap 2097148k(2096624k free)

vm_info: OpenJDK 64-Bit Server VM (25.252-b09) for linux-amd64 JRE (1.8.0_252-8u252-b09-1~18.04-b09), built on Apr 15 2020 18:48:05 by "buildd" with gcc 7.5.0

time: Sun Jul 19 01:22:02 2020
timezone: CDT
elapsed time: 1 seconds (0d 0h 0m 1s)

