#
# A fatal error has been detected by the Java Runtime Environment:
#
#  SIGSEGV (0xb) at pc=0x00007f5fb8347b82, pid=20089, tid=0x00007f5fb9829380
#
# JRE version: OpenJDK Runtime Environment (8.0_252-b09) (build 1.8.0_252-8u252-b09-1~18.04-b09)
# Java VM: OpenJDK 64-Bit Server VM (25.252-b09 mixed mode linux-amd64 compressed oops)
# Problematic frame:
# V  [libjvm.so+0x8f1b82]
#
# Failed to write core dump. Core dumps have been disabled. To enable core dumping, try "ulimit -c unlimited" before starting Java again
#
# If you would like to submit a bug report, please visit:
#   http://bugreport.java.com/bugreport/crash.jsp
#

---------------  T H R E A D  ---------------

Current thread is native thread

siginfo: si_signo: 11 (SIGSEGV), si_code: 1 (SEGV_MAPERR), si_addr: 0x0000000000000110

Registers:
RAX=0x0000000000000000, RBX=0x00007f5fb9827700, RCX=0x00007f5fb89efd2d, RDX=0x00007f5fb98296a0
RSP=0x00007ffe14fb7830, RBP=0x00007ffe14fb78f0, RSI=0x00007ffe14fb7a30, RDI=0x0000000000000001
R8 =0x00000000000000ca, R9 =0x00007f5fb98279d0, R10=0x0000000000000000, R11=0x0000000000000246
R12=0x00007f5fb9829300, R13=0x0000000000000000, R14=0x00007ffe14fb7a30, R15=0x00007ffe14fb7900
RIP=0x00007f5fb8347b82, EFLAGS=0x0000000000010246, CSGSFS=0x002b000000000033, ERR=0x0000000000000004
  TRAPNO=0x000000000000000e

Top of Stack: (sp=0x00007ffe14fb7830)
0x00007ffe14fb7830:   00007f5fffffffff 00007f5fb90b553c
0x00007ffe14fb7840:   00007f5fb942418d 00007f5fb940efa0
0x00007ffe14fb7850:   0000000000000000 00007f5fb96387a4
0x00007ffe14fb7860:   00007ffe14fb7e00 00007f5fb984c050
0x00007ffe14fb7870:   0000000000000001 00007f5fb9631faf
0x00007ffe14fb7880:   00007f5fb984c560 00007f5fb9082a3a
0x00007ffe14fb7890:   0000000000000012 00007f5fb90389d0
0x00007ffe14fb78a0:   0000000001e5cb59 00007f5fb89ea13b
0x00007ffe14fb78b0:   00007f5fb89e7f48 238803255307c100
0x00007ffe14fb78c0:   00007f5f00000002 00007f5fb9827700
0x00007ffe14fb78d0:   0000000000000000 00007ffe14fb7ea0
0x00007ffe14fb78e0:   0000000000000000 0000555be9291568
0x00007ffe14fb78f0:   00007ffe14fb7f08 00007f5fb9065fd0
0x00007ffe14fb7900:   0000000000000007 0000000000000000
0x00007ffe14fb7910:   0000000000000000 00007f5f00000002
0x00007ffe14fb7920:   0000000000000000 00000000000000ca
0x00007ffe14fb7930:   00007f5fb98279d0 0000000000000000
0x00007ffe14fb7940:   0000000000000246 0000000000000000
0x00007ffe14fb7950:   00007ffe14fb7ea0 0000000000000000
0x00007ffe14fb7960:   0000555be9291568 00007f5fb98279d0
0x00007ffe14fb7970:   0000000000000000 00007ffe14fb7f08
0x00007ffe14fb7980:   00007f5fb9827700 0000000000004e8f
0x00007ffe14fb7990:   00000000000000ca 00007f5fb89efd2d
0x00007ffe14fb79a0:   00007ffe14fb7e90 00007f5fb89efd2b
0x00007ffe14fb79b0:   0000000000000246 002b000000000033
0x00007ffe14fb79c0:   0000000000000000 0000000000000000
0x00007ffe14fb79d0:   0000000000000000 0000000000000000
0x00007ffe14fb79e0:   00007ffe14fb7ac0 00007ffe14fb7b28
0x00007ffe14fb79f0:   00007f5fb984dd68 00007f5fb984c050
0x00007ffe14fb7a00:   0000000000000000 00007f5fb963223f
0x00007ffe14fb7a10:   0000000000000005 00007f5fb984dd68
0x00007ffe14fb7a20:   0000000000000005 0000000000000000 

Instructions: (pc=0x00007f5fb8347b82)
0x00007f5fb8347b62:   00 48 89 45 c8 31 c0 e8 42 e4 8f ff 44 8b 28 49
0x00007f5fb8347b72:   89 c4 48 8d 05 cd a9 65 00 8b 38 e8 a6 e6 8f ff
0x00007f5fb8347b82:   48 8b 98 10 01 00 00 8b 83 a8 00 00 00 83 f8 01
0x00007f5fb8347b92:   74 2c 48 8b 45 c8 64 48 33 04 25 28 00 00 00 45 

Register to memory mapping:

RAX=0x0000000000000000 is an unknown value
RBX=0x00007f5fb9827700 is pointing into the stack for thread: 0x00007f5fb000b800
RCX=0x00007f5fb89efd2d: <offset 0x8d2d> in /lib/x86_64-linux-gnu/libpthread.so.0 at 0x00007f5fb89e7000
RDX=0x00007f5fb98296a0 is an unknown value
RSP=0x00007ffe14fb7830 is an unknown value
RBP=0x00007ffe14fb78f0 is an unknown value
RSI=0x00007ffe14fb7a30 is an unknown value
RDI=0x0000000000000001 is an unknown value
R8 =0x00000000000000ca is an unknown value
R9 =0x00007f5fb98279d0 is pointing into the stack for thread: 0x00007f5fb000b800
R10=0x0000000000000000 is an unknown value
R11=0x0000000000000246 is an unknown value
R12=0x00007f5fb9829300 is an unknown value
R13=0x0000000000000000 is an unknown value
R14=0x00007ffe14fb7a30 is an unknown value
R15=0x00007ffe14fb7900 is an unknown value


Stack: [0x00007ffe14ebf000,0x00007ffe14fbf000],  sp=0x00007ffe14fb7830,  free space=994k
Native frames: (J=compiled Java code, j=interpreted, Vv=VM code, C=native code)
V  [libjvm.so+0x8f1b82]
C  [libc.so.6+0x3efd0]


---------------  P R O C E S S  ---------------

VM state:not at safepoint (normal execution)

VM Mutex/Monitor currently owned by a thread:  ([mutex/lock_event])
[0x00007f5fb0008a00] MethodData_lock - owner thread: 0x00007f5fb00c8800

heap address: 0x0000000085000000, size: 1968 MB, Compressed Oops mode: 32-bit
Narrow klass base: 0x0000000000000000, Narrow klass shift: 3
Compressed class space size: 1073741824 Address: 0x0000000100000000

Heap:
 PSYoungGen      total 68608K, used 44398K [0x00000000d7000000, 0x00000000db800000, 0x0000000100000000)
  eden space 63488K, 61% used [0x00000000d7000000,0x00000000d965fa68,0x00000000dae00000)
  from space 5120K, 99% used [0x00000000db300000,0x00000000db7fc050,0x00000000db800000)
  to   space 5120K, 0% used [0x00000000dae00000,0x00000000dae00000,0x00000000db300000)
 ParOldGen       total 84992K, used 3609K [0x0000000085000000, 0x000000008a300000, 0x00000000d7000000)
  object space 84992K, 4% used [0x0000000085000000,0x00000000853867e0,0x000000008a300000)
 Metaspace       used 17024K, capacity 17258K, committed 17536K, reserved 1064960K
  class space    used 1989K, capacity 2069K, committed 2176K, reserved 1048576K

Card table byte_map: [0x00007f5fb58ed000,0x00007f5fb5cc6000] byte_map_base: 0x00007f5fb54c5000

Marking Bits: (ParMarkBitMap*) 0x00007f5fb89ca3c0
 Begin Bits: [0x00007f5f98280000, 0x00007f5f9a140000)
 End Bits:   [0x00007f5f9a140000, 0x00007f5f9c000000)

Polling page: 0x00007f5fb984b000

CodeCache: size=245760Kb used=8937Kb max_used=8937Kb free=236822Kb
 bounds [0x00007f5fa1000000, 0x00007f5fa18d0000, 0x00007f5fb0000000]
 total_blobs=3087 nmethods=2740 adapters=261
 compilation: enabled

Compilation events (10 events):
Event: 1.848 Thread 0x00007f5fb00c8800 nmethod 2748 0x00007f5fa18bfc10 code [0x00007f5fa18bfd80, 0x00007f5fa18c0028]
Event: 1.848 Thread 0x00007f5fb00c8800 2749       3       java.io.BufferedReader::fill (170 bytes)
Event: 1.849 Thread 0x00007f5fb00c8800 nmethod 2749 0x00007f5fa18c0110 code [0x00007f5fa18c02c0, 0x00007f5fa18c0928]
Event: 1.849 Thread 0x00007f5fb00c8800 2751       3       java.io.File::getParent (65 bytes)
Event: 1.849 Thread 0x00007f5fb00c8800 nmethod 2751 0x00007f5fa18c0b10 code [0x00007f5fa18c0cc0, 0x00007f5fa18c12e8]
Event: 1.849 Thread 0x00007f5fb00c8800 2750       1       org.eclipse.aether.util.version.GenericVersionConstraint::getVersion (5 bytes)
Event: 1.849 Thread 0x00007f5fb00c8800 nmethod 2750 0x00007f5fa18c14d0 code [0x00007f5fa18c1620, 0x00007f5fa18c1730]
Event: 1.849 Thread 0x00007f5fb00c8800 2752       3       org.apache.maven.model.PluginContainer::setPlugins (6 bytes)
Event: 1.849 Thread 0x00007f5fb00c8800 nmethod 2752 0x00007f5fa18c1790 code [0x00007f5fa18c18e0, 0x00007f5fa18c1a50]
Event: 1.850 Thread 0x00007f5fb00c8800 2753       3       java.io.FileInputStream::<init> (110 bytes)

GC Heap History (8 events):
Event: 0.426 GC heap before
{Heap before GC invocations=1 (full 0):
 PSYoungGen      total 36864K, used 31744K [0x00000000d7000000, 0x00000000d9900000, 0x0000000100000000)
  eden space 31744K, 100% used [0x00000000d7000000,0x00000000d8f00000,0x00000000d8f00000)
  from space 5120K, 0% used [0x00000000d9400000,0x00000000d9400000,0x00000000d9900000)
  to   space 5120K, 0% used [0x00000000d8f00000,0x00000000d8f00000,0x00000000d9400000)
 ParOldGen       total 84992K, used 0K [0x0000000085000000, 0x000000008a300000, 0x00000000d7000000)
  object space 84992K, 0% used [0x0000000085000000,0x0000000085000000,0x000000008a300000)
 Metaspace       used 7980K, capacity 8124K, committed 8320K, reserved 1056768K
  class space    used 969K, capacity 1048K, committed 1152K, reserved 1048576K
Event: 0.429 GC heap after
Heap after GC invocations=1 (full 0):
 PSYoungGen      total 36864K, used 4848K [0x00000000d7000000, 0x00000000d9900000, 0x0000000100000000)
  eden space 31744K, 0% used [0x00000000d7000000,0x00000000d7000000,0x00000000d8f00000)
  from space 5120K, 94% used [0x00000000d8f00000,0x00000000d93bc1e8,0x00000000d9400000)
  to   space 5120K, 0% used [0x00000000d9400000,0x00000000d9400000,0x00000000d9900000)
 ParOldGen       total 84992K, used 8K [0x0000000085000000, 0x000000008a300000, 0x00000000d7000000)
  object space 84992K, 0% used [0x0000000085000000,0x0000000085002000,0x000000008a300000)
 Metaspace       used 7980K, capacity 8124K, committed 8320K, reserved 1056768K
  class space    used 969K, capacity 1048K, committed 1152K, reserved 1048576K
}
Event: 0.660 GC heap before
{Heap before GC invocations=2 (full 0):
 PSYoungGen      total 36864K, used 36592K [0x00000000d7000000, 0x00000000d9900000, 0x0000000100000000)
  eden space 31744K, 100% used [0x00000000d7000000,0x00000000d8f00000,0x00000000d8f00000)
  from space 5120K, 94% used [0x00000000d8f00000,0x00000000d93bc1e8,0x00000000d9400000)
  to   space 5120K, 0% used [0x00000000d9400000,0x00000000d9400000,0x00000000d9900000)
 ParOldGen       total 84992K, used 8K [0x0000000085000000, 0x000000008a300000, 0x00000000d7000000)
  object space 84992K, 0% used [0x0000000085000000,0x0000000085002000,0x000000008a300000)
 Metaspace       used 11171K, capacity 11358K, committed 11520K, reserved 1058816K
  class space    used 1368K, capacity 1443K, committed 1536K, reserved 1048576K
Event: 0.664 GC heap after
Heap after GC invocations=2 (full 0):
 PSYoungGen      total 36864K, used 5106K [0x00000000d7000000, 0x00000000db800000, 0x0000000100000000)
  eden space 31744K, 0% used [0x00000000d7000000,0x00000000d7000000,0x00000000d8f00000)
  from space 5120K, 99% used [0x00000000d9400000,0x00000000d98fcae0,0x00000000d9900000)
  to   space 5120K, 0% used [0x00000000d8f00000,0x00000000d8f00000,0x00000000d9400000)
 ParOldGen       total 84992K, used 1165K [0x0000000085000000, 0x000000008a300000, 0x00000000d7000000)
  object space 84992K, 1% used [0x0000000085000000,0x0000000085123760,0x000000008a300000)
 Metaspace       used 11171K, capacity 11358K, committed 11520K, reserved 1058816K
  class space    used 1368K, capacity 1443K, committed 1536K, reserved 1048576K
}
Event: 1.063 GC heap before
{Heap before GC invocations=3 (full 0):
 PSYoungGen      total 36864K, used 36850K [0x00000000d7000000, 0x00000000db800000, 0x0000000100000000)
  eden space 31744K, 100% used [0x00000000d7000000,0x00000000d8f00000,0x00000000d8f00000)
  from space 5120K, 99% used [0x00000000d9400000,0x00000000d98fcae0,0x00000000d9900000)
  to   space 5120K, 0% used [0x00000000d8f00000,0x00000000d8f00000,0x00000000d9400000)
 ParOldGen       total 84992K, used 1165K [0x0000000085000000, 0x000000008a300000, 0x00000000d7000000)
  object space 84992K, 1% used [0x0000000085000000,0x0000000085123760,0x000000008a300000)
 Metaspace       used 13952K, capacity 14170K, committed 14464K, reserved 1062912K
  class space    used 1713K, capacity 1799K, committed 1920K, reserved 1048576K
Event: 1.070 GC heap after
Heap after GC invocations=3 (full 0):
 PSYoungGen      total 36864K, used 5098K [0x00000000d7000000, 0x00000000db800000, 0x0000000100000000)
  eden space 31744K, 0% used [0x00000000d7000000,0x00000000d7000000,0x00000000d8f00000)
  from space 5120K, 99% used [0x00000000d8f00000,0x00000000d93fa838,0x00000000d9400000)
  to   space 5120K, 0% used [0x00000000db300000,0x00000000db300000,0x00000000db800000)
 ParOldGen       total 84992K, used 1688K [0x0000000085000000, 0x000000008a300000, 0x00000000d7000000)
  object space 84992K, 1% used [0x0000000085000000,0x00000000851a6168,0x000000008a300000)
 Metaspace       used 13952K, capacity 14170K, committed 14464K, reserved 1062912K
  class space    used 1713K, capacity 1799K, committed 1920K, reserved 1048576K
}
Event: 1.543 GC heap before
{Heap before GC invocations=4 (full 0):
 PSYoungGen      total 36864K, used 36842K [0x00000000d7000000, 0x00000000db800000, 0x0000000100000000)
  eden space 31744K, 100% used [0x00000000d7000000,0x00000000d8f00000,0x00000000d8f00000)
  from space 5120K, 99% used [0x00000000d8f00000,0x00000000d93fa838,0x00000000d9400000)
  to   space 5120K, 0% used [0x00000000db300000,0x00000000db300000,0x00000000db800000)
 ParOldGen       total 84992K, used 1688K [0x0000000085000000, 0x000000008a300000, 0x00000000d7000000)
  object space 84992K, 1% used [0x0000000085000000,0x00000000851a6168,0x000000008a300000)
 Metaspace       used 16634K, capacity 16926K, committed 17280K, reserved 1064960K
  class space    used 1971K, capacity 2067K, committed 2176K, reserved 1048576K
Event: 1.551 GC heap after
Heap after GC invocations=4 (full 0):
 PSYoungGen      total 68608K, used 5104K [0x00000000d7000000, 0x00000000db800000, 0x0000000100000000)
  eden space 63488K, 0% used [0x00000000d7000000,0x00000000d7000000,0x00000000dae00000)
  from space 5120K, 99% used [0x00000000db300000,0x00000000db7fc050,0x00000000db800000)
  to   space 5120K, 0% used [0x00000000dae00000,0x00000000dae00000,0x00000000db300000)
 ParOldGen       total 84992K, used 3609K [0x0000000085000000, 0x000000008a300000, 0x00000000d7000000)
  object space 84992K, 4% used [0x0000000085000000,0x00000000853867e0,0x000000008a300000)
 Metaspace       used 16634K, capacity 16926K, committed 17280K, reserved 1064960K
  class space    used 1971K, capacity 2067K, committed 2176K, reserved 1048576K
}

Deoptimization events (10 events):
Event: 1.668 Thread 0x00007f5fb000b800 Uncommon trap: reason=speculate_class_check action=maybe_recompile pc=0x00007f5fa176093c method=java.nio.charset.CharsetDecoder.decode(Ljava/nio/ByteBuffer;Ljava/nio/CharBuffer;Z)Ljava/nio/charset/CoderResult; @ 57
Event: 1.669 Thread 0x00007f5fb000b800 Uncommon trap: reason=speculate_class_check action=maybe_recompile pc=0x00007f5fa176093c method=java.nio.charset.CharsetDecoder.decode(Ljava/nio/ByteBuffer;Ljava/nio/CharBuffer;Z)Ljava/nio/charset/CoderResult; @ 57
Event: 1.792 Thread 0x00007f5fb000b800 Uncommon trap: reason=unstable_if action=reinterpret pc=0x00007f5fa1861b70 method=java.util.HashMap.getNode(ILjava/lang/Object;)Ljava/util/HashMap$Node; @ 53
Event: 1.792 Thread 0x00007f5fb000b800 Uncommon trap: reason=unstable_if action=reinterpret pc=0x00007f5fa13991d4 method=java.util.HashMap.getNode(ILjava/lang/Object;)Ljava/util/HashMap$Node; @ 53
Event: 1.800 Thread 0x00007f5fb000b800 Uncommon trap: reason=unstable_if action=reinterpret pc=0x00007f5fa188656c method=java.util.IdentityHashMap.nextKeyIndex(II)I @ 4
Event: 1.813 Thread 0x00007f5fb000b800 Uncommon trap: reason=class_check action=maybe_recompile pc=0x00007f5fa182bbd0 method=java.util.regex.Pattern$Curly.match0(Ljava/util/regex/Matcher;IILjava/lang/CharSequence;)Z @ 16
Event: 1.813 Thread 0x00007f5fb000b800 Uncommon trap: reason=class_check action=maybe_recompile pc=0x00007f5fa182bbd0 method=java.util.regex.Pattern$Curly.match0(Ljava/util/regex/Matcher;IILjava/lang/CharSequence;)Z @ 16
Event: 1.813 Thread 0x00007f5fb000b800 Uncommon trap: reason=class_check action=maybe_recompile pc=0x00007f5fa182bbd0 method=java.util.regex.Pattern$Curly.match0(Ljava/util/regex/Matcher;IILjava/lang/CharSequence;)Z @ 16
Event: 1.813 Thread 0x00007f5fb000b800 Uncommon trap: reason=class_check action=maybe_recompile pc=0x00007f5fa182bbd0 method=java.util.regex.Pattern$Curly.match0(Ljava/util/regex/Matcher;IILjava/lang/CharSequence;)Z @ 16
Event: 1.850 Thread 0x00007f5fb000b800 Uncommon trap: reason=unstable_if action=reinterpret pc=0x00007f5fa185c55c method=java.util.LinkedHashMap.afterNodeInsertion(Z)V @ 18

Classes redefined (0 events):
No events

Internal exceptions (10 events):
Event: 0.922 Thread 0x00007f5fb000b800 Exception <a 'java/lang/NoClassDefFoundError'> (0x00000000d85fe460) thrown at [/build/openjdk-8-piDAoU/openjdk-8-8u252-b09/src/hotspot/src/share/vm/prims/jvm.cpp, line 1506]
Event: 1.212 Thread 0x00007f5fb000b800 Exception <a 'java/lang/NullPointerException'> (0x00000000d77b98d0) thrown at [/build/openjdk-8-piDAoU/openjdk-8-8u252-b09/src/hotspot/src/share/vm/interpreter/linkResolver.cpp, line 1185]
Event: 1.212 Thread 0x00007f5fb000b800 Exception <a 'java/lang/NullPointerException'> (0x00000000d77b9ae8) thrown at [/build/openjdk-8-piDAoU/openjdk-8-8u252-b09/src/hotspot/src/share/vm/interpreter/linkResolver.cpp, line 1185]
Event: 1.212 Thread 0x00007f5fb000b800 Exception <a 'java/lang/NullPointerException'> (0x00000000d77b9d00) thrown at [/build/openjdk-8-piDAoU/openjdk-8-8u252-b09/src/hotspot/src/share/vm/interpreter/linkResolver.cpp, line 1185]
Event: 1.213 Thread 0x00007f5fb000b800 Exception <a 'java/lang/NullPointerException'> (0x00000000d77c46d8) thrown at [/build/openjdk-8-piDAoU/openjdk-8-8u252-b09/src/hotspot/src/share/vm/interpreter/linkResolver.cpp, line 1185]
Event: 1.213 Thread 0x00007f5fb000b800 Exception <a 'java/lang/NullPointerException'> (0x00000000d77c48f0) thrown at [/build/openjdk-8-piDAoU/openjdk-8-8u252-b09/src/hotspot/src/share/vm/interpreter/linkResolver.cpp, line 1185]
Event: 1.213 Thread 0x00007f5fb000b800 Exception <a 'java/lang/NullPointerException'> (0x00000000d77c4b08) thrown at [/build/openjdk-8-piDAoU/openjdk-8-8u252-b09/src/hotspot/src/share/vm/interpreter/linkResolver.cpp, line 1185]
Event: 1.404 Thread 0x00007f5fb000b800 Implicit null exception at 0x00007f5fa13b4175 to 0x00007f5fa13b4359
Event: 1.541 Thread 0x00007f5fb000b800 Implicit null exception at 0x00007f5fa13730db to 0x00007f5fa1373709
Event: 1.657 Thread 0x00007f5fb000b800 Implicit null exception at 0x00007f5fa17c3d81 to 0x00007f5fa17c4895

Events (10 events):
Event: 1.818 loading class org/apache/maven/plugin/internal/PlexusUtilsInjector done
Event: 1.818 loading class org/apache/maven/plugin/internal/WagonExcluder
Event: 1.818 loading class org/apache/maven/plugin/internal/WagonExcluder done
Event: 1.844 Thread 0x00007f5fb000b800 DEOPT PACKING pc=0x00007f5fa16cd032 sp=0x00007f5fb9824260
Event: 1.844 Thread 0x00007f5fb000b800 DEOPT UNPACKING pc=0x00007f5fa10474c4 sp=0x00007f5fb9824018 mode 0
Event: 1.846 loading class org/eclipse/aether/collection/DependencyManagement
Event: 1.846 loading class org/eclipse/aether/collection/DependencyManagement done
Event: 1.850 Thread 0x00007f5fb000b800 Uncommon trap: trap_request=0xffffff65 fr.pc=0x00007f5fa185c55c
Event: 1.850 Thread 0x00007f5fb000b800 DEOPT PACKING pc=0x00007f5fa185c55c sp=0x00007f5fb9823cc0
Event: 1.850 Thread 0x00007f5fb000b800 DEOPT UNPACKING pc=0x00007f5fa104547a sp=0x00007f5fb9823c68 mode 2


Dynamic libraries:
85000000-8a300000 rw-p 00000000 00:00 0 
8a300000-d7000000 ---p 00000000 00:00 0 
d7000000-db800000 rw-p 00000000 00:00 0 
db800000-100000000 ---p 00000000 00:00 0 
100000000-100220000 rw-p 00000000 00:00 0 
100220000-140000000 ---p 00000000 00:00 0 
555be7c37000-555be7c38000 r-xp 00000000 08:01 7346196                    /usr/lib/jvm/java-8-openjdk-amd64/jre/bin/java
555be7e37000-555be7e38000 r--p 00000000 08:01 7346196                    /usr/lib/jvm/java-8-openjdk-amd64/jre/bin/java
555be7e38000-555be7e39000 rw-p 00001000 08:01 7346196                    /usr/lib/jvm/java-8-openjdk-amd64/jre/bin/java
555be9291000-555be92dd000 rw-p 00000000 00:00 0                          [heap]
7f5f44000000-7f5f44021000 rw-p 00000000 00:00 0 
7f5f44021000-7f5f48000000 ---p 00000000 00:00 0 
7f5f48000000-7f5f48021000 rw-p 00000000 00:00 0 
7f5f48021000-7f5f4c000000 ---p 00000000 00:00 0 
7f5f4c000000-7f5f4ca36000 rw-p 00000000 00:00 0 
7f5f4ca36000-7f5f50000000 ---p 00000000 00:00 0 
7f5f50000000-7f5f50b6b000 rw-p 00000000 00:00 0 
7f5f50b6b000-7f5f54000000 ---p 00000000 00:00 0 
7f5f54000000-7f5f552a5000 rw-p 00000000 00:00 0 
7f5f552a5000-7f5f58000000 ---p 00000000 00:00 0 
7f5f58000000-7f5f5882a000 rw-p 00000000 00:00 0 
7f5f5882a000-7f5f5c000000 ---p 00000000 00:00 0 
7f5f5c000000-7f5f5c021000 rw-p 00000000 00:00 0 
7f5f5c021000-7f5f60000000 ---p 00000000 00:00 0 
7f5f60000000-7f5f60021000 rw-p 00000000 00:00 0 
7f5f60021000-7f5f64000000 ---p 00000000 00:00 0 
7f5f64000000-7f5f64021000 rw-p 00000000 00:00 0 
7f5f64021000-7f5f68000000 ---p 00000000 00:00 0 
7f5f68000000-7f5f68021000 rw-p 00000000 00:00 0 
7f5f68021000-7f5f6c000000 ---p 00000000 00:00 0 
7f5f6c000000-7f5f6c021000 rw-p 00000000 00:00 0 
7f5f6c021000-7f5f70000000 ---p 00000000 00:00 0 
7f5f70000000-7f5f70021000 rw-p 00000000 00:00 0 
7f5f70021000-7f5f74000000 ---p 00000000 00:00 0 
7f5f74000000-7f5f74021000 rw-p 00000000 00:00 0 
7f5f74021000-7f5f78000000 ---p 00000000 00:00 0 
7f5f7c000000-7f5f7c021000 rw-p 00000000 00:00 0 
7f5f7c021000-7f5f80000000 ---p 00000000 00:00 0 
7f5f84000000-7f5f84021000 rw-p 00000000 00:00 0 
7f5f84021000-7f5f88000000 ---p 00000000 00:00 0 
7f5f8c000000-7f5f8c021000 rw-p 00000000 00:00 0 
7f5f8c021000-7f5f90000000 ---p 00000000 00:00 0 
7f5f91be6000-7f5f91ce6000 rw-p 00000000 00:00 0 
7f5f91ce6000-7f5f91de6000 ---p 00000000 00:00 0 
7f5f91de6000-7f5f91deb000 r--s 000a7000 08:01 7869689                    /usr/lib/jvm/java-8-openjdk-amd64/jre/lib/jsse.jar
7f5f91deb000-7f5f91feb000 rw-p 00000000 00:00 0 
7f5f91feb000-7f5f921eb000 rw-p 00000000 00:00 0 
7f5f921eb000-7f5f923eb000 rw-p 00000000 00:00 0 
7f5f923eb000-7f5f92417000 r--s 00208000 08:01 6161432                    /usr/share/java/guava.jar
7f5f92417000-7f5f9241b000 r--s 00027000 08:01 6161466                    /usr/share/java/maven-resolver-impl.jar
7f5f9241b000-7f5f9241c000 r--s 00003000 08:01 6161812                    /usr/share/java/plexus-cipher.jar
7f5f9241c000-7f5f92421000 r--s 00021000 08:01 6161472                    /usr/share/java/maven-resolver-util.jar
7f5f92421000-7f5f92423000 r--s 00001000 08:01 6163070                    /usr/share/java/maven3-builder-support.jar
7f5f92423000-7f5f92427000 r--s 0001f000 08:01 6161464                    /usr/share/java/maven-resolver-api.jar
7f5f92427000-7f5f9242a000 r--s 00007000 08:01 6163731                    /usr/share/java/maven3-settings-builder.jar
7f5f9242a000-7f5f9242d000 r--s 0000a000 08:01 6163060                    /usr/share/java/maven3-artifact.jar
7f5f9242d000-7f5f92431000 r--s 0003b000 08:01 6161460                    /usr/share/java/plexus-utils2.jar
7f5f92431000-7f5f92434000 r--s 00024000 08:01 6161727                    /usr/share/java/maven-shared-utils.jar
7f5f92434000-7f5f92435000 r--s 00004000 08:01 6163777                    /usr/share/java/maven3-slf4j-provider.jar
7f5f92435000-7f5f92437000 r--s 0000a000 08:01 6163108                    /usr/share/java/maven3-plugin-api.jar
7f5f92437000-7f5f92439000 r--s 00006000 08:01 6161907                    /usr/share/java/plexus-sec-dispatcher.jar
7f5f92439000-7f5f92466000 r--s 001ce000 08:01 6164040                    /usr/share/java/wagon-http-shaded-3.0.0.jar
7f5f92466000-7f5f92468000 r--s 00000000 08:01 6161901                    /usr/share/java/plexus-component-annotations.jar
7f5f92468000-7f5f9246a000 r--s 00009000 08:01 6162118                    /usr/share/java/slf4j-api.jar
7f5f9246a000-7f5f9246c000 r--s 0000b000 08:01 6161462                    /usr/share/java/wagon-provider-api.jar
7f5f9246c000-7f5f92471000 r--s 00030000 08:01 6161402                    /usr/share/java/commons-io.jar
7f5f92471000-7f5f92472000 r--s 00002000 08:01 6161428                    /usr/share/java/geronimo-annotation-1.3-spec.jar
7f5f92472000-7f5f92478000 r--s 0002d000 08:01 6163029                    /usr/share/java/sisu-plexus.jar
7f5f92478000-7f5f9247a000 r--s 00007000 08:01 6161458                    /usr/share/java/jansi.jar
7f5f9247a000-7f5f9247b000 r--s 00006000 08:01 6163110                    /usr/share/java/maven3-repository-metadata.jar
7f5f9247b000-7f5f9247d000 r--s 00005000 08:01 6161471                    /usr/share/java/maven-resolver-transport-wagon.jar
7f5f9247d000-7f5f92484000 r--s 00041000 08:01 6163100                    /usr/share/java/maven3-compat.jar
7f5f92484000-7f5f92487000 r--s 00015000 08:01 6163102                    /usr/share/java/maven3-embedder.jar
7f5f92487000-7f5f9248c000 r--s 00025000 08:01 6163103                    /usr/share/java/maven3-model-builder.jar
7f5f9248c000-7f5f9248e000 r--s 0000a000 08:01 6161067                    /usr/share/java/commons-cli.jar
7f5f9248e000-7f5f92491000 r--s 00011000 08:01 6161904                    /usr/share/java/plexus-interpolation.jar
7f5f92491000-7f5f92493000 r--s 00001000 08:01 6161434                    /usr/share/java/aopalliance-1.0.jar
7f5f92493000-7f5f92496000 r--s 0000e000 08:01 6161028                    /usr/share/java/cdi-api.jar
7f5f92496000-7f5f9249d000 r--s 00054000 08:01 6162904                    /usr/share/java/sisu-inject.jar
7f5f9249d000-7f5f924aa000 r--s 0008b000 08:01 6163101                    /usr/share/java/maven3-core.jar
7f5f924aa000-7f5f924b2000 r--s 00072000 08:01 6161404                    /usr/share/java/commons-lang3.jar
7f5f924b2000-7f5f924e3000 rw-p 00000000 00:00 0 
7f5f924e3000-7f5f924fa000 r-xp 00000000 08:01 7867453                    /usr/lib/jvm/java-8-openjdk-amd64/jre/lib/amd64/libnet.so
7f5f924fa000-7f5f926f9000 ---p 00017000 08:01 7867453                    /usr/lib/jvm/java-8-openjdk-amd64/jre/lib/amd64/libnet.so
7f5f926f9000-7f5f926fa000 r--p 00016000 08:01 7867453                    /usr/lib/jvm/java-8-openjdk-amd64/jre/lib/amd64/libnet.so
7f5f926fa000-7f5f926fb000 rw-p 00017000 08:01 7867453                    /usr/lib/jvm/java-8-openjdk-amd64/jre/lib/amd64/libnet.so
7f5f926fb000-7f5f9270d000 r-xp 00000000 08:01 7867454                    /usr/lib/jvm/java-8-openjdk-amd64/jre/lib/amd64/libnio.so
7f5f9270d000-7f5f9290c000 ---p 00012000 08:01 7867454                    /usr/lib/jvm/java-8-openjdk-amd64/jre/lib/amd64/libnio.so
7f5f9290c000-7f5f9290d000 r--p 00011000 08:01 7867454                    /usr/lib/jvm/java-8-openjdk-amd64/jre/lib/amd64/libnio.so
7f5f9290d000-7f5f9290e000 rw-p 00012000 08:01 7867454                    /usr/lib/jvm/java-8-openjdk-amd64/jre/lib/amd64/libnio.so
7f5f9290e000-7f5f9290f000 ---p 00000000 00:00 0 
7f5f9290f000-7f5f92a0f000 rw-p 00000000 00:00 0 
7f5f92a0f000-7f5f92a12000 ---p 00000000 00:00 0 
7f5f92a12000-7f5f92b10000 rw-p 00000000 00:00 0 
7f5f92b10000-7f5f92b11000 ---p 00000000 00:00 0 
7f5f92b11000-7f5f92b14000 ---p 00000000 00:00 0 
7f5f92b14000-7f5f92c11000 rw-p 00000000 00:00 0 
7f5f92c11000-7f5f92c12000 ---p 00000000 00:00 0 
7f5f92c12000-7f5f92c15000 ---p 00000000 00:00 0 
7f5f92c15000-7f5f92d12000 rw-p 00000000 00:00 0 
7f5f92d12000-7f5f92d13000 ---p 00000000 00:00 0 
7f5f92d13000-7f5f92d16000 ---p 00000000 00:00 0 
7f5f92d16000-7f5f92e13000 rw-p 00000000 00:00 0 
7f5f92e13000-7f5f92e14000 ---p 00000000 00:00 0 
7f5f92e14000-7f5f92e17000 ---p 00000000 00:00 0 
7f5f92e17000-7f5f92f14000 rw-p 00000000 00:00 0 
7f5f92f14000-7f5f92f17000 ---p 00000000 00:00 0 
7f5f92f17000-7f5f93015000 rw-p 00000000 00:00 0 
7f5f93015000-7f5f932f3000 r--p 00000000 08:01 5770205                    /usr/lib/locale/locale-archive
7f5f932f3000-7f5f932f6000 ---p 00000000 00:00 0 
7f5f932f6000-7f5f933f4000 rw-p 00000000 00:00 0 
7f5f933f4000-7f5f933f7000 ---p 00000000 00:00 0 
7f5f933f7000-7f5f934f5000 rw-p 00000000 00:00 0 
7f5f934f5000-7f5f934f6000 ---p 00000000 00:00 0 
7f5f934f6000-7f5f94000000 rw-p 00000000 00:00 0 
7f5f94000000-7f5f94021000 rw-p 00000000 00:00 0 
7f5f94021000-7f5f98000000 ---p 00000000 00:00 0 
7f5f98000000-7f5f9801b000 r--s 00394000 08:01 7869398                    /usr/lib/jvm/java-8-openjdk-amd64/jre/lib/ext/cldrdata.jar
7f5f9801b000-7f5f9c000000 rw-p 00000000 00:00 0 
7f5f9c000000-7f5f9c021000 rw-p 00000000 00:00 0 
7f5f9c021000-7f5fa0000000 ---p 00000000 00:00 0 
7f5fa0000000-7f5fa0001000 r--s 00000000 08:01 6160796                    /usr/share/java/atinject-jsr330-api-1.0.jar
7f5fa0001000-7f5fa0002000 r--s 00001000 08:01 6160983                    /usr/share/java/geronimo-interceptor-3.0-spec.jar
7f5fa0002000-7f5fa0004000 r--s 00008000 08:01 6161465                    /usr/share/java/maven-resolver-connector-basic.jar
7f5fa0004000-7f5fa001f000 r--s 001d6000 08:01 7869671                    /usr/lib/jvm/java-8-openjdk-amd64/jre/lib/ext/nashorn.jar
7f5fa001f000-7f5fa1000000 rw-p 00000000 00:00 0 
7f5fa1000000-7f5fa18d0000 rwxp 00000000 00:00 0 
7f5fa18d0000-7f5fb0000000 ---p 00000000 00:00 0 
7f5fb0000000-7f5fb0bcf000 rw-p 00000000 00:00 0 
7f5fb0bcf000-7f5fb4000000 ---p 00000000 00:00 0 
7f5fb4000000-7f5fb4001000 r--s 00000000 08:01 6160796                    /usr/share/java/atinject-jsr330-api-1.0.jar
7f5fb4001000-7f5fb4003000 r--s 00003000 08:01 6161930                    /usr/share/java/jcl-over-slf4j.jar
7f5fb4003000-7f5fb4006000 r--s 00027000 08:01 6163104                    /usr/share/java/maven3-model.jar
7f5fb4006000-7f5fb4014000 r--s 0009a000 08:01 6161444                    /usr/share/java/guice.jar
7f5fb4014000-7f5fb4035000 rw-p 00000000 00:00 0 
7f5fb4035000-7f5fb4207000 r--s 03ca5000 08:01 7869694                    /usr/lib/jvm/java-8-openjdk-amd64/jre/lib/rt.jar
7f5fb4207000-7f5fb4e55000 rw-p 00000000 00:00 0 
7f5fb4e55000-7f5fb4e56000 ---p 00000000 00:00 0 
7f5fb4e56000-7f5fb4f56000 rw-p 00000000 00:00 0 
7f5fb4f56000-7f5fb4f57000 ---p 00000000 00:00 0 
7f5fb4f57000-7f5fb5057000 rw-p 00000000 00:00 0 
7f5fb5057000-7f5fb5058000 ---p 00000000 00:00 0 
7f5fb5058000-7f5fb5158000 rw-p 00000000 00:00 0 
7f5fb5158000-7f5fb5159000 ---p 00000000 00:00 0 
7f5fb5159000-7f5fb5259000 rw-p 00000000 00:00 0 
7f5fb5259000-7f5fb525a000 ---p 00000000 00:00 0 
7f5fb525a000-7f5fb535a000 rw-p 00000000 00:00 0 
7f5fb535a000-7f5fb535b000 ---p 00000000 00:00 0 
7f5fb535b000-7f5fb545b000 rw-p 00000000 00:00 0 
7f5fb545b000-7f5fb545c000 ---p 00000000 00:00 0 
7f5fb545c000-7f5fb555c000 rw-p 00000000 00:00 0 
7f5fb555c000-7f5fb555d000 ---p 00000000 00:00 0 
7f5fb555d000-7f5fb5687000 rw-p 00000000 00:00 0 
7f5fb5687000-7f5fb58ed000 ---p 00000000 00:00 0 
7f5fb58ed000-7f5fb5917000 rw-p 00000000 00:00 0 
7f5fb5917000-7f5fb5b7d000 ---p 00000000 00:00 0 
7f5fb5b7d000-7f5fb5ba1000 rw-p 00000000 00:00 0 
7f5fb5ba1000-7f5fb5cc5000 ---p 00000000 00:00 0 
7f5fb5cc5000-7f5fb5cea000 rw-p 00000000 00:00 0 
7f5fb5cea000-7f5fb6086000 ---p 00000000 00:00 0 
7f5fb6086000-7f5fb608e000 r-xp 00000000 08:01 7868230                    /usr/lib/jvm/java-8-openjdk-amd64/jre/lib/amd64/libzip.so
7f5fb608e000-7f5fb628d000 ---p 00008000 08:01 7868230                    /usr/lib/jvm/java-8-openjdk-amd64/jre/lib/amd64/libzip.so
7f5fb628d000-7f5fb628e000 r--p 00007000 08:01 7868230                    /usr/lib/jvm/java-8-openjdk-amd64/jre/lib/amd64/libzip.so
7f5fb628e000-7f5fb628f000 rw-p 00008000 08:01 7868230                    /usr/lib/jvm/java-8-openjdk-amd64/jre/lib/amd64/libzip.so
7f5fb628f000-7f5fb629a000 r-xp 00000000 08:01 40639752                   /lib/x86_64-linux-gnu/libnss_files-2.27.so
7f5fb629a000-7f5fb6499000 ---p 0000b000 08:01 40639752                   /lib/x86_64-linux-gnu/libnss_files-2.27.so
7f5fb6499000-7f5fb649a000 r--p 0000a000 08:01 40639752                   /lib/x86_64-linux-gnu/libnss_files-2.27.so
7f5fb649a000-7f5fb649b000 rw-p 0000b000 08:01 40639752                   /lib/x86_64-linux-gnu/libnss_files-2.27.so
7f5fb649b000-7f5fb64a1000 rw-p 00000000 00:00 0 
7f5fb64a1000-7f5fb64b8000 r-xp 00000000 08:01 40639749                   /lib/x86_64-linux-gnu/libnsl-2.27.so
7f5fb64b8000-7f5fb66b7000 ---p 00017000 08:01 40639749                   /lib/x86_64-linux-gnu/libnsl-2.27.so
7f5fb66b7000-7f5fb66b8000 r--p 00016000 08:01 40639749                   /lib/x86_64-linux-gnu/libnsl-2.27.so
7f5fb66b8000-7f5fb66b9000 rw-p 00017000 08:01 40639749                   /lib/x86_64-linux-gnu/libnsl-2.27.so
7f5fb66b9000-7f5fb66bb000 rw-p 00000000 00:00 0 
7f5fb66bb000-7f5fb66c6000 r-xp 00000000 08:01 40639754                   /lib/x86_64-linux-gnu/libnss_nis-2.27.so
7f5fb66c6000-7f5fb68c5000 ---p 0000b000 08:01 40639754                   /lib/x86_64-linux-gnu/libnss_nis-2.27.so
7f5fb68c5000-7f5fb68c6000 r--p 0000a000 08:01 40639754                   /lib/x86_64-linux-gnu/libnss_nis-2.27.so
7f5fb68c6000-7f5fb68c7000 rw-p 0000b000 08:01 40639754                   /lib/x86_64-linux-gnu/libnss_nis-2.27.so
7f5fb68c7000-7f5fb68cf000 r-xp 00000000 08:01 40639750                   /lib/x86_64-linux-gnu/libnss_compat-2.27.so
7f5fb68cf000-7f5fb6acf000 ---p 00008000 08:01 40639750                   /lib/x86_64-linux-gnu/libnss_compat-2.27.so
7f5fb6acf000-7f5fb6ad0000 r--p 00008000 08:01 40639750                   /lib/x86_64-linux-gnu/libnss_compat-2.27.so
7f5fb6ad0000-7f5fb6ad1000 rw-p 00009000 08:01 40639750                   /lib/x86_64-linux-gnu/libnss_compat-2.27.so
7f5fb6ad1000-7f5fb6afb000 r-xp 00000000 08:01 7867420                    /usr/lib/jvm/java-8-openjdk-amd64/jre/lib/amd64/libjava.so
7f5fb6afb000-7f5fb6cfa000 ---p 0002a000 08:01 7867420                    /usr/lib/jvm/java-8-openjdk-amd64/jre/lib/amd64/libjava.so
7f5fb6cfa000-7f5fb6cfb000 r--p 00029000 08:01 7867420                    /usr/lib/jvm/java-8-openjdk-amd64/jre/lib/amd64/libjava.so
7f5fb6cfb000-7f5fb6cfd000 rw-p 0002a000 08:01 7867420                    /usr/lib/jvm/java-8-openjdk-amd64/jre/lib/amd64/libjava.so
7f5fb6cfd000-7f5fb6d0d000 r-xp 00000000 08:01 7868229                    /usr/lib/jvm/java-8-openjdk-amd64/jre/lib/amd64/libverify.so
7f5fb6d0d000-7f5fb6f0c000 ---p 00010000 08:01 7868229                    /usr/lib/jvm/java-8-openjdk-amd64/jre/lib/amd64/libverify.so
7f5fb6f0c000-7f5fb6f0e000 r--p 0000f000 08:01 7868229                    /usr/lib/jvm/java-8-openjdk-amd64/jre/lib/amd64/libverify.so
7f5fb6f0e000-7f5fb6f0f000 rw-p 00011000 08:01 7868229                    /usr/lib/jvm/java-8-openjdk-amd64/jre/lib/amd64/libverify.so
7f5fb6f0f000-7f5fb6f16000 r-xp 00000000 08:01 40639759                   /lib/x86_64-linux-gnu/librt-2.27.so
7f5fb6f16000-7f5fb7115000 ---p 00007000 08:01 40639759                   /lib/x86_64-linux-gnu/librt-2.27.so
7f5fb7115000-7f5fb7116000 r--p 00006000 08:01 40639759                   /lib/x86_64-linux-gnu/librt-2.27.so
7f5fb7116000-7f5fb7117000 rw-p 00007000 08:01 40639759                   /lib/x86_64-linux-gnu/librt-2.27.so
7f5fb7117000-7f5fb712e000 r-xp 00000000 08:01 40632376                   /lib/x86_64-linux-gnu/libgcc_s.so.1
7f5fb712e000-7f5fb732d000 ---p 00017000 08:01 40632376                   /lib/x86_64-linux-gnu/libgcc_s.so.1
7f5fb732d000-7f5fb732e000 r--p 00016000 08:01 40632376                   /lib/x86_64-linux-gnu/libgcc_s.so.1
7f5fb732e000-7f5fb732f000 rw-p 00017000 08:01 40632376                   /lib/x86_64-linux-gnu/libgcc_s.so.1
7f5fb732f000-7f5fb74cc000 r-xp 00000000 08:01 40639746                   /lib/x86_64-linux-gnu/libm-2.27.so
7f5fb74cc000-7f5fb76cb000 ---p 0019d000 08:01 40639746                   /lib/x86_64-linux-gnu/libm-2.27.so
7f5fb76cb000-7f5fb76cc000 r--p 0019c000 08:01 40639746                   /lib/x86_64-linux-gnu/libm-2.27.so
7f5fb76cc000-7f5fb76cd000 rw-p 0019d000 08:01 40639746                   /lib/x86_64-linux-gnu/libm-2.27.so
7f5fb76cd000-7f5fb7846000 r-xp 00000000 08:01 5770210                    /usr/lib/x86_64-linux-gnu/libstdc++.so.6.0.25
7f5fb7846000-7f5fb7a46000 ---p 00179000 08:01 5770210                    /usr/lib/x86_64-linux-gnu/libstdc++.so.6.0.25
7f5fb7a46000-7f5fb7a50000 r--p 00179000 08:01 5770210                    /usr/lib/x86_64-linux-gnu/libstdc++.so.6.0.25
7f5fb7a50000-7f5fb7a52000 rw-p 00183000 08:01 5770210                    /usr/lib/x86_64-linux-gnu/libstdc++.so.6.0.25
7f5fb7a52000-7f5fb7a56000 rw-p 00000000 00:00 0 
7f5fb7a56000-7f5fb86fa000 r-xp 00000000 08:01 7869319                    /usr/lib/jvm/java-8-openjdk-amd64/jre/lib/amd64/server/libjvm.so
7f5fb86fa000-7f5fb88fa000 ---p 00ca4000 08:01 7869319                    /usr/lib/jvm/java-8-openjdk-amd64/jre/lib/amd64/server/libjvm.so
7f5fb88fa000-7f5fb898e000 r--p 00ca4000 08:01 7869319                    /usr/lib/jvm/java-8-openjdk-amd64/jre/lib/amd64/server/libjvm.so
7f5fb898e000-7f5fb89b7000 rw-p 00d38000 08:01 7869319                    /usr/lib/jvm/java-8-openjdk-amd64/jre/lib/amd64/server/libjvm.so
7f5fb89b7000-7f5fb89e7000 rw-p 00000000 00:00 0 
7f5fb89e7000-7f5fb8a01000 r-xp 00000000 08:01 40639757                   /lib/x86_64-linux-gnu/libpthread-2.27.so
7f5fb8a01000-7f5fb8c00000 ---p 0001a000 08:01 40639757                   /lib/x86_64-linux-gnu/libpthread-2.27.so
7f5fb8c00000-7f5fb8c01000 r--p 00019000 08:01 40639757                   /lib/x86_64-linux-gnu/libpthread-2.27.so
7f5fb8c01000-7f5fb8c02000 rw-p 0001a000 08:01 40639757                   /lib/x86_64-linux-gnu/libpthread-2.27.so
7f5fb8c02000-7f5fb8c06000 rw-p 00000000 00:00 0 
7f5fb8c06000-7f5fb8c09000 r-xp 00000000 08:01 40639745                   /lib/x86_64-linux-gnu/libdl-2.27.so
7f5fb8c09000-7f5fb8e08000 ---p 00003000 08:01 40639745                   /lib/x86_64-linux-gnu/libdl-2.27.so
7f5fb8e08000-7f5fb8e09000 r--p 00002000 08:01 40639745                   /lib/x86_64-linux-gnu/libdl-2.27.so
7f5fb8e09000-7f5fb8e0a000 rw-p 00003000 08:01 40639745                   /lib/x86_64-linux-gnu/libdl-2.27.so
7f5fb8e0a000-7f5fb8e26000 r-xp 00000000 08:01 40637232                   /lib/x86_64-linux-gnu/libz.so.1.2.11
7f5fb8e26000-7f5fb9025000 ---p 0001c000 08:01 40637232                   /lib/x86_64-linux-gnu/libz.so.1.2.11
7f5fb9025000-7f5fb9026000 r--p 0001b000 08:01 40637232                   /lib/x86_64-linux-gnu/libz.so.1.2.11
7f5fb9026000-7f5fb9027000 rw-p 0001c000 08:01 40637232                   /lib/x86_64-linux-gnu/libz.so.1.2.11
7f5fb9027000-7f5fb920e000 r-xp 00000000 08:01 40639742                   /lib/x86_64-linux-gnu/libc-2.27.so
7f5fb920e000-7f5fb940e000 ---p 001e7000 08:01 40639742                   /lib/x86_64-linux-gnu/libc-2.27.so
7f5fb940e000-7f5fb9412000 r--p 001e7000 08:01 40639742                   /lib/x86_64-linux-gnu/libc-2.27.so
7f5fb9412000-7f5fb9414000 rw-p 001eb000 08:01 40639742                   /lib/x86_64-linux-gnu/libc-2.27.so
7f5fb9414000-7f5fb9418000 rw-p 00000000 00:00 0 
7f5fb9418000-7f5fb9426000 r-xp 00000000 08:01 7866329                    /usr/lib/jvm/java-8-openjdk-amd64/jre/lib/amd64/jli/libjli.so
7f5fb9426000-7f5fb9625000 ---p 0000e000 08:01 7866329                    /usr/lib/jvm/java-8-openjdk-amd64/jre/lib/amd64/jli/libjli.so
7f5fb9625000-7f5fb9626000 r--p 0000d000 08:01 7866329                    /usr/lib/jvm/java-8-openjdk-amd64/jre/lib/amd64/jli/libjli.so
7f5fb9626000-7f5fb9627000 rw-p 0000e000 08:01 7866329                    /usr/lib/jvm/java-8-openjdk-amd64/jre/lib/amd64/jli/libjli.so
7f5fb9627000-7f5fb964e000 r-xp 00000000 08:01 40639737                   /lib/x86_64-linux-gnu/ld-2.27.so
7f5fb964e000-7f5fb964f000 r--s 0000a000 08:01 6163736                    /usr/share/java/maven3-settings.jar
7f5fb964f000-7f5fb9650000 r--s 00001000 08:01 6164038                    /usr/share/java/wagon-file.jar
7f5fb9650000-7f5fb9652000 r--s 00006000 08:01 6161467                    /usr/share/java/maven-resolver-spi.jar
7f5fb9652000-7f5fb9654000 r--s 0000d000 08:01 6163468                    /usr/share/java/maven3-resolver-provider.jar
7f5fb9654000-7f5fb9656000 r--s 0000b000 08:01 6161862                    /usr/share/java/plexus-classworlds.jar
7f5fb9656000-7f5fb965c000 r--s 0003d000 08:01 7869673                    /usr/lib/jvm/java-8-openjdk-amd64/jre/lib/ext/sunjce_provider.jar
7f5fb965c000-7f5fb9727000 rw-p 00000000 00:00 0 
7f5fb9727000-7f5fb9728000 ---p 00000000 00:00 0 
7f5fb9728000-7f5fb972b000 ---p 00000000 00:00 0 
7f5fb972b000-7f5fb982a000 rw-p 00000000 00:00 0 
7f5fb982a000-7f5fb982c000 r--s 00001000 08:01 7869667                    /usr/lib/jvm/java-8-openjdk-amd64/jre/lib/ext/dnsns.jar
7f5fb982c000-7f5fb982e000 r--s 00007000 08:01 6160873                    /usr/share/java/java-atk-wrapper.jar
7f5fb982e000-7f5fb9838000 r--s 00116000 08:01 7869670                    /usr/lib/jvm/java-8-openjdk-amd64/jre/lib/ext/localedata.jar
7f5fb9838000-7f5fb9839000 r--s 0000d000 08:01 7869672                    /usr/lib/jvm/java-8-openjdk-amd64/jre/lib/ext/sunec.jar
7f5fb9839000-7f5fb983a000 r--s 00010000 08:01 7869675                    /usr/lib/jvm/java-8-openjdk-amd64/jre/lib/ext/zipfs.jar
7f5fb983a000-7f5fb983d000 r--s 0000f000 08:01 7869668                    /usr/lib/jvm/java-8-openjdk-amd64/jre/lib/ext/icedtea-sound.jar
7f5fb983d000-7f5fb983e000 r--s 0000a000 08:01 7869669                    /usr/lib/jvm/java-8-openjdk-amd64/jre/lib/ext/jaccess.jar
7f5fb983e000-7f5fb9842000 r--s 0003a000 08:01 7869674                    /usr/lib/jvm/java-8-openjdk-amd64/jre/lib/ext/sunpkcs11.jar
7f5fb9842000-7f5fb984a000 rw-s 00000000 08:01 45357607                   /tmp/hsperfdata_kael/20089
7f5fb984a000-7f5fb984b000 rw-p 00000000 00:00 0 
7f5fb984b000-7f5fb984c000 r--p 00000000 00:00 0 
7f5fb984c000-7f5fb984e000 rw-p 00000000 00:00 0 
7f5fb984e000-7f5fb984f000 r--p 00027000 08:01 40639737                   /lib/x86_64-linux-gnu/ld-2.27.so
7f5fb984f000-7f5fb9850000 rw-p 00028000 08:01 40639737                   /lib/x86_64-linux-gnu/ld-2.27.so
7f5fb9850000-7f5fb9851000 rw-p 00000000 00:00 0 
7ffe14f9e000-7ffe14fbf000 rw-p 00000000 00:00 0                          [stack]
7ffe14fea000-7ffe14fed000 r--p 00000000 00:00 0                          [vvar]
7ffe14fed000-7ffe14fef000 r-xp 00000000 00:00 0                          [vdso]
ffffffffff600000-ffffffffff601000 r-xp 00000000 00:00 0                  [vsyscall]

VM Arguments:
jvm_args: -Dclassworlds.conf=/usr/share/maven/bin/m2.conf -Dmaven.home=/usr/share/maven -Dlibrary.jansi.path=/usr/share/maven/lib/jansi-native -Dmaven.multiModuleProjectDirectory=/home/kael/Code/survivor-s3-plugins 
java_command: org.codehaus.plexus.classworlds.launcher.Launcher package
java_class_path (initial): /usr/share/maven/boot/plexus-classworlds-2.x.jar
Launcher Type: SUN_STANDARD

Environment Variables:
JAVA_HOME=/usr/lib/jvm/java-8-openjdk-amd64
JRE_HOME=/usr/lib/jvm/java-8-openjdk-amd64/jre
PATH=/home/kael/Code/survivor-s3-plugins/node_modules/.bin:/home/kael/.vscode-server/bin/17299e413d5590b14ab0340ea477cdd86ff13daf/bin:/home/kael/.local/share/umake/bin:/home/kael/.local/bin:/usr/lib/jvm/java-1.11.0-openjdk-amd64/bin:/home/kael/.vscode-server/bin/17299e413d5590b14ab0340ea477cdd86ff13daf/bin:/usr/local/sbin:/usr/local/bin:/usr/sbin:/usr/bin:/sbin:/bin:/usr/games:/usr/local/games:/snap/bin:/home/kael/Library/flutter/bin:/usr/lib/android-sdk/tools/bin:/usr/lib/android-sdk/emulator:JAVA_HOME:JRE_HOME:/home/kael/Library/flutter/bin:/usr/lib/android-sdk/tools/bin:/usr/lib/android-sdk/emulator:JAVA_HOME:JRE_HOME
SHELL=/bin/bash

Signal Handlers:
SIGSEGV: [libjvm.so+0xabd470], sa_mask[0]=11111111011111111101111111111110, sa_flags=SA_RESTART|SA_SIGINFO
SIGBUS: [libjvm.so+0xabd470], sa_mask[0]=11111111011111111101111111111110, sa_flags=SA_RESTART|SA_SIGINFO
SIGFPE: [libjvm.so+0x8f1c90], sa_mask[0]=11111111011111111101111111111110, sa_flags=SA_RESTART|SA_SIGINFO
SIGPIPE: [libjvm.so+0x8f1c90], sa_mask[0]=11111111011111111101111111111110, sa_flags=SA_RESTART|SA_SIGINFO
SIGXFSZ: [libjvm.so+0x8f1c90], sa_mask[0]=11111111011111111101111111111110, sa_flags=SA_RESTART|SA_SIGINFO
SIGILL: [libjvm.so+0x8f1c90], sa_mask[0]=11111111011111111101111111111110, sa_flags=SA_RESTART|SA_SIGINFO
SIGUSR1: SIG_DFL, sa_mask[0]=00000000000000000000000000000000, sa_flags=none
SIGUSR2: [libjvm.so+0x8f1b40], sa_mask[0]=00000000000000000000000000000000, sa_flags=SA_RESTART|SA_SIGINFO
SIGHUP: [libjvm.so+0x8f21b0], sa_mask[0]=11111111011111111101111111111110, sa_flags=SA_RESTART|SA_SIGINFO
SIGINT: [libjvm.so+0x8f21b0], sa_mask[0]=11111111011111111101111111111110, sa_flags=SA_RESTART|SA_SIGINFO
SIGTERM: [libjvm.so+0x8f21b0], sa_mask[0]=11111111011111111101111111111110, sa_flags=SA_RESTART|SA_SIGINFO
SIGQUIT: [libjvm.so+0x8f21b0], sa_mask[0]=11111111011111111101111111111110, sa_flags=SA_RESTART|SA_SIGINFO


---------------  S Y S T E M  ---------------

OS:DISTRIB_ID=Ubuntu
DISTRIB_RELEASE=18.04
DISTRIB_CODENAME=bionic
DISTRIB_DESCRIPTION="Ubuntu 18.04.4 LTS"

uname:Linux 4.15.0-111-generic #112-Ubuntu SMP Thu Jul 9 20:32:34 UTC 2020 x86_64
libc:glibc 2.27 NPTL 2.27 
rlimit: STACK 8192k, CORE 0k, NPROC 31295, NOFILE 1048576, AS infinity
load average:0.50 0.58 0.62

/proc/meminfo:
MemTotal:        8058584 kB
MemFree:          347152 kB
MemAvailable:    3528196 kB
Buffers:          598664 kB
Cached:          2763292 kB
SwapCached:            0 kB
Active:          5124656 kB
Inactive:        1872516 kB
Active(anon):    3636496 kB
Inactive(anon):   315432 kB
Active(file):    1488160 kB
Inactive(file):  1557084 kB
Unevictable:          16 kB
Mlocked:              16 kB
SwapTotal:       2097148 kB
SwapFree:        2097148 kB
Dirty:               764 kB
Writeback:             0 kB
AnonPages:       3635420 kB
Mapped:           503392 kB
Shmem:            316708 kB
Slab:             559972 kB
SReclaimable:     437596 kB
SUnreclaim:       122376 kB
KernelStack:       13552 kB
PageTables:        51644 kB
NFS_Unstable:          0 kB
Bounce:                0 kB
WritebackTmp:          0 kB
CommitLimit:     6126440 kB
Committed_AS:    9129592 kB
VmallocTotal:   34359738367 kB
VmallocUsed:           0 kB
VmallocChunk:          0 kB
HardwareCorrupted:     0 kB
AnonHugePages:         0 kB
ShmemHugePages:        0 kB
ShmemPmdMapped:        0 kB
CmaTotal:              0 kB
CmaFree:               0 kB
HugePages_Total:       0
HugePages_Free:        0
HugePages_Rsvd:        0
HugePages_Surp:        0
Hugepagesize:       2048 kB
DirectMap4k:      337584 kB
DirectMap2M:     7942144 kB

container (cgroup) information:
container_type: cgroupv1
cpu_cpuset_cpus: 0-7
cpu_memory_nodes: 0
active_processor_count: 8
cpu_quota: -1
cpu_period: 100000
cpu_shares: -1
memory_limit_in_bytes: -1
memory_and_swap_limit_in_bytes: -2
memory_soft_limit_in_bytes: -1
memory_usage_in_bytes: 5569560576
memory_max_usage_in_bytes: 5662916608


CPU:total 8 (initial active 8) (4 cores per cpu, 2 threads per core) family 6 model 58 stepping 9, cmov, cx8, fxsr, mmx, sse, sse2, sse3, ssse3, sse4.1, sse4.2, popcnt, avx, aes, clmul, erms, ht, tsc, tscinvbit, tscinv

/proc/cpuinfo:
processor	: 0
vendor_id	: GenuineIntel
cpu family	: 6
model		: 58
model name	: Intel(R) Core(TM) i7-3740QM CPU @ 2.70GHz
stepping	: 9
microcode	: 0x21
cpu MHz		: 3422.634
cache size	: 6144 KB
physical id	: 0
siblings	: 8
core id		: 0
cpu cores	: 4
apicid		: 0
initial apicid	: 0
fpu		: yes
fpu_exception	: yes
cpuid level	: 13
wp		: yes
flags		: fpu vme de pse tsc msr pae mce cx8 apic sep mtrr pge mca cmov pat pse36 clflush dts acpi mmx fxsr sse sse2 ss ht tm pbe syscall nx rdtscp lm constant_tsc arch_perfmon pebs bts rep_good nopl xtopology nonstop_tsc cpuid aperfmperf pni pclmulqdq dtes64 monitor ds_cpl vmx smx est tm2 ssse3 cx16 xtpr pdcm pcid sse4_1 sse4_2 x2apic popcnt tsc_deadline_timer aes xsave avx f16c rdrand lahf_lm cpuid_fault epb pti ssbd ibrs ibpb stibp tpr_shadow vnmi flexpriority ept vpid fsgsbase smep erms xsaveopt dtherm ida arat pln pts md_clear flush_l1d
bugs		: cpu_meltdown spectre_v1 spectre_v2 spec_store_bypass l1tf mds swapgs itlb_multihit srbds
bogomips	: 5387.84
clflush size	: 64
cache_alignment	: 64
address sizes	: 36 bits physical, 48 bits virtual
power management:

processor	: 1
vendor_id	: GenuineIntel
cpu family	: 6
model		: 58
model name	: Intel(R) Core(TM) i7-3740QM CPU @ 2.70GHz
stepping	: 9
microcode	: 0x21
cpu MHz		: 3422.617
cache size	: 6144 KB
physical id	: 0
siblings	: 8
core id		: 1
cpu cores	: 4
apicid		: 2
initial apicid	: 2
fpu		: yes
fpu_exception	: yes
cpuid level	: 13
wp		: yes
flags		: fpu vme de pse tsc msr pae mce cx8 apic sep mtrr pge mca cmov pat pse36 clflush dts acpi mmx fxsr sse sse2 ss ht tm pbe syscall nx rdtscp lm constant_tsc arch_perfmon pebs bts rep_good nopl xtopology nonstop_tsc cpuid aperfmperf pni pclmulqdq dtes64 monitor ds_cpl vmx smx est tm2 ssse3 cx16 xtpr pdcm pcid sse4_1 sse4_2 x2apic popcnt tsc_deadline_timer aes xsave avx f16c rdrand lahf_lm cpuid_fault epb pti ssbd ibrs ibpb stibp tpr_shadow vnmi flexpriority ept vpid fsgsbase smep erms xsaveopt dtherm ida arat pln pts md_clear flush_l1d
bugs		: cpu_meltdown spectre_v1 spectre_v2 spec_store_bypass l1tf mds swapgs itlb_multihit srbds
bogomips	: 5387.84
clflush size	: 64
cache_alignment	: 64
address sizes	: 36 bits physical, 48 bits virtual
power management:

processor	: 2
vendor_id	: GenuineIntel
cpu family	: 6
model		: 58
model name	: Intel(R) Core(TM) i7-3740QM CPU @ 2.70GHz
stepping	: 9
microcode	: 0x21
cpu MHz		: 3423.295
cache size	: 6144 KB
physical id	: 0
siblings	: 8
core id		: 2
cpu cores	: 4
apicid		: 4
initial apicid	: 4
fpu		: yes
fpu_exception	: yes
cpuid level	: 13
wp		: yes
flags		: fpu vme de pse tsc msr pae mce cx8 apic sep mtrr pge mca cmov pat pse36 clflush dts acpi mmx fxsr sse sse2 ss ht tm pbe syscall nx rdtscp lm constant_tsc arch_perfmon pebs bts rep_good nopl xtopology nonstop_tsc cpuid aperfmperf pni pclmulqdq dtes64 monitor ds_cpl vmx smx est tm2 ssse3 cx16 xtpr pdcm pcid sse4_1 sse4_2 x2apic popcnt tsc_deadline_timer aes xsave avx f16c rdrand lahf_lm cpuid_fault epb pti ssbd ibrs ibpb stibp tpr_shadow vnmi flexpriority ept vpid fsgsbase smep erms xsaveopt dtherm ida arat pln pts md_clear flush_l1d
bugs		: cpu_meltdown spectre_v1 spectre_v2 spec_store_bypass l1tf mds swapgs itlb_multihit srbds
bogomips	: 5387.84
clflush size	: 64
cache_alignment	: 64
address sizes	: 36 bits physical, 48 bits virtual
power management:

processor	: 3
vendor_id	: GenuineIntel
cpu family	: 6
model		: 58
model name	: Intel(R) Core(TM) i7-3740QM CPU @ 2.70GHz
stepping	: 9
microcode	: 0x21
cpu MHz		: 3423.938
cache size	: 6144 KB
physical id	: 0
siblings	: 8
core id		: 3
cpu cores	: 4
apicid		: 6
initial apicid	: 6
fpu		: yes
fpu_exception	: yes
cpuid level	: 13
wp		: yes
flags		: fpu vme de pse tsc msr pae mce cx8 apic sep mtrr pge mca cmov pat pse36 clflush dts acpi mmx fxsr sse sse2 ss ht tm pbe syscall nx rdtscp lm constant_tsc arch_perfmon pebs bts rep_good nopl xtopology nonstop_tsc cpuid aperfmperf pni pclmulqdq dtes64 monitor ds_cpl vmx smx est tm2 ssse3 cx16 xtpr pdcm pcid sse4_1 sse4_2 x2apic popcnt tsc_deadline_timer aes xsave avx f16c rdrand lahf_lm cpuid_fault epb pti ssbd ibrs ibpb stibp tpr_shadow vnmi flexpriority ept vpid fsgsbase smep erms xsaveopt dtherm ida arat pln pts md_clear flush_l1d
bugs		: cpu_meltdown spectre_v1 spectre_v2 spec_store_bypass l1tf mds swapgs itlb_multihit srbds
bogomips	: 5387.84
clflush size	: 64
cache_alignment	: 64
address sizes	: 36 bits physical, 48 bits virtual
power management:

processor	: 4
vendor_id	: GenuineIntel
cpu family	: 6
model		: 58
model name	: Intel(R) Core(TM) i7-3740QM CPU @ 2.70GHz
stepping	: 9
microcode	: 0x21
cpu MHz		: 3424.584
cache size	: 6144 KB
physical id	: 0
siblings	: 8
core id		: 0
cpu cores	: 4
apicid		: 1
initial apicid	: 1
fpu		: yes
fpu_exception	: yes
cpuid level	: 13
wp		: yes
flags		: fpu vme de pse tsc msr pae mce cx8 apic sep mtrr pge mca cmov pat pse36 clflush dts acpi mmx fxsr sse sse2 ss ht tm pbe syscall nx rdtscp lm constant_tsc arch_perfmon pebs bts rep_good nopl xtopology nonstop_tsc cpuid aperfmperf pni pclmulqdq dtes64 monitor ds_cpl vmx smx est tm2 ssse3 cx16 xtpr pdcm pcid sse4_1 sse4_2 x2apic popcnt tsc_deadline_timer aes xsave avx f16c rdrand lahf_lm cpuid_fault epb pti ssbd ibrs ibpb stibp tpr_shadow vnmi flexpriority ept vpid fsgsbase smep erms xsaveopt dtherm ida arat pln pts md_clear flush_l1d
bugs		: cpu_meltdown spectre_v1 spectre_v2 spec_store_bypass l1tf mds swapgs itlb_multihit srbds
bogomips	: 5387.84
clflush size	: 64
cache_alignment	: 64
address sizes	: 36 bits physical, 48 bits virtual
power management:

processor	: 5
vendor_id	: GenuineIntel
cpu family	: 6
model		: 58
model name	: Intel(R) Core(TM) i7-3740QM CPU @ 2.70GHz
stepping	: 9
microcode	: 0x21
cpu MHz		: 3414.610
cache size	: 6144 KB
physical id	: 0
siblings	: 8
core id		: 1
cpu cores	: 4
apicid		: 3
initial apicid	: 3
fpu		: yes
fpu_exception	: yes
cpuid level	: 13
wp		: yes
flags		: fpu vme de pse tsc msr pae mce cx8 apic sep mtrr pge mca cmov pat pse36 clflush dts acpi mmx fxsr sse sse2 ss ht tm pbe syscall nx rdtscp lm constant_tsc arch_perfmon pebs bts rep_good nopl xtopology nonstop_tsc cpuid aperfmperf pni pclmulqdq dtes64 monitor ds_cpl vmx smx est tm2 ssse3 cx16 xtpr pdcm pcid sse4_1 sse4_2 x2apic popcnt tsc_deadline_timer aes xsave avx f16c rdrand lahf_lm cpuid_fault epb pti ssbd ibrs ibpb stibp tpr_shadow vnmi flexpriority ept vpid fsgsbase smep erms xsaveopt dtherm ida arat pln pts md_clear flush_l1d
bugs		: cpu_meltdown spectre_v1 spectre_v2 spec_store_bypass l1tf mds swapgs itlb_multihit srbds
bogomips	: 5387.84
clflush size	: 64
cache_alignment	: 64
address sizes	: 36 bits physical, 48 bits virtual
power management:

processor	: 6
vendor_id	: GenuineIntel
cpu family	: 6
model		: 58
model name	: Intel(R) Core(TM) i7-3740QM CPU @ 2.70GHz
stepping	: 9
microcode	: 0x21
cpu MHz		: 3413.242
cache size	: 6144 KB
physical id	: 0
siblings	: 8
core id		: 2
cpu cores	: 4
apicid		: 5
initial apicid	: 5
fpu		: yes
fpu_exception	: yes
cpuid level	: 13
wp		: yes
flags		: fpu vme de pse tsc msr pae mce cx8 apic sep mtrr pge mca cmov pat pse36 clflush dts acpi mmx fxsr sse sse2 ss ht tm pbe syscall nx rdtscp lm constant_tsc arch_perfmon pebs bts rep_good nopl xtopology nonstop_tsc cpuid aperfmperf pni pclmulqdq dtes64 monitor ds_cpl vmx smx est tm2 ssse3 cx16 xtpr pdcm pcid sse4_1 sse4_2 x2apic popcnt tsc_deadline_timer aes xsave avx f16c rdrand lahf_lm cpuid_fault epb pti ssbd ibrs ibpb stibp tpr_shadow vnmi flexpriority ept vpid fsgsbase smep erms xsaveopt dtherm ida arat pln pts md_clear flush_l1d
bugs		: cpu_meltdown spectre_v1 spectre_v2 spec_store_bypass l1tf mds swapgs itlb_multihit srbds
bogomips	: 5387.84
clflush size	: 64
cache_alignment	: 64
address sizes	: 36 bits physical, 48 bits virtual
power management:

processor	: 7
vendor_id	: GenuineIntel
cpu family	: 6
model		: 58
model name	: Intel(R) Core(TM) i7-3740QM CPU @ 2.70GHz
stepping	: 9
microcode	: 0x21
cpu MHz		: 3415.120
cache size	: 6144 KB
physical id	: 0
siblings	: 8
core id		: 3
cpu cores	: 4
apicid		: 7
initial apicid	: 7
fpu		: yes
fpu_exception	: yes
cpuid level	: 13
wp		: yes
flags		: fpu vme de pse tsc msr pae mce cx8 apic sep mtrr pge mca cmov pat pse36 clflush dts acpi mmx fxsr sse sse2 ss ht tm pbe syscall nx rdtscp lm constant_tsc arch_perfmon pebs bts rep_good nopl xtopology nonstop_tsc cpuid aperfmperf pni pclmulqdq dtes64 monitor ds_cpl vmx smx est tm2 ssse3 cx16 xtpr pdcm pcid sse4_1 sse4_2 x2apic popcnt tsc_deadline_timer aes xsave avx f16c rdrand lahf_lm cpuid_fault epb pti ssbd ibrs ibpb stibp tpr_shadow vnmi flexpriority ept vpid fsgsbase smep erms xsaveopt dtherm ida arat pln pts md_clear flush_l1d
bugs		: cpu_meltdown spectre_v1 spectre_v2 spec_store_bypass l1tf mds swapgs itlb_multihit srbds
bogomips	: 5387.84
clflush size	: 64
cache_alignment	: 64
address sizes	: 36 bits physical, 48 bits virtual
power management:



Memory: 4k page, physical 8058584k(343232k free), swap 2097148k(2097148k free)

vm_info: OpenJDK 64-Bit Server VM (25.252-b09) for linux-amd64 JRE (1.8.0_252-8u252-b09-1~18.04-b09), built on Apr 15 2020 18:48:05 by "buildd" with gcc 7.5.0

time: Sat Jul 18 14:25:37 2020
timezone: CDT
elapsed time: 1 seconds (0d 0h 0m 1s)

