#
# A fatal error has been detected by the Java Runtime Environment:
#
#  SIGSEGV (0xb) at pc=0x00007fdee044ab82, pid=17228, tid=0x00007fdee192c380
#
# JRE version: OpenJDK Runtime Environment (8.0_252-b09) (build 1.8.0_252-8u252-b09-1~18.04-b09)
# Java VM: OpenJDK 64-Bit Server VM (25.252-b09 mixed mode linux-amd64 compressed oops)
# Problematic frame:
# V  [libjvm.so+0x8f1b82]
#
# Failed to write core dump. Core dumps have been disabled. To enable core dumping, try "ulimit -c unlimited" before starting Java again
#
# If you would like to submit a bug report, please visit:
#   http://bugreport.java.com/bugreport/crash.jsp
#

---------------  T H R E A D  ---------------

Current thread is native thread

siginfo: si_signo: 11 (SIGSEGV), si_code: 1 (SEGV_MAPERR), si_addr: 0x0000000000000110

Registers:
RAX=0x0000000000000000, RBX=0x00007fdee192a700, RCX=0x00007fdee0af2d2d, RDX=0x00007fdee192c6a0
RSP=0x00007ffe92bde070, RBP=0x00007ffe92bde130, RSI=0x00007ffe92bde270, RDI=0x0000000000000001
R8 =0x00000000000000ca, R9 =0x00007fdee192a9d0, R10=0x0000000000000000, R11=0x0000000000000246
R12=0x00007fdee192c300, R13=0x0000000000000000, R14=0x00007ffe92bde270, R15=0x00007ffe92bde140
RIP=0x00007fdee044ab82, EFLAGS=0x0000000000010246, CSGSFS=0x002b000000000033, ERR=0x0000000000000004
  TRAPNO=0x000000000000000e

Top of Stack: (sp=0x00007ffe92bde070)
0x00007ffe92bde070:   0000000000000007 0000000000000000
0x00007ffe92bde080:   ffffffffffffffff 0000000000000000
0x00007ffe92bde090:   000000620000006e 00007fdee173b7a4
0x00007ffe92bde0a0:   00007fdeffffffff 00007fdee194f050
0x00007ffe92bde0b0:   0000000000000001 00007fdee1734faf
0x00007ffe92bde0c0:   00007fdee194f560 00007fdee15264cb
0x00007ffe92bde0d0:   00007ffe92bde670 00007fdee113b9d0
0x00007ffe92bde0e0:   0000000001e5cb59 00007fdee0aed13b
0x00007ffe92bde0f0:   00007fdee0aeaf48 00385502d9f3ed00
0x00007ffe92bde100:   00007fde00000002 00007fdee192a700
0x00007ffe92bde110:   0000000000000000 00007ffe92bde710
0x00007ffe92bde120:   0000000000000000 000056458280e568
0x00007ffe92bde130:   00007ffe92bde778 00007fdee1168fd0
0x00007ffe92bde140:   0000000000000007 0000000000000000
0x00007ffe92bde150:   0000000000000000 0000000000000002
0x00007ffe92bde160:   0000000000000000 00000000000000ca
0x00007ffe92bde170:   00007fdee192a9d0 0000000000000000
0x00007ffe92bde180:   0000000000000246 0000000000000000
0x00007ffe92bde190:   00007ffe92bde710 0000000000000000
0x00007ffe92bde1a0:   000056458280e568 00007fdee192a9d0
0x00007ffe92bde1b0:   0000000000000000 00007ffe92bde778
0x00007ffe92bde1c0:   00007fdee192a700 0000000000004379
0x00007ffe92bde1d0:   00000000000000ca 00007fdee0af2d2d
0x00007ffe92bde1e0:   00007ffe92bde700 00007fdee0af2d2b
0x00007ffe92bde1f0:   0000000000000246 002b000000000033
0x00007ffe92bde200:   0000000000000000 0000000000000000
0x00007ffe92bde210:   0000000000000000 0000000000000000
0x00007ffe92bde220:   00007ffe92bde300 0000000000000000
0x00007ffe92bde230:   0000564582824090 0000000000000000
0x00007ffe92bde240:   000000000000000b 00007fdee1950590
0x00007ffe92bde250:   00007fdee1133cc0 0000000005d4073c
0x00007ffe92bde260:   00007fdee194f3a8 0000000000000000 

Instructions: (pc=0x00007fdee044ab82)
0x00007fdee044ab62:   00 48 89 45 c8 31 c0 e8 42 e4 8f ff 44 8b 28 49
0x00007fdee044ab72:   89 c4 48 8d 05 cd a9 65 00 8b 38 e8 a6 e6 8f ff
0x00007fdee044ab82:   48 8b 98 10 01 00 00 8b 83 a8 00 00 00 83 f8 01
0x00007fdee044ab92:   74 2c 48 8b 45 c8 64 48 33 04 25 28 00 00 00 45 

Register to memory mapping:

RAX=0x0000000000000000 is an unknown value
RBX=0x00007fdee192a700 is pointing into the stack for thread: 0x00007fded800b800
RCX=0x00007fdee0af2d2d: <offset 0x8d2d> in /lib/x86_64-linux-gnu/libpthread.so.0 at 0x00007fdee0aea000
RDX=0x00007fdee192c6a0 is an unknown value
RSP=0x00007ffe92bde070 is an unknown value
RBP=0x00007ffe92bde130 is an unknown value
RSI=0x00007ffe92bde270 is an unknown value
RDI=0x0000000000000001 is an unknown value
R8 =0x00000000000000ca is an unknown value
R9 =0x00007fdee192a9d0 is pointing into the stack for thread: 0x00007fded800b800
R10=0x0000000000000000 is an unknown value
R11=0x0000000000000246 is an unknown value
R12=0x00007fdee192c300 is an unknown value
R13=0x0000000000000000 is an unknown value
R14=0x00007ffe92bde270 is an unknown value
R15=0x00007ffe92bde140 is an unknown value


Stack: [0x00007ffe92ae5000,0x00007ffe92be5000],  sp=0x00007ffe92bde070,  free space=996k
Native frames: (J=compiled Java code, j=interpreted, Vv=VM code, C=native code)
V  [libjvm.so+0x8f1b82]
C  [libc.so.6+0x3efd0]


---------------  P R O C E S S  ---------------

VM state:not at safepoint (normal execution)

VM Mutex/Monitor currently owned by a thread: None

heap address: 0x0000000085000000, size: 1968 MB, Compressed Oops mode: 32-bit
Narrow klass base: 0x0000000000000000, Narrow klass shift: 3
Compressed class space size: 1073741824 Address: 0x0000000100000000

Heap:
 PSYoungGen      total 132096K, used 4160K [0x00000000d7000000, 0x00000000e7e00000, 0x0000000100000000)
  eden space 126976K, 3% used [0x00000000d7000000,0x00000000d7410378,0x00000000dec00000)
  from space 5120K, 0% used [0x00000000dec00000,0x00000000dec00000,0x00000000df100000)
  to   space 11264K, 0% used [0x00000000e7300000,0x00000000e7300000,0x00000000e7e00000)
 ParOldGen       total 67072K, used 12251K [0x0000000085000000, 0x0000000089180000, 0x00000000d7000000)
  object space 67072K, 18% used [0x0000000085000000,0x0000000085bf6ec8,0x0000000089180000)
 Metaspace       used 21184K, capacity 21858K, committed 21936K, reserved 1069056K
  class space    used 2382K, capacity 2541K, committed 2560K, reserved 1048576K

Card table byte_map: [0x00007fdedd9f0000,0x00007fdedddc9000] byte_map_base: 0x00007fdedd5c8000

Marking Bits: (ParMarkBitMap*) 0x00007fdee0acd3c0
 Begin Bits: [0x00007fdea4280000, 0x00007fdea6140000)
 End Bits:   [0x00007fdea6140000, 0x00007fdea8000000)

Polling page: 0x00007fdee194e000

CodeCache: size=245760Kb used=12721Kb max_used=12721Kb free=233038Kb
 bounds [0x00007fdec9000000, 0x00007fdec9c80000, 0x00007fded8000000]
 total_blobs=4054 nmethods=3660 adapters=308
 compilation: enabled

Compilation events (10 events):
Event: 3.976 Thread 0x00007fded80c8800 3681       3       jdk.internal.org.objectweb.asm.ClassWriter::newClass (9 bytes)
Event: 3.977 Thread 0x00007fded80c8800 nmethod 3681 0x00007fdec9c6e950 code [0x00007fdec9c6eac0, 0x00007fdec9c6ec68]
Event: 3.982 Thread 0x00007fded80c8800 3683       3       java.util.Arrays::equals (78 bytes)
Event: 3.983 Thread 0x00007fded80c8800 nmethod 3683 0x00007fdec9c6ed50 code [0x00007fdec9c6eee0, 0x00007fdec9c6f3c8]
Event: 3.983 Thread 0x00007fded80c8800 3685       3       java.lang.invoke.MethodType::parameterCount (6 bytes)
Event: 3.983 Thread 0x00007fded80c8800 nmethod 3685 0x00007fdec9c6f550 code [0x00007fdec9c6f6c0, 0x00007fdec9c6f810]
Event: 3.983 Thread 0x00007fded80c8800 3686       3       sun.invoke.util.BytecodeDescriptor::unparseSig (75 bytes)
Event: 3.984 Thread 0x00007fded80c8800 nmethod 3686 0x00007fdec9c6f8d0 code [0x00007fdec9c6fbc0, 0x00007fdec9c71358]
Event: 3.984 Thread 0x00007fded80c8800 3682       3       java.lang.invoke.MemberName::initResolved (53 bytes)
Event: 3.985 Thread 0x00007fded80c8800 nmethod 3682 0x00007fdec9c72190 code [0x00007fdec9c72300, 0x00007fdec9c724d0]

GC Heap History (10 events):
Event: 0.806 GC heap before
{Heap before GC invocations=2 (full 0):
 PSYoungGen      total 36864K, used 36405K [0x00000000d7000000, 0x00000000db800000, 0x0000000100000000)
  eden space 31744K, 100% used [0x00000000d7000000,0x00000000d8f00000,0x00000000d8f00000)
  from space 5120K, 91% used [0x00000000d8f00000,0x00000000d938d5a0,0x00000000d9400000)
  to   space 5120K, 0% used [0x00000000db300000,0x00000000db300000,0x00000000db800000)
 ParOldGen       total 84992K, used 8K [0x0000000085000000, 0x000000008a300000, 0x00000000d7000000)
  object space 84992K, 0% used [0x0000000085000000,0x0000000085002000,0x000000008a300000)
 Metaspace       used 11174K, capacity 11358K, committed 11520K, reserved 1058816K
  class space    used 1368K, capacity 1443K, committed 1536K, reserved 1048576K
Event: 0.810 GC heap after
Heap after GC invocations=2 (full 0):
 PSYoungGen      total 68608K, used 5108K [0x00000000d7000000, 0x00000000db800000, 0x0000000100000000)
  eden space 63488K, 0% used [0x00000000d7000000,0x00000000d7000000,0x00000000dae00000)
  from space 5120K, 99% used [0x00000000db300000,0x00000000db7fd060,0x00000000db800000)
  to   space 5120K, 0% used [0x00000000dae00000,0x00000000dae00000,0x00000000db300000)
 ParOldGen       total 84992K, used 1182K [0x0000000085000000, 0x000000008a300000, 0x00000000d7000000)
  object space 84992K, 1% used [0x0000000085000000,0x0000000085127ad8,0x000000008a300000)
 Metaspace       used 11174K, capacity 11358K, committed 11520K, reserved 1058816K
  class space    used 1368K, capacity 1443K, committed 1536K, reserved 1048576K
}
Event: 2.235 GC heap before
{Heap before GC invocations=3 (full 0):
 PSYoungGen      total 68608K, used 68596K [0x00000000d7000000, 0x00000000db800000, 0x0000000100000000)
  eden space 63488K, 100% used [0x00000000d7000000,0x00000000dae00000,0x00000000dae00000)
  from space 5120K, 99% used [0x00000000db300000,0x00000000db7fd060,0x00000000db800000)
  to   space 5120K, 0% used [0x00000000dae00000,0x00000000dae00000,0x00000000db300000)
 ParOldGen       total 84992K, used 1182K [0x0000000085000000, 0x000000008a300000, 0x00000000d7000000)
  object space 84992K, 1% used [0x0000000085000000,0x0000000085127ad8,0x000000008a300000)
 Metaspace       used 16624K, capacity 16926K, committed 17280K, reserved 1064960K
  class space    used 1971K, capacity 2067K, committed 2176K, reserved 1048576K
Event: 2.245 GC heap after
Heap after GC invocations=3 (full 0):
 PSYoungGen      total 68608K, used 5104K [0x00000000d7000000, 0x00000000df600000, 0x0000000100000000)
  eden space 63488K, 0% used [0x00000000d7000000,0x00000000d7000000,0x00000000dae00000)
  from space 5120K, 99% used [0x00000000dae00000,0x00000000db2fc010,0x00000000db300000)
  to   space 5120K, 0% used [0x00000000df100000,0x00000000df100000,0x00000000df600000)
 ParOldGen       total 84992K, used 4784K [0x0000000085000000, 0x000000008a300000, 0x00000000d7000000)
  object space 84992K, 5% used [0x0000000085000000,0x00000000854ac380,0x000000008a300000)
 Metaspace       used 16624K, capacity 16926K, committed 17280K, reserved 1064960K
  class space    used 1971K, capacity 2067K, committed 2176K, reserved 1048576K
}
Event: 3.037 GC heap before
{Heap before GC invocations=4 (full 0):
 PSYoungGen      total 68608K, used 68592K [0x00000000d7000000, 0x00000000df600000, 0x0000000100000000)
  eden space 63488K, 100% used [0x00000000d7000000,0x00000000dae00000,0x00000000dae00000)
  from space 5120K, 99% used [0x00000000dae00000,0x00000000db2fc010,0x00000000db300000)
  to   space 5120K, 0% used [0x00000000df100000,0x00000000df100000,0x00000000df600000)
 ParOldGen       total 84992K, used 4784K [0x0000000085000000, 0x000000008a300000, 0x00000000d7000000)
  object space 84992K, 5% used [0x0000000085000000,0x00000000854ac380,0x000000008a300000)
 Metaspace       used 17648K, capacity 18024K, committed 18304K, reserved 1064960K
  class space    used 2061K, capacity 2148K, committed 2176K, reserved 1048576K
Event: 3.048 GC heap after
Heap after GC invocations=4 (full 0):
 PSYoungGen      total 132096K, used 5104K [0x00000000d7000000, 0x00000000df600000, 0x0000000100000000)
  eden space 126976K, 0% used [0x00000000d7000000,0x00000000d7000000,0x00000000dec00000)
  from space 5120K, 99% used [0x00000000df100000,0x00000000df5fc030,0x00000000df600000)
  to   space 5120K, 0% used [0x00000000dec00000,0x00000000dec00000,0x00000000df100000)
 ParOldGen       total 84992K, used 8044K [0x0000000085000000, 0x000000008a300000, 0x00000000d7000000)
  object space 84992K, 9% used [0x0000000085000000,0x00000000857db070,0x000000008a300000)
 Metaspace       used 17648K, capacity 18024K, committed 18304K, reserved 1064960K
  class space    used 2061K, capacity 2148K, committed 2176K, reserved 1048576K
}
Event: 3.872 GC heap before
{Heap before GC invocations=5 (full 0):
 PSYoungGen      total 132096K, used 101504K [0x00000000d7000000, 0x00000000df600000, 0x0000000100000000)
  eden space 126976K, 75% used [0x00000000d7000000,0x00000000dce24160,0x00000000dec00000)
  from space 5120K, 99% used [0x00000000df100000,0x00000000df5fc030,0x00000000df600000)
  to   space 5120K, 0% used [0x00000000dec00000,0x00000000dec00000,0x00000000df100000)
 ParOldGen       total 84992K, used 8044K [0x0000000085000000, 0x000000008a300000, 0x00000000d7000000)
  object space 84992K, 9% used [0x0000000085000000,0x00000000857db070,0x000000008a300000)
 Metaspace       used 20599K, capacity 21192K, committed 21296K, reserved 1069056K
  class space    used 2292K, capacity 2426K, committed 2432K, reserved 1048576K
Event: 3.880 GC heap after
Heap after GC invocations=5 (full 0):
 PSYoungGen      total 132096K, used 5095K [0x00000000d7000000, 0x00000000e7e00000, 0x0000000100000000)
  eden space 126976K, 0% used [0x00000000d7000000,0x00000000d7000000,0x00000000dec00000)
  from space 5120K, 99% used [0x00000000dec00000,0x00000000df0f9c70,0x00000000df100000)
  to   space 11264K, 0% used [0x00000000e7300000,0x00000000e7300000,0x00000000e7e00000)
 ParOldGen       total 84992K, used 12373K [0x0000000085000000, 0x000000008a300000, 0x00000000d7000000)
  object space 84992K, 14% used [0x0000000085000000,0x0000000085c156b8,0x000000008a300000)
 Metaspace       used 20599K, capacity 21192K, committed 21296K, reserved 1069056K
  class space    used 2292K, capacity 2426K, committed 2432K, reserved 1048576K
}
Event: 3.880 GC heap before
{Heap before GC invocations=6 (full 1):
 PSYoungGen      total 132096K, used 5095K [0x00000000d7000000, 0x00000000e7e00000, 0x0000000100000000)
  eden space 126976K, 0% used [0x00000000d7000000,0x00000000d7000000,0x00000000dec00000)
  from space 5120K, 99% used [0x00000000dec00000,0x00000000df0f9c70,0x00000000df100000)
  to   space 11264K, 0% used [0x00000000e7300000,0x00000000e7300000,0x00000000e7e00000)
 ParOldGen       total 84992K, used 12373K [0x0000000085000000, 0x000000008a300000, 0x00000000d7000000)
  object space 84992K, 14% used [0x0000000085000000,0x0000000085c156b8,0x000000008a300000)
 Metaspace       used 20599K, capacity 21192K, committed 21296K, reserved 1069056K
  class space    used 2292K, capacity 2426K, committed 2432K, reserved 1048576K
Event: 3.932 GC heap after
Heap after GC invocations=6 (full 1):
 PSYoungGen      total 132096K, used 0K [0x00000000d7000000, 0x00000000e7e00000, 0x0000000100000000)
  eden space 126976K, 0% used [0x00000000d7000000,0x00000000d7000000,0x00000000dec00000)
  from space 5120K, 0% used [0x00000000dec00000,0x00000000dec00000,0x00000000df100000)
  to   space 11264K, 0% used [0x00000000e7300000,0x00000000e7300000,0x00000000e7e00000)
 ParOldGen       total 67072K, used 12251K [0x0000000085000000, 0x0000000089180000, 0x00000000d7000000)
  object space 67072K, 18% used [0x0000000085000000,0x0000000085bf6ec8,0x0000000089180000)
 Metaspace       used 20599K, capacity 21192K, committed 21296K, reserved 1069056K
  class space    used 2292K, capacity 2426K, committed 2432K, reserved 1048576K
}

Deoptimization events (10 events):
Event: 3.860 Thread 0x00007fded800b800 Uncommon trap: reason=class_check action=maybe_recompile pc=0x00007fdec98fdcc0 method=java.util.Collections$UnmodifiableMap$UnmodifiableEntrySet$UnmodifiableEntry.getKey()Ljava/lang/Object; @ 4
Event: 3.860 Thread 0x00007fded800b800 Uncommon trap: reason=class_check action=maybe_recompile pc=0x00007fdec98fda00 method=java.util.Collections$UnmodifiableMap$UnmodifiableEntrySet$UnmodifiableEntry.getValue()Ljava/lang/Object; @ 4
Event: 3.860 Thread 0x00007fded800b800 Uncommon trap: reason=class_check action=maybe_recompile pc=0x00007fdec987330c method=java.util.Collections$UnmodifiableMap$UnmodifiableEntrySet$1.hasNext()Z @ 4
Event: 3.860 Thread 0x00007fded800b800 Uncommon trap: reason=class_check action=maybe_recompile pc=0x00007fdec99203c4 method=java.util.Collections$UnmodifiableMap$UnmodifiableEntrySet$1.next()Ljava/util/Map$Entry; @ 8
Event: 3.860 Thread 0x00007fded800b800 Uncommon trap: reason=class_check action=maybe_recompile pc=0x00007fdec98fdcc0 method=java.util.Collections$UnmodifiableMap$UnmodifiableEntrySet$UnmodifiableEntry.getKey()Ljava/lang/Object; @ 4
Event: 3.860 Thread 0x00007fded800b800 Uncommon trap: reason=class_check action=maybe_recompile pc=0x00007fdec98fda00 method=java.util.Collections$UnmodifiableMap$UnmodifiableEntrySet$UnmodifiableEntry.getValue()Ljava/lang/Object; @ 4
Event: 3.860 Thread 0x00007fded800b800 Uncommon trap: reason=class_check action=maybe_recompile pc=0x00007fdec987330c method=java.util.Collections$UnmodifiableMap$UnmodifiableEntrySet$1.hasNext()Z @ 4
Event: 3.860 Thread 0x00007fded800b800 Uncommon trap: reason=class_check action=maybe_recompile pc=0x00007fdec99203c4 method=java.util.Collections$UnmodifiableMap$UnmodifiableEntrySet$1.next()Ljava/util/Map$Entry; @ 8
Event: 3.860 Thread 0x00007fded800b800 Uncommon trap: reason=class_check action=maybe_recompile pc=0x00007fdec98fdcc0 method=java.util.Collections$UnmodifiableMap$UnmodifiableEntrySet$UnmodifiableEntry.getKey()Ljava/lang/Object; @ 4
Event: 3.860 Thread 0x00007fded800b800 Uncommon trap: reason=class_check action=maybe_recompile pc=0x00007fdec98fda00 method=java.util.Collections$UnmodifiableMap$UnmodifiableEntrySet$UnmodifiableEntry.getValue()Ljava/lang/Object; @ 4

Classes redefined (0 events):
No events

Internal exceptions (10 events):
Event: 1.585 Thread 0x00007fded800b800 Exception <a 'java/lang/NullPointerException'> (0x00000000d9763198) thrown at [/build/openjdk-8-piDAoU/openjdk-8-8u252-b09/src/hotspot/src/share/vm/interpreter/linkResolver.cpp, line 1185]
Event: 1.585 Thread 0x00007fded800b800 Exception <a 'java/lang/NullPointerException'> (0x00000000d97633b0) thrown at [/build/openjdk-8-piDAoU/openjdk-8-8u252-b09/src/hotspot/src/share/vm/interpreter/linkResolver.cpp, line 1185]
Event: 2.037 Thread 0x00007fded800b800 Implicit null exception at 0x00007fdec93bc975 to 0x00007fdec93bcb59
Event: 2.185 Thread 0x00007fded800b800 Implicit null exception at 0x00007fdec9726401 to 0x00007fdec9726f15
Event: 2.227 Thread 0x00007fded800b800 Implicit null exception at 0x00007fdec936fbdb to 0x00007fdec9370209
Event: 3.554 Thread 0x00007fded8f84800 Implicit null exception at 0x00007fdec9962b88 to 0x00007fdec99630f1
Event: 3.558 Thread 0x00007fded800b800 Exception <a 'java/lang/NoSuchMethodError': org.apache.maven.execution.MavenExecutionRequest.getFailureBehavior()Ljava/lang/String;> (0x00000000da71c220) thrown at [/build/openjdk-8-piDAoU/openjdk-8-8u252-b09/src/hotspot/src/share/vm/interpreter/linkResol
Event: 3.659 Thread 0x00007fded800b800 Implicit null exception at 0x00007fdec9b62937 to 0x00007fdec9b62bed
Event: 3.952 Thread 0x00007fded800b800 Exception <a 'java/lang/NoSuchFieldError': method resolution failed> (0x00000000d70ba4b8) thrown at [/build/openjdk-8-piDAoU/openjdk-8-8u252-b09/src/hotspot/src/share/vm/prims/methodHandles.cpp, line 1167]
Event: 3.953 Thread 0x00007fded800b800 Exception <a 'java/lang/NoSuchFieldError': method resolution failed> (0x00000000d70c7b78) thrown at [/build/openjdk-8-piDAoU/openjdk-8-8u252-b09/src/hotspot/src/share/vm/prims/methodHandles.cpp, line 1167]

Events (10 events):
Event: 3.990 loading class org/apache/maven/surefire/shade/org/apache/maven/shared/utils/cli/CommandLineUtils$1
Event: 3.990 loading class org/apache/maven/surefire/shade/org/apache/maven/shared/utils/cli/CommandLineUtils$1 done
Event: 3.990 loading class org/apache/maven/surefire/shade/org/apache/maven/shared/utils/cli/CommandLineUtils$1
Event: 3.990 loading class org/apache/maven/surefire/shade/org/apache/maven/shared/utils/cli/CommandLineUtils$1 done
Event: 3.991 loading class org/apache/maven/surefire/shade/org/apache/maven/shared/utils/cli/CommandLineTimeOutException
Event: 3.991 loading class org/apache/maven/surefire/shade/org/apache/maven/shared/utils/cli/CommandLineTimeOutException done
Event: 3.991 loading class org/apache/maven/surefire/shade/org/apache/maven/shared/utils/cli/CommandLineTimeOutException
Event: 3.991 loading class org/apache/maven/surefire/shade/org/apache/maven/shared/utils/cli/CommandLineTimeOutException done
Event: 4.046 Executing VM operation: EnableBiasedLocking
Event: 4.047 Executing VM operation: EnableBiasedLocking done


Dynamic libraries:
85000000-89180000 rw-p 00000000 00:00 0 
89180000-d7000000 ---p 00000000 00:00 0 
d7000000-e7e00000 rw-p 00000000 00:00 0 
e7e00000-100000000 ---p 00000000 00:00 0 
100000000-100280000 rw-p 00000000 00:00 0 
100280000-140000000 ---p 00000000 00:00 0 
5645816ae000-5645816af000 r-xp 00000000 08:01 7346196                    /usr/lib/jvm/java-8-openjdk-amd64/jre/bin/java
5645818ae000-5645818af000 r--p 00000000 08:01 7346196                    /usr/lib/jvm/java-8-openjdk-amd64/jre/bin/java
5645818af000-5645818b0000 rw-p 00001000 08:01 7346196                    /usr/lib/jvm/java-8-openjdk-amd64/jre/bin/java
56458280e000-56458285a000 rw-p 00000000 00:00 0                          [heap]
7fde44000000-7fde44021000 rw-p 00000000 00:00 0 
7fde44021000-7fde48000000 ---p 00000000 00:00 0 
7fde4c000000-7fde4c021000 rw-p 00000000 00:00 0 
7fde4c021000-7fde50000000 ---p 00000000 00:00 0 
7fde50000000-7fde50021000 rw-p 00000000 00:00 0 
7fde50021000-7fde54000000 ---p 00000000 00:00 0 
7fde54000000-7fde54021000 rw-p 00000000 00:00 0 
7fde54021000-7fde58000000 ---p 00000000 00:00 0 
7fde58000000-7fde58021000 rw-p 00000000 00:00 0 
7fde58021000-7fde5c000000 ---p 00000000 00:00 0 
7fde5c000000-7fde5c021000 rw-p 00000000 00:00 0 
7fde5c021000-7fde60000000 ---p 00000000 00:00 0 
7fde60000000-7fde60021000 rw-p 00000000 00:00 0 
7fde60021000-7fde64000000 ---p 00000000 00:00 0 
7fde64000000-7fde64021000 rw-p 00000000 00:00 0 
7fde64021000-7fde68000000 ---p 00000000 00:00 0 
7fde68000000-7fde68021000 rw-p 00000000 00:00 0 
7fde68021000-7fde6c000000 ---p 00000000 00:00 0 
7fde6c000000-7fde6c021000 rw-p 00000000 00:00 0 
7fde6c021000-7fde70000000 ---p 00000000 00:00 0 
7fde70000000-7fde70021000 rw-p 00000000 00:00 0 
7fde70021000-7fde74000000 ---p 00000000 00:00 0 
7fde74000000-7fde74021000 rw-p 00000000 00:00 0 
7fde74021000-7fde78000000 ---p 00000000 00:00 0 
7fde78000000-7fde78021000 rw-p 00000000 00:00 0 
7fde78021000-7fde7c000000 ---p 00000000 00:00 0 
7fde7c000000-7fde7d20b000 rw-p 00000000 00:00 0 
7fde7d20b000-7fde80000000 ---p 00000000 00:00 0 
7fde80000000-7fde80021000 rw-p 00000000 00:00 0 
7fde80021000-7fde84000000 ---p 00000000 00:00 0 
7fde84000000-7fde85a84000 rw-p 00000000 00:00 0 
7fde85a84000-7fde88000000 ---p 00000000 00:00 0 
7fde88000000-7fde8911b000 rw-p 00000000 00:00 0 
7fde8911b000-7fde8c000000 ---p 00000000 00:00 0 
7fde8c000000-7fde8c021000 rw-p 00000000 00:00 0 
7fde8c021000-7fde90000000 ---p 00000000 00:00 0 
7fde90000000-7fde91996000 rw-p 00000000 00:00 0 
7fde91996000-7fde94000000 ---p 00000000 00:00 0 
7fde94000000-7fde94021000 rw-p 00000000 00:00 0 
7fde94021000-7fde98000000 ---p 00000000 00:00 0 
7fde98000000-7fde98021000 rw-p 00000000 00:00 0 
7fde98021000-7fde9c000000 ---p 00000000 00:00 0 
7fde9c000000-7fde9c021000 rw-p 00000000 00:00 0 
7fde9c021000-7fdea0000000 ---p 00000000 00:00 0 
7fdea0ce3000-7fdea0ce6000 ---p 00000000 00:00 0 
7fdea0ce6000-7fdea0de4000 rw-p 00000000 00:00 0 
7fdea0de4000-7fdea0de7000 ---p 00000000 00:00 0 
7fdea0de7000-7fdea0ee5000 rw-p 00000000 00:00 0 
7fdea0ee5000-7fdea0ee8000 ---p 00000000 00:00 0 
7fdea0ee8000-7fdea0fe6000 rw-p 00000000 00:00 0 
7fdea0fe6000-7fdea0fe9000 ---p 00000000 00:00 0 
7fdea0fe9000-7fdea101f000 rw-p 00000000 00:00 0 
7fdea101f000-7fdea1022000 ---p 00000000 00:00 0 
7fdea1022000-7fdea120c000 rw-p 00000000 00:00 0 
7fdea120c000-7fdea1320000 ---p 00000000 00:00 0 
7fdea1320000-7fdea1323000 ---p 00000000 00:00 0 
7fdea1323000-7fdea1421000 rw-p 00000000 00:00 0 
7fdea1421000-7fdea1424000 ---p 00000000 00:00 0 
7fdea1424000-7fdea1522000 rw-p 00000000 00:00 0 
7fdea1522000-7fdea1525000 ---p 00000000 00:00 0 
7fdea1525000-7fdea1623000 rw-p 00000000 00:00 0 
7fdea1623000-7fdea1626000 ---p 00000000 00:00 0 
7fdea1626000-7fdea1724000 rw-p 00000000 00:00 0 
7fdea1724000-7fdea1727000 ---p 00000000 00:00 0 
7fdea1727000-7fdea1825000 rw-p 00000000 00:00 0 
7fdea1825000-7fdea1828000 ---p 00000000 00:00 0 
7fdea1828000-7fdea1b26000 rw-p 00000000 00:00 0 
7fdea1b26000-7fdea1d26000 rw-p 00000000 00:00 0 
7fdea1d33000-7fdea1d36000 ---p 00000000 00:00 0 
7fdea1d36000-7fdea2034000 rw-p 00000000 00:00 0 
7fdea2061000-7fdea2068000 r--s 00047000 08:01 9049717                    /home/kael/.m2/repository/com/thoughtworks/qdox/qdox/2.0-M8/qdox-2.0-M8.jar
7fdea2068000-7fdea2069000 r--s 00002000 08:01 9049714                    /home/kael/.m2/repository/org/apache/maven/reporting/maven-reporting-api/3.0/maven-reporting-api-3.0.jar
7fdea2069000-7fdea206b000 r--s 00003000 08:01 8919282                    /home/kael/.m2/repository/org/slf4j/jcl-over-slf4j/1.5.6/jcl-over-slf4j-1.5.6.jar
7fdea206b000-7fdea206d000 r--s 00001000 08:01 8919278                    /home/kael/.m2/repository/org/slf4j/slf4j-jdk14/1.5.6/slf4j-jdk14-1.5.6.jar
7fdea206d000-7fdea206f000 r--s 0000b000 08:01 8919270                    /home/kael/.m2/repository/org/codehaus/plexus/plexus-interpolation/1.11/plexus-interpolation-1.11.jar
7fdea206f000-7fdea2077000 r--s 00049000 08:01 8919264                    /home/kael/.m2/repository/backport-util-concurrent/backport-util-concurrent/3.1/backport-util-concurrent-3.1.jar
7fdea2077000-7fdea2079000 r--s 00009000 08:01 8917402                    /home/kael/.m2/repository/org/hamcrest/hamcrest-core/1.3/hamcrest-core-1.3.jar
7fdea2079000-7fdea2081000 r--s 00045000 08:01 8917401                    /home/kael/.m2/repository/junit/junit/4.12/junit-4.12.jar
7fdea2081000-7fdea2085000 r--s 00034000 08:01 8919252                    /home/kael/.m2/repository/org/codehaus/plexus/plexus-utils/1.5.15/plexus-utils-1.5.15.jar
7fdea2085000-7fdea2089000 r--s 0003f000 08:01 9049713                    /home/kael/.m2/repository/org/apache/maven/surefire/surefire-booter/2.22.1/surefire-booter-2.22.1.jar
7fdea2089000-7fdea208b000 r--s 00002000 08:01 9049710                    /home/kael/.m2/repository/org/apache/maven/surefire/surefire-logger-api/2.22.1/surefire-logger-api-2.22.1.jar
7fdea208b000-7fdea2090000 r--s 00029000 08:01 9049708                    /home/kael/.m2/repository/org/apache/maven/surefire/surefire-api/2.22.1/surefire-api-2.22.1.jar
7fdea2090000-7fdea2091000 r--s 00003000 08:01 9049706                    /home/kael/.m2/repository/org/apache/maven/plugin-tools/maven-plugin-annotations/3.5.2/maven-plugin-annotations-3.5.2.jar
7fdea2091000-7fdea209a000 r--s 00078000 08:01 9049704                    /home/kael/.m2/repository/org/apache/maven/surefire/maven-surefire-common/2.22.1/maven-surefire-common-2.22.1.jar
7fdea209a000-7fdea209b000 r--s 00009000 08:01 9049569                    /home/kael/.m2/repository/org/apache/maven/plugins/maven-surefire-plugin/2.22.1/maven-surefire-plugin-2.22.1.jar
7fdea209b000-7fdea209d000 r--s 00004000 08:01 8918316                    /home/kael/.m2/repository/org/codehaus/plexus/plexus-compiler-javac/2.8.4/plexus-compiler-javac-2.8.4.jar
7fdea209d000-7fdea209f000 r--s 00000000 08:01 8918315                    /home/kael/.m2/repository/org/codehaus/plexus/plexus-compiler-manager/2.8.4/plexus-compiler-manager-2.8.4.jar
7fdea209f000-7fdea20a1000 r--s 00005000 08:01 8918311                    /home/kael/.m2/repository/org/codehaus/plexus/plexus-compiler-api/2.8.4/plexus-compiler-api-2.8.4.jar
7fdea20a1000-7fdea20a8000 r--s 00047000 08:01 8918310                    /home/kael/.m2/repository/com/thoughtworks/qdox/qdox/2.0-M9/qdox-2.0-M9.jar
7fdea20a8000-7fdea20aa000 r--s 0001a000 08:01 8918307                    /home/kael/.m2/repository/org/ow2/asm/asm/6.2/asm-6.2.jar
7fdea20aa000-7fdea20ac000 r--s 00008000 08:01 8918306                    /home/kael/.m2/repository/org/codehaus/plexus/plexus-java/0.9.10/plexus-java-0.9.10.jar
7fdea20ac000-7fdea20ae000 r--s 00002000 08:01 8918305                    /home/kael/.m2/repository/org/apache/maven/shared/maven-shared-incremental/1.1/maven-shared-incremental-1.1.jar
7fdea20ae000-7fdea20b1000 r--s 00026000 08:01 8918300                    /home/kael/.m2/repository/org/apache/maven/shared/maven-shared-utils/3.2.1/maven-shared-utils-3.2.1.jar
7fdea20b1000-7fdea20b3000 r--s 00000000 08:01 8918293                    /home/kael/.m2/repository/org/codehaus/plexus/plexus-component-annotations/1.7.1/plexus-component-annotations-1.7.1.jar
7fdea20b3000-7fdea20b5000 r--s 0000d000 08:01 8918258                    /home/kael/.m2/repository/org/codehaus/plexus/plexus-interpolation/1.14/plexus-interpolation-1.14.jar
7fdea20b5000-7fdea20b9000 r--s 00033000 08:01 8919244                    /home/kael/.m2/repository/org/codehaus/plexus/plexus-utils/2.0.4/plexus-utils-2.0.4.jar
7fdea20b9000-7fdea20bb000 r--s 0000e000 08:01 9049559                    /home/kael/.m2/repository/org/apache/maven/plugins/maven-compiler-plugin/3.8.0/maven-compiler-plugin-3.8.0.jar
7fdea20bb000-7fdea20be000 r--s 00011000 08:01 9049658                    /home/kael/.m2/repository/org/codehaus/plexus/plexus-interpolation/1.24/plexus-interpolation-1.24.jar
7fdea20be000-7fdea20c2000 r--s 0002f000 08:01 8918301                    /home/kael/.m2/repository/commons-io/commons-io/2.5/commons-io-2.5.jar
7fdea20c2000-7fdea20c4000 r--s 00001000 08:01 9049655                    /home/kael/.m2/repository/org/sonatype/plexus/plexus-build-api/0.0.7/plexus-build-api-0.0.7.jar
7fdea20c4000-7fdea20c6000 r--s 00006000 08:01 8919246                    /home/kael/.m2/repository/com/google/code/findbugs/jsr305/2.0.1/jsr305-2.0.1.jar
7fdea20c6000-7fdea20c9000 r--s 00023000 08:01 9049653                    /home/kael/.m2/repository/org/apache/maven/shared/maven-shared-utils/3.0.0/maven-shared-utils-3.0.0.jar
7fdea20c9000-7fdea20cb000 r--s 0000b000 08:01 9049651                    /home/kael/.m2/repository/org/apache/maven/shared/maven-filtering/3.1.1/maven-filtering-3.1.1.jar
7fdea20cb000-7fdea20cf000 r--s 00039000 08:01 9049649                    /home/kael/.m2/repository/org/codehaus/plexus/plexus-utils/3.0.24/plexus-utils-3.0.24.jar
7fdea20cf000-7fdea20d1000 r--s 00002000 08:01 8918299                    /home/kael/.m2/repository/org/sonatype/plexus/plexus-cipher/1.4/plexus-cipher-1.4.jar
7fdea20d1000-7fdea20d2000 r--s 00006000 08:01 8918296                    /home/kael/.m2/repository/org/sonatype/plexus/plexus-sec-dispatcher/1.3/plexus-sec-dispatcher-1.3.jar
7fdea20d2000-7fdea20d4000 r--s 00000000 08:01 9049647                    /home/kael/.m2/repository/org/codehaus/plexus/plexus-component-annotations/1.6/plexus-component-annotations-1.6.jar
7fdea20d4000-7fdea20d8000 r--s 00017000 08:01 8918290                    /home/kael/.m2/repository/org/sonatype/aether/aether-util/1.7/aether-util-1.7.jar
7fdea20d8000-7fdea20e3000 r--s 00069000 08:01 8918265                    /home/kael/.m2/repository/org/sonatype/sisu/sisu-guice/2.1.7/sisu-guice-2.1.7-noaop.jar
7fdea20e3000-7fdea20e8000 r--s 00021000 08:01 8918264                    /home/kael/.m2/repository/org/sonatype/sisu/sisu-inject-bean/1.4.2/sisu-inject-bean-1.4.2.jar
7fdea20e8000-7fdea20e9000 r--s 00007000 08:01 8919242                    /home/kael/.m2/repository/org/apache/maven/plugins/maven-resources-plugin/3.0.2/maven-resources-plugin-3.0.2.jar
7fdea20e9000-7fdea20ee000 r--s 000a7000 08:01 7869689                    /usr/lib/jvm/java-8-openjdk-amd64/jre/lib/jsse.jar
7fdea20ee000-7fdea22ee000 rw-p 00000000 00:00 0 
7fdea22ee000-7fdea24ee000 rw-p 00000000 00:00 0 
7fdea24ee000-7fdea251a000 r--s 00208000 08:01 6161432                    /usr/share/java/guava.jar
7fdea251a000-7fdea251e000 r--s 00027000 08:01 6161466                    /usr/share/java/maven-resolver-impl.jar
7fdea251e000-7fdea251f000 r--s 00003000 08:01 6161812                    /usr/share/java/plexus-cipher.jar
7fdea251f000-7fdea2524000 r--s 00021000 08:01 6161472                    /usr/share/java/maven-resolver-util.jar
7fdea2524000-7fdea2526000 r--s 00001000 08:01 6163070                    /usr/share/java/maven3-builder-support.jar
7fdea2526000-7fdea252a000 r--s 0001f000 08:01 6161464                    /usr/share/java/maven-resolver-api.jar
7fdea252a000-7fdea252d000 r--s 00007000 08:01 6163731                    /usr/share/java/maven3-settings-builder.jar
7fdea252d000-7fdea2530000 r--s 0000a000 08:01 6163060                    /usr/share/java/maven3-artifact.jar
7fdea2530000-7fdea2534000 r--s 0003b000 08:01 6161460                    /usr/share/java/plexus-utils2.jar
7fdea2534000-7fdea2561000 r--s 001ce000 08:01 6164040                    /usr/share/java/wagon-http-shaded-3.0.0.jar
7fdea2561000-7fdea2578000 r-xp 00000000 08:01 7867453                    /usr/lib/jvm/java-8-openjdk-amd64/jre/lib/amd64/libnet.so
7fdea2578000-7fdea2777000 ---p 00017000 08:01 7867453                    /usr/lib/jvm/java-8-openjdk-amd64/jre/lib/amd64/libnet.so
7fdea2777000-7fdea2778000 r--p 00016000 08:01 7867453                    /usr/lib/jvm/java-8-openjdk-amd64/jre/lib/amd64/libnet.so
7fdea2778000-7fdea2779000 rw-p 00017000 08:01 7867453                    /usr/lib/jvm/java-8-openjdk-amd64/jre/lib/amd64/libnet.so
7fdea2779000-7fdea278b000 r-xp 00000000 08:01 7867454                    /usr/lib/jvm/java-8-openjdk-amd64/jre/lib/amd64/libnio.so
7fdea278b000-7fdea298a000 ---p 00012000 08:01 7867454                    /usr/lib/jvm/java-8-openjdk-amd64/jre/lib/amd64/libnio.so
7fdea298a000-7fdea298b000 r--p 00011000 08:01 7867454                    /usr/lib/jvm/java-8-openjdk-amd64/jre/lib/amd64/libnio.so
7fdea298b000-7fdea298c000 rw-p 00012000 08:01 7867454                    /usr/lib/jvm/java-8-openjdk-amd64/jre/lib/amd64/libnio.so
7fdea298c000-7fdea298d000 ---p 00000000 00:00 0 
7fdea298d000-7fdea2a8d000 rw-p 00000000 00:00 0 
7fdea2a8d000-7fdea2a90000 ---p 00000000 00:00 0 
7fdea2a90000-7fdea2b8e000 rw-p 00000000 00:00 0 
7fdea2b8e000-7fdea2b8f000 ---p 00000000 00:00 0 
7fdea2b8f000-7fdea2b92000 ---p 00000000 00:00 0 
7fdea2b92000-7fdea2c8f000 rw-p 00000000 00:00 0 
7fdea2c8f000-7fdea2c90000 ---p 00000000 00:00 0 
7fdea2c90000-7fdea2c93000 ---p 00000000 00:00 0 
7fdea2c93000-7fdea2d90000 rw-p 00000000 00:00 0 
7fdea2d90000-7fdea2d91000 ---p 00000000 00:00 0 
7fdea2d91000-7fdea2d94000 ---p 00000000 00:00 0 
7fdea2d94000-7fdea2e91000 rw-p 00000000 00:00 0 
7fdea2e91000-7fdea2e92000 ---p 00000000 00:00 0 
7fdea2e92000-7fdea2e95000 ---p 00000000 00:00 0 
7fdea2e95000-7fdea2f92000 rw-p 00000000 00:00 0 
7fdea2f92000-7fdea2f95000 ---p 00000000 00:00 0 
7fdea2f95000-7fdea3093000 rw-p 00000000 00:00 0 
7fdea3093000-7fdea3371000 r--p 00000000 08:01 5770205                    /usr/lib/locale/locale-archive
7fdea3371000-7fdea3374000 ---p 00000000 00:00 0 
7fdea3374000-7fdea3472000 rw-p 00000000 00:00 0 
7fdea3472000-7fdea3475000 ---p 00000000 00:00 0 
7fdea3475000-7fdea3573000 rw-p 00000000 00:00 0 
7fdea3573000-7fdea3574000 ---p 00000000 00:00 0 
7fdea3574000-7fdea8000000 rw-p 00000000 00:00 0 
7fdea8000000-7fdea8021000 rw-p 00000000 00:00 0 
7fdea8021000-7fdeac000000 ---p 00000000 00:00 0 
7fdeac000000-7fdeac021000 rw-p 00000000 00:00 0 
7fdeac021000-7fdeb0000000 ---p 00000000 00:00 0 
7fdeb0000000-7fdeb0021000 rw-p 00000000 00:00 0 
7fdeb0021000-7fdeb4000000 ---p 00000000 00:00 0 
7fdeb4000000-7fdeb4021000 rw-p 00000000 00:00 0 
7fdeb4021000-7fdeb8000000 ---p 00000000 00:00 0 
7fdeb8000000-7fdeb8021000 rw-p 00000000 00:00 0 
7fdeb8021000-7fdebc000000 ---p 00000000 00:00 0 
7fdebc000000-7fdebc021000 rw-p 00000000 00:00 0 
7fdebc021000-7fdec0000000 ---p 00000000 00:00 0 
7fdec0000000-7fdec0021000 rw-p 00000000 00:00 0 
7fdec0021000-7fdec4000000 ---p 00000000 00:00 0 
7fdec4000000-7fdec4021000 rw-p 00000000 00:00 0 
7fdec4021000-7fdec8000000 ---p 00000000 00:00 0 
7fdec8000000-7fdec8003000 r--s 00024000 08:01 6161727                    /usr/share/java/maven-shared-utils.jar
7fdec8003000-7fdec8004000 r--s 00004000 08:01 6163777                    /usr/share/java/maven3-slf4j-provider.jar
7fdec8004000-7fdec8006000 r--s 0000a000 08:01 6163108                    /usr/share/java/maven3-plugin-api.jar
7fdec8006000-7fdec8008000 r--s 00006000 08:01 6161907                    /usr/share/java/plexus-sec-dispatcher.jar
7fdec8008000-7fdec800a000 r--s 00000000 08:01 6161901                    /usr/share/java/plexus-component-annotations.jar
7fdec800a000-7fdec800c000 r--s 00009000 08:01 6162118                    /usr/share/java/slf4j-api.jar
7fdec800c000-7fdec800e000 r--s 0000b000 08:01 6161462                    /usr/share/java/wagon-provider-api.jar
7fdec800e000-7fdec8013000 r--s 00030000 08:01 6161402                    /usr/share/java/commons-io.jar
7fdec8013000-7fdec8014000 r--s 00002000 08:01 6161428                    /usr/share/java/geronimo-annotation-1.3-spec.jar
7fdec8014000-7fdec801a000 r--s 0002d000 08:01 6163029                    /usr/share/java/sisu-plexus.jar
7fdec801a000-7fdec801c000 r--s 00007000 08:01 6161458                    /usr/share/java/jansi.jar
7fdec801c000-7fdec801d000 r--s 00006000 08:01 6163110                    /usr/share/java/maven3-repository-metadata.jar
7fdec801d000-7fdec801f000 r--s 00005000 08:01 6161471                    /usr/share/java/maven-resolver-transport-wagon.jar
7fdec801f000-7fdec8026000 r--s 00041000 08:01 6163100                    /usr/share/java/maven3-compat.jar
7fdec8026000-7fdec8029000 r--s 00015000 08:01 6163102                    /usr/share/java/maven3-embedder.jar
7fdec8029000-7fdec802e000 r--s 00025000 08:01 6163103                    /usr/share/java/maven3-model-builder.jar
7fdec802e000-7fdec8030000 r--s 0000a000 08:01 6161067                    /usr/share/java/commons-cli.jar
7fdec8030000-7fdec8033000 r--s 00011000 08:01 6161904                    /usr/share/java/plexus-interpolation.jar
7fdec8033000-7fdec8035000 r--s 00001000 08:01 6161434                    /usr/share/java/aopalliance-1.0.jar
7fdec8035000-7fdec8036000 r--s 00000000 08:01 6160796                    /usr/share/java/atinject-jsr330-api-1.0.jar
7fdec8036000-7fdec8037000 r--s 00001000 08:01 6160983                    /usr/share/java/geronimo-interceptor-3.0-spec.jar
7fdec8037000-7fdec8038000 r--s 00000000 08:01 6160796                    /usr/share/java/atinject-jsr330-api-1.0.jar
7fdec8038000-7fdec803b000 r--s 0000e000 08:01 6161028                    /usr/share/java/cdi-api.jar
7fdec803b000-7fdec803d000 r--s 00008000 08:01 6161465                    /usr/share/java/maven-resolver-connector-basic.jar
7fdec803d000-7fdec8044000 r--s 00054000 08:01 6162904                    /usr/share/java/sisu-inject.jar
7fdec8044000-7fdec8051000 r--s 0008b000 08:01 6163101                    /usr/share/java/maven3-core.jar
7fdec8051000-7fdec8053000 r--s 00003000 08:01 6161930                    /usr/share/java/jcl-over-slf4j.jar
7fdec8053000-7fdec805b000 r--s 00072000 08:01 6161404                    /usr/share/java/commons-lang3.jar
7fdec805b000-7fdec8069000 r--s 0009a000 08:01 6161444                    /usr/share/java/guice.jar
7fdec8069000-7fdec809a000 rw-p 00000000 00:00 0 
7fdec809a000-7fdec80b5000 r--s 00394000 08:01 7869398                    /usr/lib/jvm/java-8-openjdk-amd64/jre/lib/ext/cldrdata.jar
7fdec80b5000-7fdec80d0000 r--s 001d6000 08:01 7869671                    /usr/lib/jvm/java-8-openjdk-amd64/jre/lib/ext/nashorn.jar
7fdec80d0000-7fdec9000000 rw-p 00000000 00:00 0 
7fdec9000000-7fdec9c80000 rwxp 00000000 00:00 0 
7fdec9c80000-7fded8000000 ---p 00000000 00:00 0 
7fded8000000-7fded8fe4000 rw-p 00000000 00:00 0 
7fded8fe4000-7fdedc000000 ---p 00000000 00:00 0 
7fdedc000000-7fdedc003000 r--s 00027000 08:01 6163104                    /usr/share/java/maven3-model.jar
7fdedc003000-7fdedc138000 rw-p 00000000 00:00 0 
7fdedc138000-7fdedc30a000 r--s 03ca5000 08:01 7869694                    /usr/lib/jvm/java-8-openjdk-amd64/jre/lib/rt.jar
7fdedc30a000-7fdedcf58000 rw-p 00000000 00:00 0 
7fdedcf58000-7fdedcf59000 ---p 00000000 00:00 0 
7fdedcf59000-7fdedd059000 rw-p 00000000 00:00 0 
7fdedd059000-7fdedd05a000 ---p 00000000 00:00 0 
7fdedd05a000-7fdedd15a000 rw-p 00000000 00:00 0 
7fdedd15a000-7fdedd15b000 ---p 00000000 00:00 0 
7fdedd15b000-7fdedd25b000 rw-p 00000000 00:00 0 
7fdedd25b000-7fdedd25c000 ---p 00000000 00:00 0 
7fdedd25c000-7fdedd35c000 rw-p 00000000 00:00 0 
7fdedd35c000-7fdedd35d000 ---p 00000000 00:00 0 
7fdedd35d000-7fdedd45d000 rw-p 00000000 00:00 0 
7fdedd45d000-7fdedd45e000 ---p 00000000 00:00 0 
7fdedd45e000-7fdedd55e000 rw-p 00000000 00:00 0 
7fdedd55e000-7fdedd55f000 ---p 00000000 00:00 0 
7fdedd55f000-7fdedd65f000 rw-p 00000000 00:00 0 
7fdedd65f000-7fdedd660000 ---p 00000000 00:00 0 
7fdedd660000-7fdedd781000 rw-p 00000000 00:00 0 
7fdedd781000-7fdedd9f0000 ---p 00000000 00:00 0 
7fdedd9f0000-7fdedda11000 rw-p 00000000 00:00 0 
7fdedda11000-7fdeddc80000 ---p 00000000 00:00 0 
7fdeddc80000-7fdeddd07000 rw-p 00000000 00:00 0 
7fdeddd07000-7fdedddc8000 ---p 00000000 00:00 0 
7fdedddc8000-7fdedddfb000 rw-p 00000000 00:00 0 
7fdedddfb000-7fdede189000 ---p 00000000 00:00 0 
7fdede189000-7fdede191000 r-xp 00000000 08:01 7868230                    /usr/lib/jvm/java-8-openjdk-amd64/jre/lib/amd64/libzip.so
7fdede191000-7fdede390000 ---p 00008000 08:01 7868230                    /usr/lib/jvm/java-8-openjdk-amd64/jre/lib/amd64/libzip.so
7fdede390000-7fdede391000 r--p 00007000 08:01 7868230                    /usr/lib/jvm/java-8-openjdk-amd64/jre/lib/amd64/libzip.so
7fdede391000-7fdede392000 rw-p 00008000 08:01 7868230                    /usr/lib/jvm/java-8-openjdk-amd64/jre/lib/amd64/libzip.so
7fdede392000-7fdede39d000 r-xp 00000000 08:01 40639752                   /lib/x86_64-linux-gnu/libnss_files-2.27.so
7fdede39d000-7fdede59c000 ---p 0000b000 08:01 40639752                   /lib/x86_64-linux-gnu/libnss_files-2.27.so
7fdede59c000-7fdede59d000 r--p 0000a000 08:01 40639752                   /lib/x86_64-linux-gnu/libnss_files-2.27.so
7fdede59d000-7fdede59e000 rw-p 0000b000 08:01 40639752                   /lib/x86_64-linux-gnu/libnss_files-2.27.so
7fdede59e000-7fdede5a4000 rw-p 00000000 00:00 0 
7fdede5a4000-7fdede5bb000 r-xp 00000000 08:01 40639749                   /lib/x86_64-linux-gnu/libnsl-2.27.so
7fdede5bb000-7fdede7ba000 ---p 00017000 08:01 40639749                   /lib/x86_64-linux-gnu/libnsl-2.27.so
7fdede7ba000-7fdede7bb000 r--p 00016000 08:01 40639749                   /lib/x86_64-linux-gnu/libnsl-2.27.so
7fdede7bb000-7fdede7bc000 rw-p 00017000 08:01 40639749                   /lib/x86_64-linux-gnu/libnsl-2.27.so
7fdede7bc000-7fdede7be000 rw-p 00000000 00:00 0 
7fdede7be000-7fdede7c9000 r-xp 00000000 08:01 40639754                   /lib/x86_64-linux-gnu/libnss_nis-2.27.so
7fdede7c9000-7fdede9c8000 ---p 0000b000 08:01 40639754                   /lib/x86_64-linux-gnu/libnss_nis-2.27.so
7fdede9c8000-7fdede9c9000 r--p 0000a000 08:01 40639754                   /lib/x86_64-linux-gnu/libnss_nis-2.27.so
7fdede9c9000-7fdede9ca000 rw-p 0000b000 08:01 40639754                   /lib/x86_64-linux-gnu/libnss_nis-2.27.so
7fdede9ca000-7fdede9d2000 r-xp 00000000 08:01 40639750                   /lib/x86_64-linux-gnu/libnss_compat-2.27.so
7fdede9d2000-7fdedebd2000 ---p 00008000 08:01 40639750                   /lib/x86_64-linux-gnu/libnss_compat-2.27.so
7fdedebd2000-7fdedebd3000 r--p 00008000 08:01 40639750                   /lib/x86_64-linux-gnu/libnss_compat-2.27.so
7fdedebd3000-7fdedebd4000 rw-p 00009000 08:01 40639750                   /lib/x86_64-linux-gnu/libnss_compat-2.27.so
7fdedebd4000-7fdedebfe000 r-xp 00000000 08:01 7867420                    /usr/lib/jvm/java-8-openjdk-amd64/jre/lib/amd64/libjava.so
7fdedebfe000-7fdededfd000 ---p 0002a000 08:01 7867420                    /usr/lib/jvm/java-8-openjdk-amd64/jre/lib/amd64/libjava.so
7fdededfd000-7fdededfe000 r--p 00029000 08:01 7867420                    /usr/lib/jvm/java-8-openjdk-amd64/jre/lib/amd64/libjava.so
7fdededfe000-7fdedee00000 rw-p 0002a000 08:01 7867420                    /usr/lib/jvm/java-8-openjdk-amd64/jre/lib/amd64/libjava.so
7fdedee00000-7fdedee10000 r-xp 00000000 08:01 7868229                    /usr/lib/jvm/java-8-openjdk-amd64/jre/lib/amd64/libverify.so
7fdedee10000-7fdedf00f000 ---p 00010000 08:01 7868229                    /usr/lib/jvm/java-8-openjdk-amd64/jre/lib/amd64/libverify.so
7fdedf00f000-7fdedf011000 r--p 0000f000 08:01 7868229                    /usr/lib/jvm/java-8-openjdk-amd64/jre/lib/amd64/libverify.so
7fdedf011000-7fdedf012000 rw-p 00011000 08:01 7868229                    /usr/lib/jvm/java-8-openjdk-amd64/jre/lib/amd64/libverify.so
7fdedf012000-7fdedf019000 r-xp 00000000 08:01 40639759                   /lib/x86_64-linux-gnu/librt-2.27.so
7fdedf019000-7fdedf218000 ---p 00007000 08:01 40639759                   /lib/x86_64-linux-gnu/librt-2.27.so
7fdedf218000-7fdedf219000 r--p 00006000 08:01 40639759                   /lib/x86_64-linux-gnu/librt-2.27.so
7fdedf219000-7fdedf21a000 rw-p 00007000 08:01 40639759                   /lib/x86_64-linux-gnu/librt-2.27.so
7fdedf21a000-7fdedf231000 r-xp 00000000 08:01 40632376                   /lib/x86_64-linux-gnu/libgcc_s.so.1
7fdedf231000-7fdedf430000 ---p 00017000 08:01 40632376                   /lib/x86_64-linux-gnu/libgcc_s.so.1
7fdedf430000-7fdedf431000 r--p 00016000 08:01 40632376                   /lib/x86_64-linux-gnu/libgcc_s.so.1
7fdedf431000-7fdedf432000 rw-p 00017000 08:01 40632376                   /lib/x86_64-linux-gnu/libgcc_s.so.1
7fdedf432000-7fdedf5cf000 r-xp 00000000 08:01 40639746                   /lib/x86_64-linux-gnu/libm-2.27.so
7fdedf5cf000-7fdedf7ce000 ---p 0019d000 08:01 40639746                   /lib/x86_64-linux-gnu/libm-2.27.so
7fdedf7ce000-7fdedf7cf000 r--p 0019c000 08:01 40639746                   /lib/x86_64-linux-gnu/libm-2.27.so
7fdedf7cf000-7fdedf7d0000 rw-p 0019d000 08:01 40639746                   /lib/x86_64-linux-gnu/libm-2.27.so
7fdedf7d0000-7fdedf949000 r-xp 00000000 08:01 5770210                    /usr/lib/x86_64-linux-gnu/libstdc++.so.6.0.25
7fdedf949000-7fdedfb49000 ---p 00179000 08:01 5770210                    /usr/lib/x86_64-linux-gnu/libstdc++.so.6.0.25
7fdedfb49000-7fdedfb53000 r--p 00179000 08:01 5770210                    /usr/lib/x86_64-linux-gnu/libstdc++.so.6.0.25
7fdedfb53000-7fdedfb55000 rw-p 00183000 08:01 5770210                    /usr/lib/x86_64-linux-gnu/libstdc++.so.6.0.25
7fdedfb55000-7fdedfb59000 rw-p 00000000 00:00 0 
7fdedfb59000-7fdee07fd000 r-xp 00000000 08:01 7869319                    /usr/lib/jvm/java-8-openjdk-amd64/jre/lib/amd64/server/libjvm.so
7fdee07fd000-7fdee09fd000 ---p 00ca4000 08:01 7869319                    /usr/lib/jvm/java-8-openjdk-amd64/jre/lib/amd64/server/libjvm.so
7fdee09fd000-7fdee0a91000 r--p 00ca4000 08:01 7869319                    /usr/lib/jvm/java-8-openjdk-amd64/jre/lib/amd64/server/libjvm.so
7fdee0a91000-7fdee0aba000 rw-p 00d38000 08:01 7869319                    /usr/lib/jvm/java-8-openjdk-amd64/jre/lib/amd64/server/libjvm.so
7fdee0aba000-7fdee0aea000 rw-p 00000000 00:00 0 
7fdee0aea000-7fdee0b04000 r-xp 00000000 08:01 40639757                   /lib/x86_64-linux-gnu/libpthread-2.27.so
7fdee0b04000-7fdee0d03000 ---p 0001a000 08:01 40639757                   /lib/x86_64-linux-gnu/libpthread-2.27.so
7fdee0d03000-7fdee0d04000 r--p 00019000 08:01 40639757                   /lib/x86_64-linux-gnu/libpthread-2.27.so
7fdee0d04000-7fdee0d05000 rw-p 0001a000 08:01 40639757                   /lib/x86_64-linux-gnu/libpthread-2.27.so
7fdee0d05000-7fdee0d09000 rw-p 00000000 00:00 0 
7fdee0d09000-7fdee0d0c000 r-xp 00000000 08:01 40639745                   /lib/x86_64-linux-gnu/libdl-2.27.so
7fdee0d0c000-7fdee0f0b000 ---p 00003000 08:01 40639745                   /lib/x86_64-linux-gnu/libdl-2.27.so
7fdee0f0b000-7fdee0f0c000 r--p 00002000 08:01 40639745                   /lib/x86_64-linux-gnu/libdl-2.27.so
7fdee0f0c000-7fdee0f0d000 rw-p 00003000 08:01 40639745                   /lib/x86_64-linux-gnu/libdl-2.27.so
7fdee0f0d000-7fdee0f29000 r-xp 00000000 08:01 40637232                   /lib/x86_64-linux-gnu/libz.so.1.2.11
7fdee0f29000-7fdee1128000 ---p 0001c000 08:01 40637232                   /lib/x86_64-linux-gnu/libz.so.1.2.11
7fdee1128000-7fdee1129000 r--p 0001b000 08:01 40637232                   /lib/x86_64-linux-gnu/libz.so.1.2.11
7fdee1129000-7fdee112a000 rw-p 0001c000 08:01 40637232                   /lib/x86_64-linux-gnu/libz.so.1.2.11
7fdee112a000-7fdee1311000 r-xp 00000000 08:01 40639742                   /lib/x86_64-linux-gnu/libc-2.27.so
7fdee1311000-7fdee1511000 ---p 001e7000 08:01 40639742                   /lib/x86_64-linux-gnu/libc-2.27.so
7fdee1511000-7fdee1515000 r--p 001e7000 08:01 40639742                   /lib/x86_64-linux-gnu/libc-2.27.so
7fdee1515000-7fdee1517000 rw-p 001eb000 08:01 40639742                   /lib/x86_64-linux-gnu/libc-2.27.so
7fdee1517000-7fdee151b000 rw-p 00000000 00:00 0 
7fdee151b000-7fdee1529000 r-xp 00000000 08:01 7866329                    /usr/lib/jvm/java-8-openjdk-amd64/jre/lib/amd64/jli/libjli.so
7fdee1529000-7fdee1728000 ---p 0000e000 08:01 7866329                    /usr/lib/jvm/java-8-openjdk-amd64/jre/lib/amd64/jli/libjli.so
7fdee1728000-7fdee1729000 r--p 0000d000 08:01 7866329                    /usr/lib/jvm/java-8-openjdk-amd64/jre/lib/amd64/jli/libjli.so
7fdee1729000-7fdee172a000 rw-p 0000e000 08:01 7866329                    /usr/lib/jvm/java-8-openjdk-amd64/jre/lib/amd64/jli/libjli.so
7fdee172a000-7fdee1751000 r-xp 00000000 08:01 40639737                   /lib/x86_64-linux-gnu/ld-2.27.so
7fdee1751000-7fdee1752000 r--s 0000a000 08:01 6163736                    /usr/share/java/maven3-settings.jar
7fdee1752000-7fdee1753000 r--s 00001000 08:01 6164038                    /usr/share/java/wagon-file.jar
7fdee1753000-7fdee1755000 r--s 00006000 08:01 6161467                    /usr/share/java/maven-resolver-spi.jar
7fdee1755000-7fdee1757000 r--s 0000d000 08:01 6163468                    /usr/share/java/maven3-resolver-provider.jar
7fdee1757000-7fdee1759000 r--s 0000b000 08:01 6161862                    /usr/share/java/plexus-classworlds.jar
7fdee1759000-7fdee175f000 r--s 0003d000 08:01 7869673                    /usr/lib/jvm/java-8-openjdk-amd64/jre/lib/ext/sunjce_provider.jar
7fdee175f000-7fdee182a000 rw-p 00000000 00:00 0 
7fdee182a000-7fdee182b000 ---p 00000000 00:00 0 
7fdee182b000-7fdee182e000 ---p 00000000 00:00 0 
7fdee182e000-7fdee192d000 rw-p 00000000 00:00 0 
7fdee192d000-7fdee192f000 r--s 00001000 08:01 7869667                    /usr/lib/jvm/java-8-openjdk-amd64/jre/lib/ext/dnsns.jar
7fdee192f000-7fdee1931000 r--s 00007000 08:01 6160873                    /usr/share/java/java-atk-wrapper.jar
7fdee1931000-7fdee193b000 r--s 00116000 08:01 7869670                    /usr/lib/jvm/java-8-openjdk-amd64/jre/lib/ext/localedata.jar
7fdee193b000-7fdee193c000 r--s 0000d000 08:01 7869672                    /usr/lib/jvm/java-8-openjdk-amd64/jre/lib/ext/sunec.jar
7fdee193c000-7fdee193d000 r--s 00010000 08:01 7869675                    /usr/lib/jvm/java-8-openjdk-amd64/jre/lib/ext/zipfs.jar
7fdee193d000-7fdee1940000 r--s 0000f000 08:01 7869668                    /usr/lib/jvm/java-8-openjdk-amd64/jre/lib/ext/icedtea-sound.jar
7fdee1940000-7fdee1941000 r--s 0000a000 08:01 7869669                    /usr/lib/jvm/java-8-openjdk-amd64/jre/lib/ext/jaccess.jar
7fdee1941000-7fdee1945000 r--s 0003a000 08:01 7869674                    /usr/lib/jvm/java-8-openjdk-amd64/jre/lib/ext/sunpkcs11.jar
7fdee1945000-7fdee194d000 rw-s 00000000 08:01 45357598                   /tmp/hsperfdata_kael/17228
7fdee194d000-7fdee194e000 rw-p 00000000 00:00 0 
7fdee194e000-7fdee194f000 r--p 00000000 00:00 0 
7fdee194f000-7fdee1951000 rw-p 00000000 00:00 0 
7fdee1951000-7fdee1952000 r--p 00027000 08:01 40639737                   /lib/x86_64-linux-gnu/ld-2.27.so
7fdee1952000-7fdee1953000 rw-p 00028000 08:01 40639737                   /lib/x86_64-linux-gnu/ld-2.27.so
7fdee1953000-7fdee1954000 rw-p 00000000 00:00 0 
7ffe92bc4000-7ffe92be5000 rw-p 00000000 00:00 0                          [stack]
7ffe92bea000-7ffe92bed000 r--p 00000000 00:00 0                          [vvar]
7ffe92bed000-7ffe92bef000 r-xp 00000000 00:00 0                          [vdso]
ffffffffff600000-ffffffffff601000 r-xp 00000000 00:00 0                  [vsyscall]

VM Arguments:
jvm_args: -Dclassworlds.conf=/usr/share/maven/bin/m2.conf -Dmaven.home=/usr/share/maven -Dlibrary.jansi.path=/usr/share/maven/lib/jansi-native -Dmaven.multiModuleProjectDirectory=/home/kael/Code/survivor-s3-plugins 
java_command: org.codehaus.plexus.classworlds.launcher.Launcher test
java_class_path (initial): /usr/share/maven/boot/plexus-classworlds-2.x.jar
Launcher Type: SUN_STANDARD

Environment Variables:
JAVA_HOME=/usr/lib/jvm/java-8-openjdk-amd64
JRE_HOME=/usr/lib/jvm/java-8-openjdk-amd64/jre
PATH=/home/kael/Code/survivor-s3-plugins/node_modules/.bin:/home/kael/.local/share/umake/bin:/home/kael/.local/bin:/usr/lib/jvm/java-1.11.0-openjdk-amd64/bin:/usr/local/sbin:/usr/local/bin:/usr/sbin:/usr/bin:/sbin:/bin:/usr/games:/usr/local/games:/snap/bin:/home/kael/Library/flutter/bin:/usr/lib/android-sdk/tools/bin:/usr/lib/android-sdk/emulator:JAVA_HOME:JRE_HOME
SHELL=/bin/bash

Signal Handlers:
SIGSEGV: [libjvm.so+0xabd470], sa_mask[0]=11111111011111111101111111111110, sa_flags=SA_RESTART|SA_SIGINFO
SIGBUS: [libjvm.so+0xabd470], sa_mask[0]=11111111011111111101111111111110, sa_flags=SA_RESTART|SA_SIGINFO
SIGFPE: [libjvm.so+0x8f1c90], sa_mask[0]=11111111011111111101111111111110, sa_flags=SA_RESTART|SA_SIGINFO
SIGPIPE: [libjvm.so+0x8f1c90], sa_mask[0]=11111111011111111101111111111110, sa_flags=SA_RESTART|SA_SIGINFO
SIGXFSZ: [libjvm.so+0x8f1c90], sa_mask[0]=11111111011111111101111111111110, sa_flags=SA_RESTART|SA_SIGINFO
SIGILL: [libjvm.so+0x8f1c90], sa_mask[0]=11111111011111111101111111111110, sa_flags=SA_RESTART|SA_SIGINFO
SIGUSR1: SIG_DFL, sa_mask[0]=00000000000000000000000000000000, sa_flags=none
SIGUSR2: [libjvm.so+0x8f1b40], sa_mask[0]=00000000000000000000000000000000, sa_flags=SA_RESTART|SA_SIGINFO
SIGHUP: [libjvm.so+0x8f21b0], sa_mask[0]=11111111011111111101111111111110, sa_flags=SA_RESTART|SA_SIGINFO
SIGINT: [libjvm.so+0x8f21b0], sa_mask[0]=11111111011111111101111111111110, sa_flags=SA_RESTART|SA_SIGINFO
SIGTERM: [libjvm.so+0x8f21b0], sa_mask[0]=11111111011111111101111111111110, sa_flags=SA_RESTART|SA_SIGINFO
SIGQUIT: [libjvm.so+0x8f21b0], sa_mask[0]=11111111011111111101111111111110, sa_flags=SA_RESTART|SA_SIGINFO


---------------  S Y S T E M  ---------------

OS:DISTRIB_ID=Ubuntu
DISTRIB_RELEASE=18.04
DISTRIB_CODENAME=bionic
DISTRIB_DESCRIPTION="Ubuntu 18.04.4 LTS"

uname:Linux 4.15.0-111-generic #112-Ubuntu SMP Thu Jul 9 20:32:34 UTC 2020 x86_64
libc:glibc 2.27 NPTL 2.27 
rlimit: STACK 8192k, CORE 0k, NPROC 31295, NOFILE 1048576, AS infinity
load average:0.99 0.32 0.24

/proc/meminfo:
MemTotal:        8058584 kB
MemFree:         1940172 kB
MemAvailable:    4980028 kB
Buffers:          669656 kB
Cached:          2821844 kB
SwapCached:            8 kB
Active:          3438964 kB
Inactive:        2234704 kB
Active(anon):    2128124 kB
Inactive(anon):   366080 kB
Active(file):    1310840 kB
Inactive(file):  1868624 kB
Unevictable:          16 kB
Mlocked:              16 kB
SwapTotal:       2097148 kB
SwapFree:        2096624 kB
Dirty:              1768 kB
Writeback:             8 kB
AnonPages:       2181940 kB
Mapped:           497692 kB
Shmem:            312040 kB
Slab:             282872 kB
SReclaimable:     160760 kB
SUnreclaim:       122112 kB
KernelStack:       14456 kB
PageTables:        49172 kB
NFS_Unstable:          0 kB
Bounce:                0 kB
WritebackTmp:          0 kB
CommitLimit:     6126440 kB
Committed_AS:    7734724 kB
VmallocTotal:   34359738367 kB
VmallocUsed:           0 kB
VmallocChunk:          0 kB
HardwareCorrupted:     0 kB
AnonHugePages:         0 kB
ShmemHugePages:        0 kB
ShmemPmdMapped:        0 kB
CmaTotal:              0 kB
CmaFree:               0 kB
HugePages_Total:       0
HugePages_Free:        0
HugePages_Rsvd:        0
HugePages_Surp:        0
Hugepagesize:       2048 kB
DirectMap4k:      351920 kB
DirectMap2M:     7927808 kB

container (cgroup) information:
container_type: cgroupv1
cpu_cpuset_cpus: 0-7
cpu_memory_nodes: 0
active_processor_count: 8
cpu_quota: -1
cpu_period: 100000
cpu_shares: -1
memory_limit_in_bytes: -1
memory_and_swap_limit_in_bytes: -2
memory_soft_limit_in_bytes: -1
memory_usage_in_bytes: 4341067776
memory_max_usage_in_bytes: 6632128512


CPU:total 8 (initial active 8) (4 cores per cpu, 2 threads per core) family 6 model 58 stepping 9, cmov, cx8, fxsr, mmx, sse, sse2, sse3, ssse3, sse4.1, sse4.2, popcnt, avx, aes, clmul, erms, ht, tsc, tscinvbit, tscinv

/proc/cpuinfo:
processor	: 0
vendor_id	: GenuineIntel
cpu family	: 6
model		: 58
model name	: Intel(R) Core(TM) i7-3740QM CPU @ 2.70GHz
stepping	: 9
microcode	: 0x21
cpu MHz		: 3035.886
cache size	: 6144 KB
physical id	: 0
siblings	: 8
core id		: 0
cpu cores	: 4
apicid		: 0
initial apicid	: 0
fpu		: yes
fpu_exception	: yes
cpuid level	: 13
wp		: yes
flags		: fpu vme de pse tsc msr pae mce cx8 apic sep mtrr pge mca cmov pat pse36 clflush dts acpi mmx fxsr sse sse2 ss ht tm pbe syscall nx rdtscp lm constant_tsc arch_perfmon pebs bts rep_good nopl xtopology nonstop_tsc cpuid aperfmperf pni pclmulqdq dtes64 monitor ds_cpl vmx smx est tm2 ssse3 cx16 xtpr pdcm pcid sse4_1 sse4_2 x2apic popcnt tsc_deadline_timer aes xsave avx f16c rdrand lahf_lm cpuid_fault epb pti ssbd ibrs ibpb stibp tpr_shadow vnmi flexpriority ept vpid fsgsbase smep erms xsaveopt dtherm ida arat pln pts md_clear flush_l1d
bugs		: cpu_meltdown spectre_v1 spectre_v2 spec_store_bypass l1tf mds swapgs itlb_multihit srbds
bogomips	: 5387.84
clflush size	: 64
cache_alignment	: 64
address sizes	: 36 bits physical, 48 bits virtual
power management:

processor	: 1
vendor_id	: GenuineIntel
cpu family	: 6
model		: 58
model name	: Intel(R) Core(TM) i7-3740QM CPU @ 2.70GHz
stepping	: 9
microcode	: 0x21
cpu MHz		: 3006.084
cache size	: 6144 KB
physical id	: 0
siblings	: 8
core id		: 1
cpu cores	: 4
apicid		: 2
initial apicid	: 2
fpu		: yes
fpu_exception	: yes
cpuid level	: 13
wp		: yes
flags		: fpu vme de pse tsc msr pae mce cx8 apic sep mtrr pge mca cmov pat pse36 clflush dts acpi mmx fxsr sse sse2 ss ht tm pbe syscall nx rdtscp lm constant_tsc arch_perfmon pebs bts rep_good nopl xtopology nonstop_tsc cpuid aperfmperf pni pclmulqdq dtes64 monitor ds_cpl vmx smx est tm2 ssse3 cx16 xtpr pdcm pcid sse4_1 sse4_2 x2apic popcnt tsc_deadline_timer aes xsave avx f16c rdrand lahf_lm cpuid_fault epb pti ssbd ibrs ibpb stibp tpr_shadow vnmi flexpriority ept vpid fsgsbase smep erms xsaveopt dtherm ida arat pln pts md_clear flush_l1d
bugs		: cpu_meltdown spectre_v1 spectre_v2 spec_store_bypass l1tf mds swapgs itlb_multihit srbds
bogomips	: 5387.84
clflush size	: 64
cache_alignment	: 64
address sizes	: 36 bits physical, 48 bits virtual
power management:

processor	: 2
vendor_id	: GenuineIntel
cpu family	: 6
model		: 58
model name	: Intel(R) Core(TM) i7-3740QM CPU @ 2.70GHz
stepping	: 9
microcode	: 0x21
cpu MHz		: 2993.990
cache size	: 6144 KB
physical id	: 0
siblings	: 8
core id		: 2
cpu cores	: 4
apicid		: 4
initial apicid	: 4
fpu		: yes
fpu_exception	: yes
cpuid level	: 13
wp		: yes
flags		: fpu vme de pse tsc msr pae mce cx8 apic sep mtrr pge mca cmov pat pse36 clflush dts acpi mmx fxsr sse sse2 ss ht tm pbe syscall nx rdtscp lm constant_tsc arch_perfmon pebs bts rep_good nopl xtopology nonstop_tsc cpuid aperfmperf pni pclmulqdq dtes64 monitor ds_cpl vmx smx est tm2 ssse3 cx16 xtpr pdcm pcid sse4_1 sse4_2 x2apic popcnt tsc_deadline_timer aes xsave avx f16c rdrand lahf_lm cpuid_fault epb pti ssbd ibrs ibpb stibp tpr_shadow vnmi flexpriority ept vpid fsgsbase smep erms xsaveopt dtherm ida arat pln pts md_clear flush_l1d
bugs		: cpu_meltdown spectre_v1 spectre_v2 spec_store_bypass l1tf mds swapgs itlb_multihit srbds
bogomips	: 5387.84
clflush size	: 64
cache_alignment	: 64
address sizes	: 36 bits physical, 48 bits virtual
power management:

processor	: 3
vendor_id	: GenuineIntel
cpu family	: 6
model		: 58
model name	: Intel(R) Core(TM) i7-3740QM CPU @ 2.70GHz
stepping	: 9
microcode	: 0x21
cpu MHz		: 3016.663
cache size	: 6144 KB
physical id	: 0
siblings	: 8
core id		: 3
cpu cores	: 4
apicid		: 6
initial apicid	: 6
fpu		: yes
fpu_exception	: yes
cpuid level	: 13
wp		: yes
flags		: fpu vme de pse tsc msr pae mce cx8 apic sep mtrr pge mca cmov pat pse36 clflush dts acpi mmx fxsr sse sse2 ss ht tm pbe syscall nx rdtscp lm constant_tsc arch_perfmon pebs bts rep_good nopl xtopology nonstop_tsc cpuid aperfmperf pni pclmulqdq dtes64 monitor ds_cpl vmx smx est tm2 ssse3 cx16 xtpr pdcm pcid sse4_1 sse4_2 x2apic popcnt tsc_deadline_timer aes xsave avx f16c rdrand lahf_lm cpuid_fault epb pti ssbd ibrs ibpb stibp tpr_shadow vnmi flexpriority ept vpid fsgsbase smep erms xsaveopt dtherm ida arat pln pts md_clear flush_l1d
bugs		: cpu_meltdown spectre_v1 spectre_v2 spec_store_bypass l1tf mds swapgs itlb_multihit srbds
bogomips	: 5387.84
clflush size	: 64
cache_alignment	: 64
address sizes	: 36 bits physical, 48 bits virtual
power management:

processor	: 4
vendor_id	: GenuineIntel
cpu family	: 6
model		: 58
model name	: Intel(R) Core(TM) i7-3740QM CPU @ 2.70GHz
stepping	: 9
microcode	: 0x21
cpu MHz		: 2997.841
cache size	: 6144 KB
physical id	: 0
siblings	: 8
core id		: 0
cpu cores	: 4
apicid		: 1
initial apicid	: 1
fpu		: yes
fpu_exception	: yes
cpuid level	: 13
wp		: yes
flags		: fpu vme de pse tsc msr pae mce cx8 apic sep mtrr pge mca cmov pat pse36 clflush dts acpi mmx fxsr sse sse2 ss ht tm pbe syscall nx rdtscp lm constant_tsc arch_perfmon pebs bts rep_good nopl xtopology nonstop_tsc cpuid aperfmperf pni pclmulqdq dtes64 monitor ds_cpl vmx smx est tm2 ssse3 cx16 xtpr pdcm pcid sse4_1 sse4_2 x2apic popcnt tsc_deadline_timer aes xsave avx f16c rdrand lahf_lm cpuid_fault epb pti ssbd ibrs ibpb stibp tpr_shadow vnmi flexpriority ept vpid fsgsbase smep erms xsaveopt dtherm ida arat pln pts md_clear flush_l1d
bugs		: cpu_meltdown spectre_v1 spectre_v2 spec_store_bypass l1tf mds swapgs itlb_multihit srbds
bogomips	: 5387.84
clflush size	: 64
cache_alignment	: 64
address sizes	: 36 bits physical, 48 bits virtual
power management:

processor	: 5
vendor_id	: GenuineIntel
cpu family	: 6
model		: 58
model name	: Intel(R) Core(TM) i7-3740QM CPU @ 2.70GHz
stepping	: 9
microcode	: 0x21
cpu MHz		: 2998.360
cache size	: 6144 KB
physical id	: 0
siblings	: 8
core id		: 1
cpu cores	: 4
apicid		: 3
initial apicid	: 3
fpu		: yes
fpu_exception	: yes
cpuid level	: 13
wp		: yes
flags		: fpu vme de pse tsc msr pae mce cx8 apic sep mtrr pge mca cmov pat pse36 clflush dts acpi mmx fxsr sse sse2 ss ht tm pbe syscall nx rdtscp lm constant_tsc arch_perfmon pebs bts rep_good nopl xtopology nonstop_tsc cpuid aperfmperf pni pclmulqdq dtes64 monitor ds_cpl vmx smx est tm2 ssse3 cx16 xtpr pdcm pcid sse4_1 sse4_2 x2apic popcnt tsc_deadline_timer aes xsave avx f16c rdrand lahf_lm cpuid_fault epb pti ssbd ibrs ibpb stibp tpr_shadow vnmi flexpriority ept vpid fsgsbase smep erms xsaveopt dtherm ida arat pln pts md_clear flush_l1d
bugs		: cpu_meltdown spectre_v1 spectre_v2 spec_store_bypass l1tf mds swapgs itlb_multihit srbds
bogomips	: 5387.84
clflush size	: 64
cache_alignment	: 64
address sizes	: 36 bits physical, 48 bits virtual
power management:

processor	: 6
vendor_id	: GenuineIntel
cpu family	: 6
model		: 58
model name	: Intel(R) Core(TM) i7-3740QM CPU @ 2.70GHz
stepping	: 9
microcode	: 0x21
cpu MHz		: 3030.247
cache size	: 6144 KB
physical id	: 0
siblings	: 8
core id		: 2
cpu cores	: 4
apicid		: 5
initial apicid	: 5
fpu		: yes
fpu_exception	: yes
cpuid level	: 13
wp		: yes
flags		: fpu vme de pse tsc msr pae mce cx8 apic sep mtrr pge mca cmov pat pse36 clflush dts acpi mmx fxsr sse sse2 ss ht tm pbe syscall nx rdtscp lm constant_tsc arch_perfmon pebs bts rep_good nopl xtopology nonstop_tsc cpuid aperfmperf pni pclmulqdq dtes64 monitor ds_cpl vmx smx est tm2 ssse3 cx16 xtpr pdcm pcid sse4_1 sse4_2 x2apic popcnt tsc_deadline_timer aes xsave avx f16c rdrand lahf_lm cpuid_fault epb pti ssbd ibrs ibpb stibp tpr_shadow vnmi flexpriority ept vpid fsgsbase smep erms xsaveopt dtherm ida arat pln pts md_clear flush_l1d
bugs		: cpu_meltdown spectre_v1 spectre_v2 spec_store_bypass l1tf mds swapgs itlb_multihit srbds
bogomips	: 5387.84
clflush size	: 64
cache_alignment	: 64
address sizes	: 36 bits physical, 48 bits virtual
power management:

processor	: 7
vendor_id	: GenuineIntel
cpu family	: 6
model		: 58
model name	: Intel(R) Core(TM) i7-3740QM CPU @ 2.70GHz
stepping	: 9
microcode	: 0x21
cpu MHz		: 2755.988
cache size	: 6144 KB
physical id	: 0
siblings	: 8
core id		: 3
cpu cores	: 4
apicid		: 7
initial apicid	: 7
fpu		: yes
fpu_exception	: yes
cpuid level	: 13
wp		: yes
flags		: fpu vme de pse tsc msr pae mce cx8 apic sep mtrr pge mca cmov pat pse36 clflush dts acpi mmx fxsr sse sse2 ss ht tm pbe syscall nx rdtscp lm constant_tsc arch_perfmon pebs bts rep_good nopl xtopology nonstop_tsc cpuid aperfmperf pni pclmulqdq dtes64 monitor ds_cpl vmx smx est tm2 ssse3 cx16 xtpr pdcm pcid sse4_1 sse4_2 x2apic popcnt tsc_deadline_timer aes xsave avx f16c rdrand lahf_lm cpuid_fault epb pti ssbd ibrs ibpb stibp tpr_shadow vnmi flexpriority ept vpid fsgsbase smep erms xsaveopt dtherm ida arat pln pts md_clear flush_l1d
bugs		: cpu_meltdown spectre_v1 spectre_v2 spec_store_bypass l1tf mds swapgs itlb_multihit srbds
bogomips	: 5387.84
clflush size	: 64
cache_alignment	: 64
address sizes	: 36 bits physical, 48 bits virtual
power management:



Memory: 4k page, physical 8058584k(1939668k free), swap 2097148k(2096624k free)

vm_info: OpenJDK 64-Bit Server VM (25.252-b09) for linux-amd64 JRE (1.8.0_252-8u252-b09-1~18.04-b09), built on Apr 15 2020 18:48:05 by "buildd" with gcc 7.5.0

time: Sun Jul 19 14:54:00 2020
timezone: CDT
elapsed time: 4 seconds (0d 0h 0m 4s)

