#
# A fatal error has been detected by the Java Runtime Environment:
#
#  SIGSEGV (0xb) at pc=0x00007f457e114b82, pid=25954, tid=0x00007f457f5f6380
#
# JRE version: OpenJDK Runtime Environment (8.0_252-b09) (build 1.8.0_252-8u252-b09-1~18.04-b09)
# Java VM: OpenJDK 64-Bit Server VM (25.252-b09 mixed mode linux-amd64 compressed oops)
# Problematic frame:
# V  [libjvm.so+0x8f1b82]
#
# Failed to write core dump. Core dumps have been disabled. To enable core dumping, try "ulimit -c unlimited" before starting Java again
#
# If you would like to submit a bug report, please visit:
#   http://bugreport.java.com/bugreport/crash.jsp
#

---------------  T H R E A D  ---------------

Current thread is native thread

siginfo: si_signo: 11 (SIGSEGV), si_code: 1 (SEGV_MAPERR), si_addr: 0x0000000000000110

Registers:
RAX=0x0000000000000000, RBX=0x00007f457f5f4700, RCX=0x00007f457e7bcd2d, RDX=0x00007f457f5f66a0
RSP=0x00007ffc9fc3c170, RBP=0x00007ffc9fc3c230, RSI=0x00007ffc9fc3c370, RDI=0x0000000000000001
R8 =0x00000000000000ca, R9 =0x00007f457f5f49d0, R10=0x0000000000000000, R11=0x0000000000000246
R12=0x00007f457f5f6300, R13=0x0000000000000000, R14=0x00007ffc9fc3c370, R15=0x00007ffc9fc3c240
RIP=0x00007f457e114b82, EFLAGS=0x0000000000010246, CSGSFS=0x002b000000000033, ERR=0x0000000000000004
  TRAPNO=0x000000000000000e

Top of Stack: (sp=0x00007ffc9fc3c170)
0x00007ffc9fc3c170:   000000620000006e 00007f457f3fefaf
0x00007ffc9fc3c180:   00007f45ffffffff 00007f457ee8253c
0x00007ffc9fc3c190:   00007f457f1f118d 00007f457f4057a4
0x00007ffc9fc3c1a0:   0000000000000000 00007f457f619050
0x00007ffc9fc3c1b0:   0000000000000001 00007f457f3fefaf
0x00007ffc9fc3c1c0:   00007f457f619560 00007ffc9fc3c760
0x00007ffc9fc3c1d0:   00007f457f1dc420 00007f457ee059d0
0x00007ffc9fc3c1e0:   0000000001e5cb59 00007f457e7b713b
0x00007ffc9fc3c1f0:   00007f457e7b4f48 18f98c706a379900
0x00007ffc9fc3c200:   00007f4500000002 00007f457f5f4700
0x00007ffc9fc3c210:   0000000000000000 00007ffc9fc3c7f0
0x00007ffc9fc3c220:   0000000000000000 00005617d9dd6568
0x00007ffc9fc3c230:   00007ffc9fc3c858 00007f457ee32fd0
0x00007ffc9fc3c240:   0000000000000007 0000000000000000
0x00007ffc9fc3c250:   0000000000000000 00007f4500000002
0x00007ffc9fc3c260:   0000000000000000 00000000000000ca
0x00007ffc9fc3c270:   00007f457f5f49d0 0000000000000000
0x00007ffc9fc3c280:   0000000000000246 0000000000000000
0x00007ffc9fc3c290:   00007ffc9fc3c7f0 0000000000000000
0x00007ffc9fc3c2a0:   00005617d9dd6568 00007f457f5f49d0
0x00007ffc9fc3c2b0:   0000000000000000 00007ffc9fc3c858
0x00007ffc9fc3c2c0:   00007f457f5f4700 0000000000006578
0x00007ffc9fc3c2d0:   00000000000000ca 00007f457e7bcd2d
0x00007ffc9fc3c2e0:   00007ffc9fc3c7e0 00007f457e7bcd2b
0x00007ffc9fc3c2f0:   0000000000000246 002b000000000033
0x00007ffc9fc3c300:   0000000000000000 0000000000000000
0x00007ffc9fc3c310:   0000000000000000 0000000000000000
0x00007ffc9fc3c320:   00007ffc9fc3c400 00007ffc9fc3c468
0x00007ffc9fc3c330:   00007f457f61ad68 00007f457f619050
0x00007ffc9fc3c340:   0000000000000000 00007f457f3ff23f
0x00007ffc9fc3c350:   0000000000000005 00007f457f61ad68
0x00007ffc9fc3c360:   0000000000000005 0000000000000000 

Instructions: (pc=0x00007f457e114b82)
0x00007f457e114b62:   00 48 89 45 c8 31 c0 e8 42 e4 8f ff 44 8b 28 49
0x00007f457e114b72:   89 c4 48 8d 05 cd a9 65 00 8b 38 e8 a6 e6 8f ff
0x00007f457e114b82:   48 8b 98 10 01 00 00 8b 83 a8 00 00 00 83 f8 01
0x00007f457e114b92:   74 2c 48 8b 45 c8 64 48 33 04 25 28 00 00 00 45 

Register to memory mapping:

RAX=0x0000000000000000 is an unknown value
RBX=0x00007f457f5f4700 is pointing into the stack for thread: 0x00007f457800b800
RCX=0x00007f457e7bcd2d: <offset 0x8d2d> in /lib/x86_64-linux-gnu/libpthread.so.0 at 0x00007f457e7b4000
RDX=0x00007f457f5f66a0 is an unknown value
RSP=0x00007ffc9fc3c170 is an unknown value
RBP=0x00007ffc9fc3c230 is an unknown value
RSI=0x00007ffc9fc3c370 is an unknown value
RDI=0x0000000000000001 is an unknown value
R8 =0x00000000000000ca is an unknown value
R9 =0x00007f457f5f49d0 is pointing into the stack for thread: 0x00007f457800b800
R10=0x0000000000000000 is an unknown value
R11=0x0000000000000246 is an unknown value
R12=0x00007f457f5f6300 is an unknown value
R13=0x0000000000000000 is an unknown value
R14=0x00007ffc9fc3c370 is an unknown value
R15=0x00007ffc9fc3c240 is an unknown value


Stack: [0x00007ffc9fb43000,0x00007ffc9fc43000],  sp=0x00007ffc9fc3c170,  free space=996k
Native frames: (J=compiled Java code, j=interpreted, Vv=VM code, C=native code)
V  [libjvm.so+0x8f1b82]
C  [libc.so.6+0x3efd0]


---------------  P R O C E S S  ---------------

VM state:not at safepoint (normal execution)

VM Mutex/Monitor currently owned by a thread: None

heap address: 0x0000000085000000, size: 1968 MB, Compressed Oops mode: 32-bit
Narrow klass base: 0x0000000000000000, Narrow klass shift: 3
Compressed class space size: 1073741824 Address: 0x0000000100000000

Heap:
 PSYoungGen      total 36864K, used 14780K [0x00000000d7000000, 0x00000000db800000, 0x0000000100000000)
  eden space 31744K, 30% used [0x00000000d7000000,0x00000000d796f630,0x00000000d8f00000)
  from space 5120K, 99% used [0x00000000d9400000,0x00000000d98ffc68,0x00000000d9900000)
  to   space 5120K, 0% used [0x00000000d8f00000,0x00000000d8f00000,0x00000000d9400000)
 ParOldGen       total 84992K, used 1250K [0x0000000085000000, 0x000000008a300000, 0x00000000d7000000)
  object space 84992K, 1% used [0x0000000085000000,0x0000000085138a90,0x000000008a300000)
 Metaspace       used 12333K, capacity 12552K, committed 12672K, reserved 1060864K
  class space    used 1513K, capacity 1604K, committed 1664K, reserved 1048576K

Card table byte_map: [0x00007f456865e000,0x00007f4568a37000] byte_map_base: 0x00007f4568236000

Marking Bits: (ParMarkBitMap*) 0x00007f457e7973c0
 Begin Bits: [0x00007f455c280000, 0x00007f455e140000)
 End Bits:   [0x00007f455e140000, 0x00007f4560000000)

Polling page: 0x00007f457f618000

CodeCache: size=245760Kb used=4166Kb max_used=4166Kb free=241593Kb
 bounds [0x00007f4568df7000, 0x00007f4569217000, 0x00007f4577df7000]
 total_blobs=1383 nmethods=1075 adapters=222
 compilation: enabled

Compilation events (10 events):
Event: 0.770 Thread 0x00007f45780c8800 nmethod 1066 0x00007f4569205110 code [0x00007f4569205280, 0x00007f4569205530]
Event: 0.770 Thread 0x00007f45780c8800 1069       3       com.google.inject.internal.asm.$Type::a (269 bytes)
Event: 0.770 Thread 0x00007f45780c8800 nmethod 1069 0x00007f4569205650 code [0x00007f4569205840, 0x00007f4569206130]
Event: 0.770 Thread 0x00007f45780c8800 1067       1       com.google.inject.internal.cglib.core.$Signature::getName (5 bytes)
Event: 0.770 Thread 0x00007f45780c8800 nmethod 1067 0x00007f45691f3390 code [0x00007f45691f34e0, 0x00007f45691f35f0]
Event: 0.770 Thread 0x00007f45780c8800 1070       3       com.google.inject.internal.asm.$Frame::c (45 bytes)
Event: 0.770 Thread 0x00007f45780c8800 nmethod 1070 0x00007f4569206510 code [0x00007f4569206680, 0x00007f4569206850]
Event: 0.771 Thread 0x00007f45780c8800 1071       3       com.google.inject.internal.asm.$Frame::a (576 bytes)
Event: 0.772 Thread 0x00007f45780c8800 nmethod 1071 0x00007f4569206910 code [0x00007f4569206ba0, 0x00007f4569207c78]
Event: 0.772 Thread 0x00007f45780c8800 1075   !   3       java.util.concurrent.ConcurrentHashMap::putVal (362 bytes)

GC Heap History (4 events):
Event: 0.413 GC heap before
{Heap before GC invocations=1 (full 0):
 PSYoungGen      total 36864K, used 31744K [0x00000000d7000000, 0x00000000d9900000, 0x0000000100000000)
  eden space 31744K, 100% used [0x00000000d7000000,0x00000000d8f00000,0x00000000d8f00000)
  from space 5120K, 0% used [0x00000000d9400000,0x00000000d9400000,0x00000000d9900000)
  to   space 5120K, 0% used [0x00000000d8f00000,0x00000000d8f00000,0x00000000d9400000)
 ParOldGen       total 84992K, used 0K [0x0000000085000000, 0x000000008a300000, 0x00000000d7000000)
  object space 84992K, 0% used [0x0000000085000000,0x0000000085000000,0x000000008a300000)
 Metaspace       used 7965K, capacity 8124K, committed 8320K, reserved 1056768K
  class space    used 965K, capacity 1048K, committed 1152K, reserved 1048576K
Event: 0.417 GC heap after
Heap after GC invocations=1 (full 0):
 PSYoungGen      total 36864K, used 4648K [0x00000000d7000000, 0x00000000d9900000, 0x0000000100000000)
  eden space 31744K, 0% used [0x00000000d7000000,0x00000000d7000000,0x00000000d8f00000)
  from space 5120K, 90% used [0x00000000d8f00000,0x00000000d938a260,0x00000000d9400000)
  to   space 5120K, 0% used [0x00000000d9400000,0x00000000d9400000,0x00000000d9900000)
 ParOldGen       total 84992K, used 8K [0x0000000085000000, 0x000000008a300000, 0x00000000d7000000)
  object space 84992K, 0% used [0x0000000085000000,0x0000000085002000,0x000000008a300000)
 Metaspace       used 7965K, capacity 8124K, committed 8320K, reserved 1056768K
  class space    used 965K, capacity 1048K, committed 1152K, reserved 1048576K
}
Event: 0.668 GC heap before
{Heap before GC invocations=2 (full 0):
 PSYoungGen      total 36864K, used 36392K [0x00000000d7000000, 0x00000000d9900000, 0x0000000100000000)
  eden space 31744K, 100% used [0x00000000d7000000,0x00000000d8f00000,0x00000000d8f00000)
  from space 5120K, 90% used [0x00000000d8f00000,0x00000000d938a260,0x00000000d9400000)
  to   space 5120K, 0% used [0x00000000d9400000,0x00000000d9400000,0x00000000d9900000)
 ParOldGen       total 84992K, used 8K [0x0000000085000000, 0x000000008a300000, 0x00000000d7000000)
  object space 84992K, 0% used [0x0000000085000000,0x0000000085002000,0x000000008a300000)
 Metaspace       used 11176K, capacity 11358K, committed 11520K, reserved 1058816K
  class space    used 1368K, capacity 1443K, committed 1536K, reserved 1048576K
Event: 0.672 GC heap after
Heap after GC invocations=2 (full 0):
 PSYoungGen      total 36864K, used 5119K [0x00000000d7000000, 0x00000000db800000, 0x0000000100000000)
  eden space 31744K, 0% used [0x00000000d7000000,0x00000000d7000000,0x00000000d8f00000)
  from space 5120K, 99% used [0x00000000d9400000,0x00000000d98ffc68,0x00000000d9900000)
  to   space 5120K, 0% used [0x00000000d8f00000,0x00000000d8f00000,0x00000000d9400000)
 ParOldGen       total 84992K, used 1250K [0x0000000085000000, 0x000000008a300000, 0x00000000d7000000)
  object space 84992K, 1% used [0x0000000085000000,0x0000000085138a90,0x000000008a300000)
 Metaspace       used 11176K, capacity 11358K, committed 11520K, reserved 1058816K
  class space    used 1368K, capacity 1443K, committed 1536K, reserved 1048576K
}

Deoptimization events (8 events):
Event: 0.199 Thread 0x00007f457800b800 Uncommon trap: reason=unstable_if action=reinterpret pc=0x00007f4568faa620 method=java.lang.String.replace(CC)Ljava/lang/String; @ 26
Event: 0.232 Thread 0x00007f457800b800 Uncommon trap: reason=unstable_if action=reinterpret pc=0x00007f4568fae014 method=java.lang.String.indexOf([CII[CIII)I @ 3
Event: 0.340 Thread 0x00007f457800b800 Uncommon trap: reason=range_check action=make_not_entrant pc=0x00007f4569051c00 method=sun.reflect.generics.parser.SignatureParser.current()C @ 34
Event: 0.353 Thread 0x00007f457800b800 Uncommon trap: reason=unstable_if action=reinterpret pc=0x00007f4568f9f988 method=org.codehaus.plexus.util.xml.pull.MXParser.more()C @ 8
Event: 0.411 Thread 0x00007f457800b800 Uncommon trap: reason=unstable_if action=reinterpret pc=0x00007f45690b7168 method=java.io.Reader.read()I @ 12
Event: 0.478 Thread 0x00007f457800b800 Uncommon trap: reason=unstable_if action=reinterpret pc=0x00007f456904db9c method=java.util.HashMap.getNode(ILjava/lang/Object;)Ljava/util/HashMap$Node; @ 129
Event: 0.492 Thread 0x00007f457800b800 Uncommon trap: reason=unstable_if action=reinterpret pc=0x00007f45690d69a8 method=java.util.HashMap.getNode(ILjava/lang/Object;)Ljava/util/HashMap$Node; @ 129
Event: 0.762 Thread 0x00007f457800b800 Uncommon trap: reason=unstable_if action=reinterpret pc=0x00007f4569173b98 method=java.util.concurrent.ConcurrentHashMap.putVal(Ljava/lang/Object;Ljava/lang/Object;Z)Ljava/lang/Object; @ 206

Classes redefined (0 events):
No events

Internal exceptions (10 events):
Event: 0.339 Thread 0x00007f457800b800 Exception <a 'java/lang/ArrayIndexOutOfBoundsException'> (0x00000000d85b1b38) thrown at [/build/openjdk-8-piDAoU/openjdk-8-8u252-b09/src/hotspot/src/share/vm/runtime/sharedRuntime.cpp, line 605]
Event: 0.339 Thread 0x00007f457800b800 Exception <a 'java/lang/ArrayIndexOutOfBoundsException'> (0x00000000d85b28c8) thrown at [/build/openjdk-8-piDAoU/openjdk-8-8u252-b09/src/hotspot/src/share/vm/runtime/sharedRuntime.cpp, line 605]
Event: 0.339 Thread 0x00007f457800b800 Exception <a 'java/lang/ArrayIndexOutOfBoundsException'> (0x00000000d85b3f28) thrown at [/build/openjdk-8-piDAoU/openjdk-8-8u252-b09/src/hotspot/src/share/vm/runtime/sharedRuntime.cpp, line 605]
Event: 0.339 Thread 0x00007f457800b800 Exception <a 'java/lang/ArrayIndexOutOfBoundsException'> (0x00000000d85b5610) thrown at [/build/openjdk-8-piDAoU/openjdk-8-8u252-b09/src/hotspot/src/share/vm/runtime/sharedRuntime.cpp, line 605]
Event: 0.339 Thread 0x00007f457800b800 Exception <a 'java/lang/ArrayIndexOutOfBoundsException'> (0x00000000d85b7460) thrown at [/build/openjdk-8-piDAoU/openjdk-8-8u252-b09/src/hotspot/src/share/vm/runtime/sharedRuntime.cpp, line 605]
Event: 0.339 Thread 0x00007f457800b800 Exception <a 'java/lang/ArrayIndexOutOfBoundsException'> (0x00000000d85b9110) thrown at [/build/openjdk-8-piDAoU/openjdk-8-8u252-b09/src/hotspot/src/share/vm/runtime/sharedRuntime.cpp, line 605]
Event: 0.340 Thread 0x00007f457800b800 Exception <a 'java/lang/ArrayIndexOutOfBoundsException'> (0x00000000d85ba850) thrown at [/build/openjdk-8-piDAoU/openjdk-8-8u252-b09/src/hotspot/src/share/vm/runtime/sharedRuntime.cpp, line 605]
Event: 0.340 Thread 0x00007f457800b800 Exception <a 'java/lang/ArrayIndexOutOfBoundsException'> (0x00000000d85bc018) thrown at [/build/openjdk-8-piDAoU/openjdk-8-8u252-b09/src/hotspot/src/share/vm/runtime/sharedRuntime.cpp, line 605]
Event: 0.340 Thread 0x00007f457800b800 Exception <a 'java/lang/ArrayIndexOutOfBoundsException': 113> (0x00000000d85bdd68) thrown at [/build/openjdk-8-piDAoU/openjdk-8-8u252-b09/src/hotspot/src/share/vm/interpreter/interpreterRuntime.cpp, line 368]
Event: 0.340 Thread 0x00007f457800b800 Exception <a 'java/lang/ArrayIndexOutOfBoundsException': 71> (0x00000000d85bf2c0) thrown at [/build/openjdk-8-piDAoU/openjdk-8-8u252-b09/src/hotspot/src/share/vm/interpreter/interpreterRuntime.cpp, line 368]

Events (10 events):
Event: 0.770 loading class com/google/inject/internal/cglib/reflect/$FastClassEmitter$4
Event: 0.770 loading class com/google/inject/internal/cglib/reflect/$FastClassEmitter$4 done
Event: 0.770 loading class com/google/inject/internal/asm/$Handler
Event: 0.771 loading class com/google/inject/internal/asm/$Handler done
Event: 0.772 loading class com/google/inject/internal/cglib/reflect/$FastConstructor
Event: 0.772 loading class com/google/inject/internal/cglib/reflect/$FastConstructor done
Event: 0.772 loading class com/google/inject/internal/cglib/reflect/$FastMember
Event: 0.772 loading class com/google/inject/internal/cglib/reflect/$FastMember done
Event: 0.772 loading class com/google/inject/internal/DefaultConstructionProxyFactory$1
Event: 0.772 loading class com/google/inject/internal/DefaultConstructionProxyFactory$1 done


Dynamic libraries:
85000000-8a300000 rw-p 00000000 00:00 0 
8a300000-d7000000 ---p 00000000 00:00 0 
d7000000-db800000 rw-p 00000000 00:00 0 
db800000-100000000 ---p 00000000 00:00 0 
100000000-1001a0000 rw-p 00000000 00:00 0 
1001a0000-140000000 ---p 00000000 00:00 0 
5617d92fa000-5617d92fb000 r-xp 00000000 08:01 7346196                    /usr/lib/jvm/java-8-openjdk-amd64/jre/bin/java
5617d94fa000-5617d94fb000 r--p 00000000 08:01 7346196                    /usr/lib/jvm/java-8-openjdk-amd64/jre/bin/java
5617d94fb000-5617d94fc000 rw-p 00001000 08:01 7346196                    /usr/lib/jvm/java-8-openjdk-amd64/jre/bin/java
5617d9dd6000-5617d9e22000 rw-p 00000000 00:00 0                          [heap]
7f4508000000-7f4508021000 rw-p 00000000 00:00 0 
7f4508021000-7f450c000000 ---p 00000000 00:00 0 
7f450c000000-7f450c021000 rw-p 00000000 00:00 0 
7f450c021000-7f4510000000 ---p 00000000 00:00 0 
7f4510000000-7f451027a000 rw-p 00000000 00:00 0 
7f451027a000-7f4514000000 ---p 00000000 00:00 0 
7f4514000000-7f45144dd000 rw-p 00000000 00:00 0 
7f45144dd000-7f4518000000 ---p 00000000 00:00 0 
7f4518000000-7f4518392000 rw-p 00000000 00:00 0 
7f4518392000-7f451c000000 ---p 00000000 00:00 0 
7f451c000000-7f451c2eb000 rw-p 00000000 00:00 0 
7f451c2eb000-7f4520000000 ---p 00000000 00:00 0 
7f4520000000-7f4520021000 rw-p 00000000 00:00 0 
7f4520021000-7f4524000000 ---p 00000000 00:00 0 
7f4524000000-7f4524021000 rw-p 00000000 00:00 0 
7f4524021000-7f4528000000 ---p 00000000 00:00 0 
7f4528000000-7f4528021000 rw-p 00000000 00:00 0 
7f4528021000-7f452c000000 ---p 00000000 00:00 0 
7f452c000000-7f452c021000 rw-p 00000000 00:00 0 
7f452c021000-7f4530000000 ---p 00000000 00:00 0 
7f4530000000-7f4530021000 rw-p 00000000 00:00 0 
7f4530021000-7f4534000000 ---p 00000000 00:00 0 
7f4534000000-7f4534021000 rw-p 00000000 00:00 0 
7f4534021000-7f4538000000 ---p 00000000 00:00 0 
7f4538000000-7f4538021000 rw-p 00000000 00:00 0 
7f4538021000-7f453c000000 ---p 00000000 00:00 0 
7f4540000000-7f4540021000 rw-p 00000000 00:00 0 
7f4540021000-7f4544000000 ---p 00000000 00:00 0 
7f4548000000-7f4548021000 rw-p 00000000 00:00 0 
7f4548021000-7f454c000000 ---p 00000000 00:00 0 
7f4550000000-7f4550021000 rw-p 00000000 00:00 0 
7f4550021000-7f4554000000 ---p 00000000 00:00 0 
7f4557c00000-7f4557cc0000 rw-p 00000000 00:00 0 
7f4557cc0000-7f4557e00000 ---p 00000000 00:00 0 
7f4557e00000-7f4558000000 rw-p 00000000 00:00 0 
7f4558000000-7f4558021000 rw-p 00000000 00:00 0 
7f4558021000-7f455c000000 ---p 00000000 00:00 0 
7f455c1b8000-7f455c1e4000 r--s 00208000 08:01 6161432                    /usr/share/java/guava.jar
7f455c1e4000-7f455c1e8000 r--s 00027000 08:01 6161466                    /usr/share/java/maven-resolver-impl.jar
7f455c1e8000-7f455c1e9000 r--s 00003000 08:01 6161812                    /usr/share/java/plexus-cipher.jar
7f455c1e9000-7f455c1ee000 r--s 00021000 08:01 6161472                    /usr/share/java/maven-resolver-util.jar
7f455c1ee000-7f455c1f0000 r--s 00001000 08:01 6163070                    /usr/share/java/maven3-builder-support.jar
7f455c1f0000-7f455c1f4000 r--s 0001f000 08:01 6161464                    /usr/share/java/maven-resolver-api.jar
7f455c1f4000-7f455c1f7000 r--s 00007000 08:01 6163731                    /usr/share/java/maven3-settings-builder.jar
7f455c1f7000-7f455c1fa000 r--s 0000a000 08:01 6163060                    /usr/share/java/maven3-artifact.jar
7f455c1fa000-7f455c1fe000 r--s 0003b000 08:01 6161460                    /usr/share/java/plexus-utils2.jar
7f455c1fe000-7f455c201000 r--s 00024000 08:01 6161727                    /usr/share/java/maven-shared-utils.jar
7f455c201000-7f455c202000 r--s 00004000 08:01 6163777                    /usr/share/java/maven3-slf4j-provider.jar
7f455c202000-7f455c204000 r--s 0000a000 08:01 6163108                    /usr/share/java/maven3-plugin-api.jar
7f455c204000-7f455c206000 r--s 00006000 08:01 6161907                    /usr/share/java/plexus-sec-dispatcher.jar
7f455c206000-7f455c233000 r--s 001ce000 08:01 6164040                    /usr/share/java/wagon-http-shaded-3.0.0.jar
7f455c233000-7f455c235000 r--s 00000000 08:01 6161901                    /usr/share/java/plexus-component-annotations.jar
7f455c235000-7f455c237000 r--s 00009000 08:01 6162118                    /usr/share/java/slf4j-api.jar
7f455c237000-7f455c239000 r--s 0000b000 08:01 6161462                    /usr/share/java/wagon-provider-api.jar
7f455c239000-7f455c23e000 r--s 00030000 08:01 6161402                    /usr/share/java/commons-io.jar
7f455c23e000-7f455c23f000 r--s 00002000 08:01 6161428                    /usr/share/java/geronimo-annotation-1.3-spec.jar
7f455c23f000-7f455c245000 r--s 0002d000 08:01 6163029                    /usr/share/java/sisu-plexus.jar
7f455c245000-7f455c247000 r--s 00007000 08:01 6161458                    /usr/share/java/jansi.jar
7f455c247000-7f455c248000 r--s 00006000 08:01 6163110                    /usr/share/java/maven3-repository-metadata.jar
7f455c248000-7f455c24a000 r--s 00005000 08:01 6161471                    /usr/share/java/maven-resolver-transport-wagon.jar
7f455c24a000-7f455c251000 r--s 00041000 08:01 6163100                    /usr/share/java/maven3-compat.jar
7f455c251000-7f455c254000 r--s 00015000 08:01 6163102                    /usr/share/java/maven3-embedder.jar
7f455c254000-7f455c259000 r--s 00025000 08:01 6163103                    /usr/share/java/maven3-model-builder.jar
7f455c259000-7f455c25b000 r--s 0000a000 08:01 6161067                    /usr/share/java/commons-cli.jar
7f455c25b000-7f455c25e000 r--s 00011000 08:01 6161904                    /usr/share/java/plexus-interpolation.jar
7f455c25e000-7f455c260000 r--s 00001000 08:01 6161434                    /usr/share/java/aopalliance-1.0.jar
7f455c260000-7f455c261000 r--s 00000000 08:01 6160796                    /usr/share/java/atinject-jsr330-api-1.0.jar
7f455c261000-7f455c264000 r--s 0000e000 08:01 6161028                    /usr/share/java/cdi-api.jar
7f455c264000-7f455c26b000 r--s 00054000 08:01 6162904                    /usr/share/java/sisu-inject.jar
7f455c26b000-7f455c278000 r--s 0008b000 08:01 6163101                    /usr/share/java/maven3-core.jar
7f455c278000-7f455c280000 r--s 00072000 08:01 6161404                    /usr/share/java/commons-lang3.jar
7f455c280000-7f4560000000 rw-p 00000000 00:00 0 
7f4560000000-7f4560021000 rw-p 00000000 00:00 0 
7f4560021000-7f4564000000 ---p 00000000 00:00 0 
7f4564000000-7f4564001000 r--s 00001000 08:01 6160983                    /usr/share/java/geronimo-interceptor-3.0-spec.jar
7f4564001000-7f4564002000 r--s 00000000 08:01 6160796                    /usr/share/java/atinject-jsr330-api-1.0.jar
7f4564002000-7f4564004000 r--s 00008000 08:01 6161465                    /usr/share/java/maven-resolver-connector-basic.jar
7f4564004000-7f4564006000 r--s 00003000 08:01 6161930                    /usr/share/java/jcl-over-slf4j.jar
7f4564006000-7f4564009000 r--s 00027000 08:01 6163104                    /usr/share/java/maven3-model.jar
7f4564009000-7f456403a000 rw-p 00000000 00:00 0 
7f456403a000-7f4564051000 r-xp 00000000 08:01 7867453                    /usr/lib/jvm/java-8-openjdk-amd64/jre/lib/amd64/libnet.so
7f4564051000-7f4564250000 ---p 00017000 08:01 7867453                    /usr/lib/jvm/java-8-openjdk-amd64/jre/lib/amd64/libnet.so
7f4564250000-7f4564251000 r--p 00016000 08:01 7867453                    /usr/lib/jvm/java-8-openjdk-amd64/jre/lib/amd64/libnet.so
7f4564251000-7f4564252000 rw-p 00017000 08:01 7867453                    /usr/lib/jvm/java-8-openjdk-amd64/jre/lib/amd64/libnet.so
7f4564252000-7f4564264000 r-xp 00000000 08:01 7867454                    /usr/lib/jvm/java-8-openjdk-amd64/jre/lib/amd64/libnio.so
7f4564264000-7f4564463000 ---p 00012000 08:01 7867454                    /usr/lib/jvm/java-8-openjdk-amd64/jre/lib/amd64/libnio.so
7f4564463000-7f4564464000 r--p 00011000 08:01 7867454                    /usr/lib/jvm/java-8-openjdk-amd64/jre/lib/amd64/libnio.so
7f4564464000-7f4564465000 rw-p 00012000 08:01 7867454                    /usr/lib/jvm/java-8-openjdk-amd64/jre/lib/amd64/libnio.so
7f4564465000-7f4564480000 r--s 00394000 08:01 7869398                    /usr/lib/jvm/java-8-openjdk-amd64/jre/lib/ext/cldrdata.jar
7f4564480000-7f456449b000 r--s 001d6000 08:01 7869671                    /usr/lib/jvm/java-8-openjdk-amd64/jre/lib/ext/nashorn.jar
7f456449b000-7f456449c000 ---p 00000000 00:00 0 
7f456449c000-7f456459c000 rw-p 00000000 00:00 0 
7f456459c000-7f456459f000 ---p 00000000 00:00 0 
7f456459f000-7f456469d000 rw-p 00000000 00:00 0 
7f456469d000-7f456469e000 ---p 00000000 00:00 0 
7f456469e000-7f45646a1000 ---p 00000000 00:00 0 
7f45646a1000-7f456479e000 rw-p 00000000 00:00 0 
7f456479e000-7f456479f000 ---p 00000000 00:00 0 
7f456479f000-7f45647a2000 ---p 00000000 00:00 0 
7f45647a2000-7f456489f000 rw-p 00000000 00:00 0 
7f456489f000-7f45648a0000 ---p 00000000 00:00 0 
7f45648a0000-7f45648a3000 ---p 00000000 00:00 0 
7f45648a3000-7f45649a0000 rw-p 00000000 00:00 0 
7f45649a0000-7f45649a1000 ---p 00000000 00:00 0 
7f45649a1000-7f45649a4000 ---p 00000000 00:00 0 
7f45649a4000-7f4564aa1000 rw-p 00000000 00:00 0 
7f4564aa1000-7f4564aa4000 ---p 00000000 00:00 0 
7f4564aa4000-7f4564ba2000 rw-p 00000000 00:00 0 
7f4564ba2000-7f4564e80000 r--p 00000000 08:01 5770205                    /usr/lib/locale/locale-archive
7f4564e80000-7f4564e83000 ---p 00000000 00:00 0 
7f4564e83000-7f4564f81000 rw-p 00000000 00:00 0 
7f4564f81000-7f4564f84000 ---p 00000000 00:00 0 
7f4564f84000-7f4565082000 rw-p 00000000 00:00 0 
7f4565082000-7f4565083000 ---p 00000000 00:00 0 
7f4565083000-7f4566da6000 rw-p 00000000 00:00 0 
7f4566da6000-7f4566f78000 r--s 03ca5000 08:01 7869694                    /usr/lib/jvm/java-8-openjdk-amd64/jre/lib/rt.jar
7f4566f78000-7f4567bc6000 rw-p 00000000 00:00 0 
7f4567bc6000-7f4567bc7000 ---p 00000000 00:00 0 
7f4567bc7000-7f4567cc7000 rw-p 00000000 00:00 0 
7f4567cc7000-7f4567cc8000 ---p 00000000 00:00 0 
7f4567cc8000-7f4567dc8000 rw-p 00000000 00:00 0 
7f4567dc8000-7f4567dc9000 ---p 00000000 00:00 0 
7f4567dc9000-7f4567ec9000 rw-p 00000000 00:00 0 
7f4567ec9000-7f4567eca000 ---p 00000000 00:00 0 
7f4567eca000-7f4567fca000 rw-p 00000000 00:00 0 
7f4567fca000-7f4567fcb000 ---p 00000000 00:00 0 
7f4567fcb000-7f45680cb000 rw-p 00000000 00:00 0 
7f45680cb000-7f45680cc000 ---p 00000000 00:00 0 
7f45680cc000-7f45681cc000 rw-p 00000000 00:00 0 
7f45681cc000-7f45681cd000 ---p 00000000 00:00 0 
7f45681cd000-7f45682cd000 rw-p 00000000 00:00 0 
7f45682cd000-7f45682ce000 ---p 00000000 00:00 0 
7f45682ce000-7f45683f8000 rw-p 00000000 00:00 0 
7f45683f8000-7f456865e000 ---p 00000000 00:00 0 
7f456865e000-7f4568688000 rw-p 00000000 00:00 0 
7f4568688000-7f45688ee000 ---p 00000000 00:00 0 
7f45688ee000-7f4568912000 rw-p 00000000 00:00 0 
7f4568912000-7f4568a36000 ---p 00000000 00:00 0 
7f4568a36000-7f4568a48000 rw-p 00000000 00:00 0 
7f4568a48000-7f4568df7000 ---p 00000000 00:00 0 
7f4568df7000-7f4569217000 rwxp 00000000 00:00 0 
7f4569217000-7f4577df7000 ---p 00000000 00:00 0 
7f4577df7000-7f4577dff000 r-xp 00000000 08:01 7868230                    /usr/lib/jvm/java-8-openjdk-amd64/jre/lib/amd64/libzip.so
7f4577dff000-7f4577ffe000 ---p 00008000 08:01 7868230                    /usr/lib/jvm/java-8-openjdk-amd64/jre/lib/amd64/libzip.so
7f4577ffe000-7f4577fff000 r--p 00007000 08:01 7868230                    /usr/lib/jvm/java-8-openjdk-amd64/jre/lib/amd64/libzip.so
7f4577fff000-7f4578000000 rw-p 00008000 08:01 7868230                    /usr/lib/jvm/java-8-openjdk-amd64/jre/lib/amd64/libzip.so
7f4578000000-7f45789ad000 rw-p 00000000 00:00 0 
7f45789ad000-7f457c000000 ---p 00000000 00:00 0 
7f457c000000-7f457c00e000 r--s 0009a000 08:01 6161444                    /usr/share/java/guice.jar
7f457c00e000-7f457c05c000 rw-p 00000000 00:00 0 
7f457c05c000-7f457c067000 r-xp 00000000 08:01 40639752                   /lib/x86_64-linux-gnu/libnss_files-2.27.so
7f457c067000-7f457c266000 ---p 0000b000 08:01 40639752                   /lib/x86_64-linux-gnu/libnss_files-2.27.so
7f457c266000-7f457c267000 r--p 0000a000 08:01 40639752                   /lib/x86_64-linux-gnu/libnss_files-2.27.so
7f457c267000-7f457c268000 rw-p 0000b000 08:01 40639752                   /lib/x86_64-linux-gnu/libnss_files-2.27.so
7f457c268000-7f457c26e000 rw-p 00000000 00:00 0 
7f457c26e000-7f457c285000 r-xp 00000000 08:01 40639749                   /lib/x86_64-linux-gnu/libnsl-2.27.so
7f457c285000-7f457c484000 ---p 00017000 08:01 40639749                   /lib/x86_64-linux-gnu/libnsl-2.27.so
7f457c484000-7f457c485000 r--p 00016000 08:01 40639749                   /lib/x86_64-linux-gnu/libnsl-2.27.so
7f457c485000-7f457c486000 rw-p 00017000 08:01 40639749                   /lib/x86_64-linux-gnu/libnsl-2.27.so
7f457c486000-7f457c488000 rw-p 00000000 00:00 0 
7f457c488000-7f457c493000 r-xp 00000000 08:01 40639754                   /lib/x86_64-linux-gnu/libnss_nis-2.27.so
7f457c493000-7f457c692000 ---p 0000b000 08:01 40639754                   /lib/x86_64-linux-gnu/libnss_nis-2.27.so
7f457c692000-7f457c693000 r--p 0000a000 08:01 40639754                   /lib/x86_64-linux-gnu/libnss_nis-2.27.so
7f457c693000-7f457c694000 rw-p 0000b000 08:01 40639754                   /lib/x86_64-linux-gnu/libnss_nis-2.27.so
7f457c694000-7f457c69c000 r-xp 00000000 08:01 40639750                   /lib/x86_64-linux-gnu/libnss_compat-2.27.so
7f457c69c000-7f457c89c000 ---p 00008000 08:01 40639750                   /lib/x86_64-linux-gnu/libnss_compat-2.27.so
7f457c89c000-7f457c89d000 r--p 00008000 08:01 40639750                   /lib/x86_64-linux-gnu/libnss_compat-2.27.so
7f457c89d000-7f457c89e000 rw-p 00009000 08:01 40639750                   /lib/x86_64-linux-gnu/libnss_compat-2.27.so
7f457c89e000-7f457c8c8000 r-xp 00000000 08:01 7867420                    /usr/lib/jvm/java-8-openjdk-amd64/jre/lib/amd64/libjava.so
7f457c8c8000-7f457cac7000 ---p 0002a000 08:01 7867420                    /usr/lib/jvm/java-8-openjdk-amd64/jre/lib/amd64/libjava.so
7f457cac7000-7f457cac8000 r--p 00029000 08:01 7867420                    /usr/lib/jvm/java-8-openjdk-amd64/jre/lib/amd64/libjava.so
7f457cac8000-7f457caca000 rw-p 0002a000 08:01 7867420                    /usr/lib/jvm/java-8-openjdk-amd64/jre/lib/amd64/libjava.so
7f457caca000-7f457cada000 r-xp 00000000 08:01 7868229                    /usr/lib/jvm/java-8-openjdk-amd64/jre/lib/amd64/libverify.so
7f457cada000-7f457ccd9000 ---p 00010000 08:01 7868229                    /usr/lib/jvm/java-8-openjdk-amd64/jre/lib/amd64/libverify.so
7f457ccd9000-7f457ccdb000 r--p 0000f000 08:01 7868229                    /usr/lib/jvm/java-8-openjdk-amd64/jre/lib/amd64/libverify.so
7f457ccdb000-7f457ccdc000 rw-p 00011000 08:01 7868229                    /usr/lib/jvm/java-8-openjdk-amd64/jre/lib/amd64/libverify.so
7f457ccdc000-7f457cce3000 r-xp 00000000 08:01 40639759                   /lib/x86_64-linux-gnu/librt-2.27.so
7f457cce3000-7f457cee2000 ---p 00007000 08:01 40639759                   /lib/x86_64-linux-gnu/librt-2.27.so
7f457cee2000-7f457cee3000 r--p 00006000 08:01 40639759                   /lib/x86_64-linux-gnu/librt-2.27.so
7f457cee3000-7f457cee4000 rw-p 00007000 08:01 40639759                   /lib/x86_64-linux-gnu/librt-2.27.so
7f457cee4000-7f457cefb000 r-xp 00000000 08:01 40632376                   /lib/x86_64-linux-gnu/libgcc_s.so.1
7f457cefb000-7f457d0fa000 ---p 00017000 08:01 40632376                   /lib/x86_64-linux-gnu/libgcc_s.so.1
7f457d0fa000-7f457d0fb000 r--p 00016000 08:01 40632376                   /lib/x86_64-linux-gnu/libgcc_s.so.1
7f457d0fb000-7f457d0fc000 rw-p 00017000 08:01 40632376                   /lib/x86_64-linux-gnu/libgcc_s.so.1
7f457d0fc000-7f457d299000 r-xp 00000000 08:01 40639746                   /lib/x86_64-linux-gnu/libm-2.27.so
7f457d299000-7f457d498000 ---p 0019d000 08:01 40639746                   /lib/x86_64-linux-gnu/libm-2.27.so
7f457d498000-7f457d499000 r--p 0019c000 08:01 40639746                   /lib/x86_64-linux-gnu/libm-2.27.so
7f457d499000-7f457d49a000 rw-p 0019d000 08:01 40639746                   /lib/x86_64-linux-gnu/libm-2.27.so
7f457d49a000-7f457d613000 r-xp 00000000 08:01 5770210                    /usr/lib/x86_64-linux-gnu/libstdc++.so.6.0.25
7f457d613000-7f457d813000 ---p 00179000 08:01 5770210                    /usr/lib/x86_64-linux-gnu/libstdc++.so.6.0.25
7f457d813000-7f457d81d000 r--p 00179000 08:01 5770210                    /usr/lib/x86_64-linux-gnu/libstdc++.so.6.0.25
7f457d81d000-7f457d81f000 rw-p 00183000 08:01 5770210                    /usr/lib/x86_64-linux-gnu/libstdc++.so.6.0.25
7f457d81f000-7f457d823000 rw-p 00000000 00:00 0 
7f457d823000-7f457e4c7000 r-xp 00000000 08:01 7869319                    /usr/lib/jvm/java-8-openjdk-amd64/jre/lib/amd64/server/libjvm.so
7f457e4c7000-7f457e6c7000 ---p 00ca4000 08:01 7869319                    /usr/lib/jvm/java-8-openjdk-amd64/jre/lib/amd64/server/libjvm.so
7f457e6c7000-7f457e75b000 r--p 00ca4000 08:01 7869319                    /usr/lib/jvm/java-8-openjdk-amd64/jre/lib/amd64/server/libjvm.so
7f457e75b000-7f457e784000 rw-p 00d38000 08:01 7869319                    /usr/lib/jvm/java-8-openjdk-amd64/jre/lib/amd64/server/libjvm.so
7f457e784000-7f457e7b4000 rw-p 00000000 00:00 0 
7f457e7b4000-7f457e7ce000 r-xp 00000000 08:01 40639757                   /lib/x86_64-linux-gnu/libpthread-2.27.so
7f457e7ce000-7f457e9cd000 ---p 0001a000 08:01 40639757                   /lib/x86_64-linux-gnu/libpthread-2.27.so
7f457e9cd000-7f457e9ce000 r--p 00019000 08:01 40639757                   /lib/x86_64-linux-gnu/libpthread-2.27.so
7f457e9ce000-7f457e9cf000 rw-p 0001a000 08:01 40639757                   /lib/x86_64-linux-gnu/libpthread-2.27.so
7f457e9cf000-7f457e9d3000 rw-p 00000000 00:00 0 
7f457e9d3000-7f457e9d6000 r-xp 00000000 08:01 40639745                   /lib/x86_64-linux-gnu/libdl-2.27.so
7f457e9d6000-7f457ebd5000 ---p 00003000 08:01 40639745                   /lib/x86_64-linux-gnu/libdl-2.27.so
7f457ebd5000-7f457ebd6000 r--p 00002000 08:01 40639745                   /lib/x86_64-linux-gnu/libdl-2.27.so
7f457ebd6000-7f457ebd7000 rw-p 00003000 08:01 40639745                   /lib/x86_64-linux-gnu/libdl-2.27.so
7f457ebd7000-7f457ebf3000 r-xp 00000000 08:01 40637232                   /lib/x86_64-linux-gnu/libz.so.1.2.11
7f457ebf3000-7f457edf2000 ---p 0001c000 08:01 40637232                   /lib/x86_64-linux-gnu/libz.so.1.2.11
7f457edf2000-7f457edf3000 r--p 0001b000 08:01 40637232                   /lib/x86_64-linux-gnu/libz.so.1.2.11
7f457edf3000-7f457edf4000 rw-p 0001c000 08:01 40637232                   /lib/x86_64-linux-gnu/libz.so.1.2.11
7f457edf4000-7f457efdb000 r-xp 00000000 08:01 40639742                   /lib/x86_64-linux-gnu/libc-2.27.so
7f457efdb000-7f457f1db000 ---p 001e7000 08:01 40639742                   /lib/x86_64-linux-gnu/libc-2.27.so
7f457f1db000-7f457f1df000 r--p 001e7000 08:01 40639742                   /lib/x86_64-linux-gnu/libc-2.27.so
7f457f1df000-7f457f1e1000 rw-p 001eb000 08:01 40639742                   /lib/x86_64-linux-gnu/libc-2.27.so
7f457f1e1000-7f457f1e5000 rw-p 00000000 00:00 0 
7f457f1e5000-7f457f1f3000 r-xp 00000000 08:01 7866329                    /usr/lib/jvm/java-8-openjdk-amd64/jre/lib/amd64/jli/libjli.so
7f457f1f3000-7f457f3f2000 ---p 0000e000 08:01 7866329                    /usr/lib/jvm/java-8-openjdk-amd64/jre/lib/amd64/jli/libjli.so
7f457f3f2000-7f457f3f3000 r--p 0000d000 08:01 7866329                    /usr/lib/jvm/java-8-openjdk-amd64/jre/lib/amd64/jli/libjli.so
7f457f3f3000-7f457f3f4000 rw-p 0000e000 08:01 7866329                    /usr/lib/jvm/java-8-openjdk-amd64/jre/lib/amd64/jli/libjli.so
7f457f3f4000-7f457f41b000 r-xp 00000000 08:01 40639737                   /lib/x86_64-linux-gnu/ld-2.27.so
7f457f41b000-7f457f41c000 r--s 0000a000 08:01 6163736                    /usr/share/java/maven3-settings.jar
7f457f41c000-7f457f41d000 r--s 00001000 08:01 6164038                    /usr/share/java/wagon-file.jar
7f457f41d000-7f457f41f000 r--s 00006000 08:01 6161467                    /usr/share/java/maven-resolver-spi.jar
7f457f41f000-7f457f421000 r--s 0000d000 08:01 6163468                    /usr/share/java/maven3-resolver-provider.jar
7f457f421000-7f457f423000 r--s 0000b000 08:01 6161862                    /usr/share/java/plexus-classworlds.jar
7f457f423000-7f457f429000 r--s 0003d000 08:01 7869673                    /usr/lib/jvm/java-8-openjdk-amd64/jre/lib/ext/sunjce_provider.jar
7f457f429000-7f457f4f4000 rw-p 00000000 00:00 0 
7f457f4f4000-7f457f4f5000 ---p 00000000 00:00 0 
7f457f4f5000-7f457f4f8000 ---p 00000000 00:00 0 
7f457f4f8000-7f457f5f7000 rw-p 00000000 00:00 0 
7f457f5f7000-7f457f5f9000 r--s 00001000 08:01 7869667                    /usr/lib/jvm/java-8-openjdk-amd64/jre/lib/ext/dnsns.jar
7f457f5f9000-7f457f5fb000 r--s 00007000 08:01 6160873                    /usr/share/java/java-atk-wrapper.jar
7f457f5fb000-7f457f605000 r--s 00116000 08:01 7869670                    /usr/lib/jvm/java-8-openjdk-amd64/jre/lib/ext/localedata.jar
7f457f605000-7f457f606000 r--s 0000d000 08:01 7869672                    /usr/lib/jvm/java-8-openjdk-amd64/jre/lib/ext/sunec.jar
7f457f606000-7f457f607000 r--s 00010000 08:01 7869675                    /usr/lib/jvm/java-8-openjdk-amd64/jre/lib/ext/zipfs.jar
7f457f607000-7f457f60a000 r--s 0000f000 08:01 7869668                    /usr/lib/jvm/java-8-openjdk-amd64/jre/lib/ext/icedtea-sound.jar
7f457f60a000-7f457f60b000 r--s 0000a000 08:01 7869669                    /usr/lib/jvm/java-8-openjdk-amd64/jre/lib/ext/jaccess.jar
7f457f60b000-7f457f60f000 r--s 0003a000 08:01 7869674                    /usr/lib/jvm/java-8-openjdk-amd64/jre/lib/ext/sunpkcs11.jar
7f457f60f000-7f457f617000 rw-s 00000000 08:01 45357607                   /tmp/hsperfdata_kael/25954
7f457f617000-7f457f618000 rw-p 00000000 00:00 0 
7f457f618000-7f457f619000 r--p 00000000 00:00 0 
7f457f619000-7f457f61b000 rw-p 00000000 00:00 0 
7f457f61b000-7f457f61c000 r--p 00027000 08:01 40639737                   /lib/x86_64-linux-gnu/ld-2.27.so
7f457f61c000-7f457f61d000 rw-p 00028000 08:01 40639737                   /lib/x86_64-linux-gnu/ld-2.27.so
7f457f61d000-7f457f61e000 rw-p 00000000 00:00 0 
7ffc9fc22000-7ffc9fc43000 rw-p 00000000 00:00 0                          [stack]
7ffc9fdf7000-7ffc9fdfa000 r--p 00000000 00:00 0                          [vvar]
7ffc9fdfa000-7ffc9fdfc000 r-xp 00000000 00:00 0                          [vdso]
ffffffffff600000-ffffffffff601000 r-xp 00000000 00:00 0                  [vsyscall]

VM Arguments:
jvm_args: -Dclassworlds.conf=/usr/share/maven/bin/m2.conf -Dmaven.home=/usr/share/maven -Dlibrary.jansi.path=/usr/share/maven/lib/jansi-native -Dmaven.multiModuleProjectDirectory=/home/kael/Code/survivor-s3-plugins 
java_command: org.codehaus.plexus.classworlds.launcher.Launcher package
java_class_path (initial): /usr/share/maven/boot/plexus-classworlds-2.x.jar
Launcher Type: SUN_STANDARD

Environment Variables:
JAVA_HOME=/usr/lib/jvm/java-8-openjdk-amd64
JRE_HOME=/usr/lib/jvm/java-8-openjdk-amd64/jre
PATH=/home/kael/Code/survivor-s3-plugins/node_modules/.bin:/home/kael/.vscode-server/bin/17299e413d5590b14ab0340ea477cdd86ff13daf/bin:/home/kael/.local/share/umake/bin:/home/kael/.local/bin:/usr/lib/jvm/java-1.11.0-openjdk-amd64/bin:/home/kael/.vscode-server/bin/17299e413d5590b14ab0340ea477cdd86ff13daf/bin:/usr/local/sbin:/usr/local/bin:/usr/sbin:/usr/bin:/sbin:/bin:/usr/games:/usr/local/games:/snap/bin:/home/kael/Library/flutter/bin:/usr/lib/android-sdk/tools/bin:/usr/lib/android-sdk/emulator:JAVA_HOME:JRE_HOME:/home/kael/Library/flutter/bin:/usr/lib/android-sdk/tools/bin:/usr/lib/android-sdk/emulator:JAVA_HOME:JRE_HOME
SHELL=/bin/bash

Signal Handlers:
SIGSEGV: [libjvm.so+0xabd470], sa_mask[0]=11111111011111111101111111111110, sa_flags=SA_RESTART|SA_SIGINFO
SIGBUS: [libjvm.so+0xabd470], sa_mask[0]=11111111011111111101111111111110, sa_flags=SA_RESTART|SA_SIGINFO
SIGFPE: [libjvm.so+0x8f1c90], sa_mask[0]=11111111011111111101111111111110, sa_flags=SA_RESTART|SA_SIGINFO
SIGPIPE: [libjvm.so+0x8f1c90], sa_mask[0]=11111111011111111101111111111110, sa_flags=SA_RESTART|SA_SIGINFO
SIGXFSZ: [libjvm.so+0x8f1c90], sa_mask[0]=11111111011111111101111111111110, sa_flags=SA_RESTART|SA_SIGINFO
SIGILL: [libjvm.so+0x8f1c90], sa_mask[0]=11111111011111111101111111111110, sa_flags=SA_RESTART|SA_SIGINFO
SIGUSR1: SIG_DFL, sa_mask[0]=00000000000000000000000000000000, sa_flags=none
SIGUSR2: [libjvm.so+0x8f1b40], sa_mask[0]=00000000000000000000000000000000, sa_flags=SA_RESTART|SA_SIGINFO
SIGHUP: [libjvm.so+0x8f21b0], sa_mask[0]=11111111011111111101111111111110, sa_flags=SA_RESTART|SA_SIGINFO
SIGINT: [libjvm.so+0x8f21b0], sa_mask[0]=11111111011111111101111111111110, sa_flags=SA_RESTART|SA_SIGINFO
SIGTERM: [libjvm.so+0x8f21b0], sa_mask[0]=11111111011111111101111111111110, sa_flags=SA_RESTART|SA_SIGINFO
SIGQUIT: [libjvm.so+0x8f21b0], sa_mask[0]=11111111011111111101111111111110, sa_flags=SA_RESTART|SA_SIGINFO


---------------  S Y S T E M  ---------------

OS:DISTRIB_ID=Ubuntu
DISTRIB_RELEASE=18.04
DISTRIB_CODENAME=bionic
DISTRIB_DESCRIPTION="Ubuntu 18.04.4 LTS"

uname:Linux 4.15.0-111-generic #112-Ubuntu SMP Thu Jul 9 20:32:34 UTC 2020 x86_64
libc:glibc 2.27 NPTL 2.27 
rlimit: STACK 8192k, CORE 0k, NPROC 31295, NOFILE 1048576, AS infinity
load average:0.50 0.57 0.61

/proc/meminfo:
MemTotal:        8058584 kB
MemFree:          490948 kB
MemAvailable:    3396008 kB
Buffers:          604492 kB
Cached:          2675192 kB
SwapCached:           12 kB
Active:          5216564 kB
Inactive:        1829324 kB
Active(anon):    3758248 kB
Inactive(anon):   324652 kB
Active(file):    1458316 kB
Inactive(file):  1504672 kB
Unevictable:          16 kB
Mlocked:              16 kB
SwapTotal:       2097148 kB
SwapFree:        2096880 kB
Dirty:              1028 kB
Writeback:             0 kB
AnonPages:       3766416 kB
Mapped:           503408 kB
Shmem:            316696 kB
Slab:             366372 kB
SReclaimable:     244304 kB
SUnreclaim:       122068 kB
KernelStack:       13616 kB
PageTables:        52016 kB
NFS_Unstable:          0 kB
Bounce:                0 kB
WritebackTmp:          0 kB
CommitLimit:     6126440 kB
Committed_AS:    9160216 kB
VmallocTotal:   34359738367 kB
VmallocUsed:           0 kB
VmallocChunk:          0 kB
HardwareCorrupted:     0 kB
AnonHugePages:         0 kB
ShmemHugePages:        0 kB
ShmemPmdMapped:        0 kB
CmaTotal:              0 kB
CmaFree:               0 kB
HugePages_Total:       0
HugePages_Free:        0
HugePages_Rsvd:        0
HugePages_Surp:        0
Hugepagesize:       2048 kB
DirectMap4k:      337584 kB
DirectMap2M:     7942144 kB

container (cgroup) information:
container_type: cgroupv1
cpu_cpuset_cpus: 0-7
cpu_memory_nodes: 0
active_processor_count: 8
cpu_quota: -1
cpu_period: 100000
cpu_shares: -1
memory_limit_in_bytes: -1
memory_and_swap_limit_in_bytes: -2
memory_soft_limit_in_bytes: -1
memory_usage_in_bytes: 5803970560
memory_max_usage_in_bytes: 6047645696


CPU:total 8 (initial active 8) (4 cores per cpu, 2 threads per core) family 6 model 58 stepping 9, cmov, cx8, fxsr, mmx, sse, sse2, sse3, ssse3, sse4.1, sse4.2, popcnt, avx, aes, clmul, erms, ht, tsc, tscinvbit, tscinv

/proc/cpuinfo:
processor	: 0
vendor_id	: GenuineIntel
cpu family	: 6
model		: 58
model name	: Intel(R) Core(TM) i7-3740QM CPU @ 2.70GHz
stepping	: 9
microcode	: 0x21
cpu MHz		: 3420.793
cache size	: 6144 KB
physical id	: 0
siblings	: 8
core id		: 0
cpu cores	: 4
apicid		: 0
initial apicid	: 0
fpu		: yes
fpu_exception	: yes
cpuid level	: 13
wp		: yes
flags		: fpu vme de pse tsc msr pae mce cx8 apic sep mtrr pge mca cmov pat pse36 clflush dts acpi mmx fxsr sse sse2 ss ht tm pbe syscall nx rdtscp lm constant_tsc arch_perfmon pebs bts rep_good nopl xtopology nonstop_tsc cpuid aperfmperf pni pclmulqdq dtes64 monitor ds_cpl vmx smx est tm2 ssse3 cx16 xtpr pdcm pcid sse4_1 sse4_2 x2apic popcnt tsc_deadline_timer aes xsave avx f16c rdrand lahf_lm cpuid_fault epb pti ssbd ibrs ibpb stibp tpr_shadow vnmi flexpriority ept vpid fsgsbase smep erms xsaveopt dtherm ida arat pln pts md_clear flush_l1d
bugs		: cpu_meltdown spectre_v1 spectre_v2 spec_store_bypass l1tf mds swapgs itlb_multihit srbds
bogomips	: 5387.84
clflush size	: 64
cache_alignment	: 64
address sizes	: 36 bits physical, 48 bits virtual
power management:

processor	: 1
vendor_id	: GenuineIntel
cpu family	: 6
model		: 58
model name	: Intel(R) Core(TM) i7-3740QM CPU @ 2.70GHz
stepping	: 9
microcode	: 0x21
cpu MHz		: 3423.898
cache size	: 6144 KB
physical id	: 0
siblings	: 8
core id		: 1
cpu cores	: 4
apicid		: 2
initial apicid	: 2
fpu		: yes
fpu_exception	: yes
cpuid level	: 13
wp		: yes
flags		: fpu vme de pse tsc msr pae mce cx8 apic sep mtrr pge mca cmov pat pse36 clflush dts acpi mmx fxsr sse sse2 ss ht tm pbe syscall nx rdtscp lm constant_tsc arch_perfmon pebs bts rep_good nopl xtopology nonstop_tsc cpuid aperfmperf pni pclmulqdq dtes64 monitor ds_cpl vmx smx est tm2 ssse3 cx16 xtpr pdcm pcid sse4_1 sse4_2 x2apic popcnt tsc_deadline_timer aes xsave avx f16c rdrand lahf_lm cpuid_fault epb pti ssbd ibrs ibpb stibp tpr_shadow vnmi flexpriority ept vpid fsgsbase smep erms xsaveopt dtherm ida arat pln pts md_clear flush_l1d
bugs		: cpu_meltdown spectre_v1 spectre_v2 spec_store_bypass l1tf mds swapgs itlb_multihit srbds
bogomips	: 5387.84
clflush size	: 64
cache_alignment	: 64
address sizes	: 36 bits physical, 48 bits virtual
power management:

processor	: 2
vendor_id	: GenuineIntel
cpu family	: 6
model		: 58
model name	: Intel(R) Core(TM) i7-3740QM CPU @ 2.70GHz
stepping	: 9
microcode	: 0x21
cpu MHz		: 3455.388
cache size	: 6144 KB
physical id	: 0
siblings	: 8
core id		: 2
cpu cores	: 4
apicid		: 4
initial apicid	: 4
fpu		: yes
fpu_exception	: yes
cpuid level	: 13
wp		: yes
flags		: fpu vme de pse tsc msr pae mce cx8 apic sep mtrr pge mca cmov pat pse36 clflush dts acpi mmx fxsr sse sse2 ss ht tm pbe syscall nx rdtscp lm constant_tsc arch_perfmon pebs bts rep_good nopl xtopology nonstop_tsc cpuid aperfmperf pni pclmulqdq dtes64 monitor ds_cpl vmx smx est tm2 ssse3 cx16 xtpr pdcm pcid sse4_1 sse4_2 x2apic popcnt tsc_deadline_timer aes xsave avx f16c rdrand lahf_lm cpuid_fault epb pti ssbd ibrs ibpb stibp tpr_shadow vnmi flexpriority ept vpid fsgsbase smep erms xsaveopt dtherm ida arat pln pts md_clear flush_l1d
bugs		: cpu_meltdown spectre_v1 spectre_v2 spec_store_bypass l1tf mds swapgs itlb_multihit srbds
bogomips	: 5387.84
clflush size	: 64
cache_alignment	: 64
address sizes	: 36 bits physical, 48 bits virtual
power management:

processor	: 3
vendor_id	: GenuineIntel
cpu family	: 6
model		: 58
model name	: Intel(R) Core(TM) i7-3740QM CPU @ 2.70GHz
stepping	: 9
microcode	: 0x21
cpu MHz		: 3405.908
cache size	: 6144 KB
physical id	: 0
siblings	: 8
core id		: 3
cpu cores	: 4
apicid		: 6
initial apicid	: 6
fpu		: yes
fpu_exception	: yes
cpuid level	: 13
wp		: yes
flags		: fpu vme de pse tsc msr pae mce cx8 apic sep mtrr pge mca cmov pat pse36 clflush dts acpi mmx fxsr sse sse2 ss ht tm pbe syscall nx rdtscp lm constant_tsc arch_perfmon pebs bts rep_good nopl xtopology nonstop_tsc cpuid aperfmperf pni pclmulqdq dtes64 monitor ds_cpl vmx smx est tm2 ssse3 cx16 xtpr pdcm pcid sse4_1 sse4_2 x2apic popcnt tsc_deadline_timer aes xsave avx f16c rdrand lahf_lm cpuid_fault epb pti ssbd ibrs ibpb stibp tpr_shadow vnmi flexpriority ept vpid fsgsbase smep erms xsaveopt dtherm ida arat pln pts md_clear flush_l1d
bugs		: cpu_meltdown spectre_v1 spectre_v2 spec_store_bypass l1tf mds swapgs itlb_multihit srbds
bogomips	: 5387.84
clflush size	: 64
cache_alignment	: 64
address sizes	: 36 bits physical, 48 bits virtual
power management:

processor	: 4
vendor_id	: GenuineIntel
cpu family	: 6
model		: 58
model name	: Intel(R) Core(TM) i7-3740QM CPU @ 2.70GHz
stepping	: 9
microcode	: 0x21
cpu MHz		: 3438.747
cache size	: 6144 KB
physical id	: 0
siblings	: 8
core id		: 0
cpu cores	: 4
apicid		: 1
initial apicid	: 1
fpu		: yes
fpu_exception	: yes
cpuid level	: 13
wp		: yes
flags		: fpu vme de pse tsc msr pae mce cx8 apic sep mtrr pge mca cmov pat pse36 clflush dts acpi mmx fxsr sse sse2 ss ht tm pbe syscall nx rdtscp lm constant_tsc arch_perfmon pebs bts rep_good nopl xtopology nonstop_tsc cpuid aperfmperf pni pclmulqdq dtes64 monitor ds_cpl vmx smx est tm2 ssse3 cx16 xtpr pdcm pcid sse4_1 sse4_2 x2apic popcnt tsc_deadline_timer aes xsave avx f16c rdrand lahf_lm cpuid_fault epb pti ssbd ibrs ibpb stibp tpr_shadow vnmi flexpriority ept vpid fsgsbase smep erms xsaveopt dtherm ida arat pln pts md_clear flush_l1d
bugs		: cpu_meltdown spectre_v1 spectre_v2 spec_store_bypass l1tf mds swapgs itlb_multihit srbds
bogomips	: 5387.84
clflush size	: 64
cache_alignment	: 64
address sizes	: 36 bits physical, 48 bits virtual
power management:

processor	: 5
vendor_id	: GenuineIntel
cpu family	: 6
model		: 58
model name	: Intel(R) Core(TM) i7-3740QM CPU @ 2.70GHz
stepping	: 9
microcode	: 0x21
cpu MHz		: 3428.643
cache size	: 6144 KB
physical id	: 0
siblings	: 8
core id		: 1
cpu cores	: 4
apicid		: 3
initial apicid	: 3
fpu		: yes
fpu_exception	: yes
cpuid level	: 13
wp		: yes
flags		: fpu vme de pse tsc msr pae mce cx8 apic sep mtrr pge mca cmov pat pse36 clflush dts acpi mmx fxsr sse sse2 ss ht tm pbe syscall nx rdtscp lm constant_tsc arch_perfmon pebs bts rep_good nopl xtopology nonstop_tsc cpuid aperfmperf pni pclmulqdq dtes64 monitor ds_cpl vmx smx est tm2 ssse3 cx16 xtpr pdcm pcid sse4_1 sse4_2 x2apic popcnt tsc_deadline_timer aes xsave avx f16c rdrand lahf_lm cpuid_fault epb pti ssbd ibrs ibpb stibp tpr_shadow vnmi flexpriority ept vpid fsgsbase smep erms xsaveopt dtherm ida arat pln pts md_clear flush_l1d
bugs		: cpu_meltdown spectre_v1 spectre_v2 spec_store_bypass l1tf mds swapgs itlb_multihit srbds
bogomips	: 5387.84
clflush size	: 64
cache_alignment	: 64
address sizes	: 36 bits physical, 48 bits virtual
power management:

processor	: 6
vendor_id	: GenuineIntel
cpu family	: 6
model		: 58
model name	: Intel(R) Core(TM) i7-3740QM CPU @ 2.70GHz
stepping	: 9
microcode	: 0x21
cpu MHz		: 3432.780
cache size	: 6144 KB
physical id	: 0
siblings	: 8
core id		: 2
cpu cores	: 4
apicid		: 5
initial apicid	: 5
fpu		: yes
fpu_exception	: yes
cpuid level	: 13
wp		: yes
flags		: fpu vme de pse tsc msr pae mce cx8 apic sep mtrr pge mca cmov pat pse36 clflush dts acpi mmx fxsr sse sse2 ss ht tm pbe syscall nx rdtscp lm constant_tsc arch_perfmon pebs bts rep_good nopl xtopology nonstop_tsc cpuid aperfmperf pni pclmulqdq dtes64 monitor ds_cpl vmx smx est tm2 ssse3 cx16 xtpr pdcm pcid sse4_1 sse4_2 x2apic popcnt tsc_deadline_timer aes xsave avx f16c rdrand lahf_lm cpuid_fault epb pti ssbd ibrs ibpb stibp tpr_shadow vnmi flexpriority ept vpid fsgsbase smep erms xsaveopt dtherm ida arat pln pts md_clear flush_l1d
bugs		: cpu_meltdown spectre_v1 spectre_v2 spec_store_bypass l1tf mds swapgs itlb_multihit srbds
bogomips	: 5387.84
clflush size	: 64
cache_alignment	: 64
address sizes	: 36 bits physical, 48 bits virtual
power management:

processor	: 7
vendor_id	: GenuineIntel
cpu family	: 6
model		: 58
model name	: Intel(R) Core(TM) i7-3740QM CPU @ 2.70GHz
stepping	: 9
microcode	: 0x21
cpu MHz		: 3433.589
cache size	: 6144 KB
physical id	: 0
siblings	: 8
core id		: 3
cpu cores	: 4
apicid		: 7
initial apicid	: 7
fpu		: yes
fpu_exception	: yes
cpuid level	: 13
wp		: yes
flags		: fpu vme de pse tsc msr pae mce cx8 apic sep mtrr pge mca cmov pat pse36 clflush dts acpi mmx fxsr sse sse2 ss ht tm pbe syscall nx rdtscp lm constant_tsc arch_perfmon pebs bts rep_good nopl xtopology nonstop_tsc cpuid aperfmperf pni pclmulqdq dtes64 monitor ds_cpl vmx smx est tm2 ssse3 cx16 xtpr pdcm pcid sse4_1 sse4_2 x2apic popcnt tsc_deadline_timer aes xsave avx f16c rdrand lahf_lm cpuid_fault epb pti ssbd ibrs ibpb stibp tpr_shadow vnmi flexpriority ept vpid fsgsbase smep erms xsaveopt dtherm ida arat pln pts md_clear flush_l1d
bugs		: cpu_meltdown spectre_v1 spectre_v2 spec_store_bypass l1tf mds swapgs itlb_multihit srbds
bogomips	: 5387.84
clflush size	: 64
cache_alignment	: 64
address sizes	: 36 bits physical, 48 bits virtual
power management:



Memory: 4k page, physical 8058584k(488416k free), swap 2097148k(2096880k free)

vm_info: OpenJDK 64-Bit Server VM (25.252-b09) for linux-amd64 JRE (1.8.0_252-8u252-b09-1~18.04-b09), built on Apr 15 2020 18:48:05 by "buildd" with gcc 7.5.0

time: Sat Jul 18 15:30:11 2020
timezone: CDT
elapsed time: 0 seconds (0d 0h 0m 0s)

