#
# A fatal error has been detected by the Java Runtime Environment:
#
#  SIGSEGV (0xb) at pc=0x00007f68198d7b82, pid=17229, tid=0x00007f681adb9380
#
# JRE version: OpenJDK Runtime Environment (8.0_252-b09) (build 1.8.0_252-8u252-b09-1~18.04-b09)
# Java VM: OpenJDK 64-Bit Server VM (25.252-b09 mixed mode linux-amd64 compressed oops)
# Problematic frame:
# V  [libjvm.so+0x8f1b82]
#
# Failed to write core dump. Core dumps have been disabled. To enable core dumping, try "ulimit -c unlimited" before starting Java again
#
# If you would like to submit a bug report, please visit:
#   http://bugreport.java.com/bugreport/crash.jsp
#

---------------  T H R E A D  ---------------

Current thread is native thread

siginfo: si_signo: 11 (SIGSEGV), si_code: 1 (SEGV_MAPERR), si_addr: 0x0000000000000110

Registers:
RAX=0x0000000000000000, RBX=0x00007f681adb7700, RCX=0x00007f6819f7fd2d, RDX=0x00007f681adb96a0
RSP=0x00007ffe0eae5fb0, RBP=0x00007ffe0eae6070, RSI=0x00007ffe0eae61b0, RDI=0x0000000000000001
R8 =0x00000000000000ca, R9 =0x00007f681adb79d0, R10=0x0000000000000000, R11=0x0000000000000246
R12=0x00007f681adb9300, R13=0x0000000000000000, R14=0x00007ffe0eae61b0, R15=0x00007ffe0eae6080
RIP=0x00007f68198d7b82, EFLAGS=0x0000000000010246, CSGSFS=0x002b000000000033, ERR=0x0000000000000004
  TRAPNO=0x000000000000000e

Top of Stack: (sp=0x00007ffe0eae5fb0)
0x00007ffe0eae5fb0:   00007f68ffffffff 00007f681a64553c
0x00007ffe0eae5fc0:   00007f681a9b418d 00007f681a99efa0
0x00007ffe0eae5fd0:   0000000000000000 00007f681abc87a4
0x00007ffe0eae5fe0:   00007ffe0eae6580 00007f681addc050
0x00007ffe0eae5ff0:   0000000000000001 00007f681abc1faf
0x00007ffe0eae6000:   00007f681addc560 00007f681a612a3a
0x00007ffe0eae6010:   0000000000000012 00007f681a5c89d0
0x00007ffe0eae6020:   0000000001e5cb59 00007f6819f7a13b
0x00007ffe0eae6030:   00007f6819f77f48 dbeefc281bcd3300
0x00007ffe0eae6040:   00007f6800000002 00007f681adb7700
0x00007ffe0eae6050:   0000000000000000 00007ffe0eae6620
0x00007ffe0eae6060:   0000000000000000 00005595538e4568
0x00007ffe0eae6070:   00007ffe0eae6688 00007f681a5f5fd0
0x00007ffe0eae6080:   0000000000000007 0000000000000000
0x00007ffe0eae6090:   0000000000000000 00007f6800000002
0x00007ffe0eae60a0:   0000000000000000 00000000000000ca
0x00007ffe0eae60b0:   00007f681adb79d0 0000000000000000
0x00007ffe0eae60c0:   0000000000000246 0000000000000000
0x00007ffe0eae60d0:   00007ffe0eae6620 0000000000000000
0x00007ffe0eae60e0:   00005595538e4568 00007f681adb79d0
0x00007ffe0eae60f0:   0000000000000000 00007ffe0eae6688
0x00007ffe0eae6100:   00007f681adb7700 0000000000004378
0x00007ffe0eae6110:   00000000000000ca 00007f6819f7fd2d
0x00007ffe0eae6120:   00007ffe0eae6610 00007f6819f7fd2b
0x00007ffe0eae6130:   0000000000000246 002b000000000033
0x00007ffe0eae6140:   0000000000000000 0000000000000000
0x00007ffe0eae6150:   0000000000000000 0000000000000000
0x00007ffe0eae6160:   00007ffe0eae6240 00007ffe0eae62a8
0x00007ffe0eae6170:   00007f681adddd68 00007f681addc050
0x00007ffe0eae6180:   0000000000000000 00007f681abc223f
0x00007ffe0eae6190:   0000000000000005 00007f681adddd68
0x00007ffe0eae61a0:   0000000000000005 0000000000000000 

Instructions: (pc=0x00007f68198d7b82)
0x00007f68198d7b62:   00 48 89 45 c8 31 c0 e8 42 e4 8f ff 44 8b 28 49
0x00007f68198d7b72:   89 c4 48 8d 05 cd a9 65 00 8b 38 e8 a6 e6 8f ff
0x00007f68198d7b82:   48 8b 98 10 01 00 00 8b 83 a8 00 00 00 83 f8 01
0x00007f68198d7b92:   74 2c 48 8b 45 c8 64 48 33 04 25 28 00 00 00 45 

Register to memory mapping:

RAX=0x0000000000000000 is an unknown value
RBX=0x00007f681adb7700 is pointing into the stack for thread: 0x00007f681400b800
RCX=0x00007f6819f7fd2d: <offset 0x8d2d> in /lib/x86_64-linux-gnu/libpthread.so.0 at 0x00007f6819f77000
RDX=0x00007f681adb96a0 is an unknown value
RSP=0x00007ffe0eae5fb0 is an unknown value
RBP=0x00007ffe0eae6070 is an unknown value
RSI=0x00007ffe0eae61b0 is an unknown value
RDI=0x0000000000000001 is an unknown value
R8 =0x00000000000000ca is an unknown value
R9 =0x00007f681adb79d0 is pointing into the stack for thread: 0x00007f681400b800
R10=0x0000000000000000 is an unknown value
R11=0x0000000000000246 is an unknown value
R12=0x00007f681adb9300 is an unknown value
R13=0x0000000000000000 is an unknown value
R14=0x00007ffe0eae61b0 is an unknown value
R15=0x00007ffe0eae6080 is an unknown value


Stack: [0x00007ffe0e9ed000,0x00007ffe0eaed000],  sp=0x00007ffe0eae5fb0,  free space=995k
Native frames: (J=compiled Java code, j=interpreted, Vv=VM code, C=native code)
V  [libjvm.so+0x8f1b82]
C  [libc.so.6+0x3efd0]


---------------  P R O C E S S  ---------------

VM state:not at safepoint (normal execution)

VM Mutex/Monitor currently owned by a thread: None

heap address: 0x0000000085000000, size: 1968 MB, Compressed Oops mode: 32-bit
Narrow klass base: 0x0000000000000000, Narrow klass shift: 3
Compressed class space size: 1073741824 Address: 0x0000000100000000

Heap:
 PSYoungGen      total 132096K, used 7962K [0x00000000d7000000, 0x00000000e7f00000, 0x0000000100000000)
  eden space 126976K, 6% used [0x00000000d7000000,0x00000000d77c68f0,0x00000000dec00000)
  from space 5120K, 0% used [0x00000000dec00000,0x00000000dec00000,0x00000000df100000)
  to   space 11776K, 0% used [0x00000000e7380000,0x00000000e7380000,0x00000000e7f00000)
 ParOldGen       total 67584K, used 12327K [0x0000000085000000, 0x0000000089200000, 0x00000000d7000000)
  object space 67584K, 18% used [0x0000000085000000,0x0000000085c09c18,0x0000000089200000)
 Metaspace       used 21388K, capacity 22082K, committed 22320K, reserved 1069056K
  class space    used 2408K, capacity 2573K, committed 2688K, reserved 1048576K

Card table byte_map: [0x00007f6803e1c000,0x00007f68041f5000] byte_map_base: 0x00007f68039f4000

Marking Bits: (ParMarkBitMap*) 0x00007f6819f5a3c0
 Begin Bits: [0x00007f67f8280000, 0x00007f67fa140000)
 End Bits:   [0x00007f67fa140000, 0x00007f67fc000000)

Polling page: 0x00007f681addb000

CodeCache: size=245760Kb used=12974Kb max_used=12988Kb free=232785Kb
 bounds [0x00007f68045b5000, 0x00007f6805275000, 0x00007f68135b5000]
 total_blobs=4148 nmethods=3752 adapters=310
 compilation: enabled

Compilation events (10 events):
Event: 4.084 Thread 0x00007f68140c6800 nmethod 3754 0x00007f6805269510 code [0x00007f6805269700, 0x00007f680526a550]
Event: 4.084 Thread 0x00007f68140c6800 3755       4       java.io.OutputStreamWriter::write (9 bytes)
Event: 4.089 Thread 0x00007f68140c4800 nmethod 3752 0x00007f6805265810 code [0x00007f6805265a00, 0x00007f6805266528]
Event: 4.089 Thread 0x00007f68140c4800 3756       4       java.io.PrintWriter::append (6 bytes)
Event: 4.089 Thread 0x00007f68140c4800 nmethod 3756 0x00007f6805259b10 code [0x00007f6805259c60, 0x00007f6805259ce8]
Event: 4.089 Thread 0x00007f68140c4800 3761       4       java.io.PrintWriter::ensureOpen (18 bytes)
Event: 4.090 Thread 0x00007f68140c4800 nmethod 3761 0x00007f680524d450 code [0x00007f680524d5a0, 0x00007f680524d618]
Event: 4.090 Thread 0x00007f68140c4800 3751       4       sun.nio.cs.UTF_8$Encoder::encodeLoop (28 bytes)
Event: 4.091 Thread 0x00007f68140c4800 nmethod 3751 0x00007f6805265390 code [0x00007f6805265500, 0x00007f6805265648]
Event: 4.094 Thread 0x00007f68140c6800 nmethod 3755 0x00007f680526b690 code [0x00007f680526b860, 0x00007f680526c208]

GC Heap History (10 events):
Event: 0.792 GC heap before
{Heap before GC invocations=2 (full 0):
 PSYoungGen      total 36864K, used 36528K [0x00000000d7000000, 0x00000000db800000, 0x0000000100000000)
  eden space 31744K, 100% used [0x00000000d7000000,0x00000000d8f00000,0x00000000d8f00000)
  from space 5120K, 93% used [0x00000000d8f00000,0x00000000d93ac1c0,0x00000000d9400000)
  to   space 5120K, 0% used [0x00000000db300000,0x00000000db300000,0x00000000db800000)
 ParOldGen       total 84992K, used 8K [0x0000000085000000, 0x000000008a300000, 0x00000000d7000000)
  object space 84992K, 0% used [0x0000000085000000,0x0000000085002000,0x000000008a300000)
 Metaspace       used 11164K, capacity 11358K, committed 11520K, reserved 1058816K
  class space    used 1368K, capacity 1443K, committed 1536K, reserved 1048576K
Event: 0.796 GC heap after
Heap after GC invocations=2 (full 0):
 PSYoungGen      total 68608K, used 5101K [0x00000000d7000000, 0x00000000db800000, 0x0000000100000000)
  eden space 63488K, 0% used [0x00000000d7000000,0x00000000d7000000,0x00000000dae00000)
  from space 5120K, 99% used [0x00000000db300000,0x00000000db7fb438,0x00000000db800000)
  to   space 5120K, 0% used [0x00000000dae00000,0x00000000dae00000,0x00000000db300000)
 ParOldGen       total 84992K, used 1127K [0x0000000085000000, 0x000000008a300000, 0x00000000d7000000)
  object space 84992K, 1% used [0x0000000085000000,0x0000000085119d88,0x000000008a300000)
 Metaspace       used 11164K, capacity 11358K, committed 11520K, reserved 1058816K
  class space    used 1368K, capacity 1443K, committed 1536K, reserved 1048576K
}
Event: 1.903 GC heap before
{Heap before GC invocations=3 (full 0):
 PSYoungGen      total 68608K, used 68589K [0x00000000d7000000, 0x00000000db800000, 0x0000000100000000)
  eden space 63488K, 100% used [0x00000000d7000000,0x00000000dae00000,0x00000000dae00000)
  from space 5120K, 99% used [0x00000000db300000,0x00000000db7fb438,0x00000000db800000)
  to   space 5120K, 0% used [0x00000000dae00000,0x00000000dae00000,0x00000000db300000)
 ParOldGen       total 84992K, used 1127K [0x0000000085000000, 0x000000008a300000, 0x00000000d7000000)
  object space 84992K, 1% used [0x0000000085000000,0x0000000085119d88,0x000000008a300000)
 Metaspace       used 16572K, capacity 16798K, committed 17280K, reserved 1064960K
  class space    used 1972K, capacity 2067K, committed 2176K, reserved 1048576K
Event: 1.933 GC heap after
Heap after GC invocations=3 (full 0):
 PSYoungGen      total 68608K, used 5088K [0x00000000d7000000, 0x00000000df600000, 0x0000000100000000)
  eden space 63488K, 0% used [0x00000000d7000000,0x00000000d7000000,0x00000000dae00000)
  from space 5120K, 99% used [0x00000000dae00000,0x00000000db2f8040,0x00000000db300000)
  to   space 5120K, 0% used [0x00000000df100000,0x00000000df100000,0x00000000df600000)
 ParOldGen       total 84992K, used 4724K [0x0000000085000000, 0x000000008a300000, 0x00000000d7000000)
  object space 84992K, 5% used [0x0000000085000000,0x000000008549d080,0x000000008a300000)
 Metaspace       used 16572K, capacity 16798K, committed 17280K, reserved 1064960K
  class space    used 1972K, capacity 2067K, committed 2176K, reserved 1048576K
}
Event: 2.715 GC heap before
{Heap before GC invocations=4 (full 0):
 PSYoungGen      total 68608K, used 68576K [0x00000000d7000000, 0x00000000df600000, 0x0000000100000000)
  eden space 63488K, 100% used [0x00000000d7000000,0x00000000dae00000,0x00000000dae00000)
  from space 5120K, 99% used [0x00000000dae00000,0x00000000db2f8040,0x00000000db300000)
  to   space 5120K, 0% used [0x00000000df100000,0x00000000df100000,0x00000000df600000)
 ParOldGen       total 84992K, used 4724K [0x0000000085000000, 0x000000008a300000, 0x00000000d7000000)
  object space 84992K, 5% used [0x0000000085000000,0x000000008549d080,0x000000008a300000)
 Metaspace       used 17546K, capacity 17896K, committed 18048K, reserved 1064960K
  class space    used 2054K, capacity 2148K, committed 2176K, reserved 1048576K
Event: 2.725 GC heap after
Heap after GC invocations=4 (full 0):
 PSYoungGen      total 132096K, used 5104K [0x00000000d7000000, 0x00000000df600000, 0x0000000100000000)
  eden space 126976K, 0% used [0x00000000d7000000,0x00000000d7000000,0x00000000dec00000)
  from space 5120K, 99% used [0x00000000df100000,0x00000000df5fc010,0x00000000df600000)
  to   space 5120K, 0% used [0x00000000dec00000,0x00000000dec00000,0x00000000df100000)
 ParOldGen       total 84992K, used 8075K [0x0000000085000000, 0x000000008a300000, 0x00000000d7000000)
  object space 84992K, 9% used [0x0000000085000000,0x00000000857e2e18,0x000000008a300000)
 Metaspace       used 17546K, capacity 17896K, committed 18048K, reserved 1064960K
  class space    used 2054K, capacity 2148K, committed 2176K, reserved 1048576K
}
Event: 3.599 GC heap before
{Heap before GC invocations=5 (full 0):
 PSYoungGen      total 132096K, used 103488K [0x00000000d7000000, 0x00000000df600000, 0x0000000100000000)
  eden space 126976K, 77% used [0x00000000d7000000,0x00000000dd014228,0x00000000dec00000)
  from space 5120K, 99% used [0x00000000df100000,0x00000000df5fc010,0x00000000df600000)
  to   space 5120K, 0% used [0x00000000dec00000,0x00000000dec00000,0x00000000df100000)
 ParOldGen       total 84992K, used 8075K [0x0000000085000000, 0x000000008a300000, 0x00000000d7000000)
  object space 84992K, 9% used [0x0000000085000000,0x00000000857e2e18,0x000000008a300000)
 Metaspace       used 20647K, capacity 21192K, committed 21296K, reserved 1069056K
  class space    used 2298K, capacity 2426K, committed 2432K, reserved 1048576K
Event: 3.617 GC heap after
Heap after GC invocations=5 (full 0):
 PSYoungGen      total 132096K, used 5095K [0x00000000d7000000, 0x00000000e7f00000, 0x0000000100000000)
  eden space 126976K, 0% used [0x00000000d7000000,0x00000000d7000000,0x00000000dec00000)
  from space 5120K, 99% used [0x00000000dec00000,0x00000000df0f9c70,0x00000000df100000)
  to   space 11776K, 0% used [0x00000000e7380000,0x00000000e7380000,0x00000000e7f00000)
 ParOldGen       total 84992K, used 12494K [0x0000000085000000, 0x000000008a300000, 0x00000000d7000000)
  object space 84992K, 14% used [0x0000000085000000,0x0000000085c33818,0x000000008a300000)
 Metaspace       used 20647K, capacity 21192K, committed 21296K, reserved 1069056K
  class space    used 2298K, capacity 2426K, committed 2432K, reserved 1048576K
}
Event: 3.617 GC heap before
{Heap before GC invocations=6 (full 1):
 PSYoungGen      total 132096K, used 5095K [0x00000000d7000000, 0x00000000e7f00000, 0x0000000100000000)
  eden space 126976K, 0% used [0x00000000d7000000,0x00000000d7000000,0x00000000dec00000)
  from space 5120K, 99% used [0x00000000dec00000,0x00000000df0f9c70,0x00000000df100000)
  to   space 11776K, 0% used [0x00000000e7380000,0x00000000e7380000,0x00000000e7f00000)
 ParOldGen       total 84992K, used 12494K [0x0000000085000000, 0x000000008a300000, 0x00000000d7000000)
  object space 84992K, 14% used [0x0000000085000000,0x0000000085c33818,0x000000008a300000)
 Metaspace       used 20647K, capacity 21192K, committed 21296K, reserved 1069056K
  class space    used 2298K, capacity 2426K, committed 2432K, reserved 1048576K
Event: 3.695 GC heap after
Heap after GC invocations=6 (full 1):
 PSYoungGen      total 132096K, used 0K [0x00000000d7000000, 0x00000000e7f00000, 0x0000000100000000)
  eden space 126976K, 0% used [0x00000000d7000000,0x00000000d7000000,0x00000000dec00000)
  from space 5120K, 0% used [0x00000000dec00000,0x00000000dec00000,0x00000000df100000)
  to   space 11776K, 0% used [0x00000000e7380000,0x00000000e7380000,0x00000000e7f00000)
 ParOldGen       total 67584K, used 12327K [0x0000000085000000, 0x0000000089200000, 0x00000000d7000000)
  object space 67584K, 18% used [0x0000000085000000,0x0000000085c09c18,0x0000000089200000)
 Metaspace       used 20647K, capacity 21192K, committed 21296K, reserved 1069056K
  class space    used 2298K, capacity 2426K, committed 2432K, reserved 1048576K
}

Deoptimization events (10 events):
Event: 3.587 Thread 0x00007f681400b800 Uncommon trap: reason=class_check action=maybe_recompile pc=0x00007f6804e3c68c method=java.util.Collections$UnmodifiableMap$UnmodifiableEntrySet$1.hasNext()Z @ 4
Event: 3.587 Thread 0x00007f681400b800 Uncommon trap: reason=class_check action=maybe_recompile pc=0x00007f6804e3d844 method=java.util.Collections$UnmodifiableMap$UnmodifiableEntrySet$1.next()Ljava/util/Map$Entry; @ 8
Event: 3.587 Thread 0x00007f681400b800 Uncommon trap: reason=class_check action=maybe_recompile pc=0x00007f6804e3cd80 method=java.util.Collections$UnmodifiableMap$UnmodifiableEntrySet$UnmodifiableEntry.getKey()Ljava/lang/Object; @ 4
Event: 3.587 Thread 0x00007f681400b800 Uncommon trap: reason=class_check action=maybe_recompile pc=0x00007f6804e3fb00 method=java.util.Collections$UnmodifiableMap$UnmodifiableEntrySet$UnmodifiableEntry.getValue()Ljava/lang/Object; @ 4
Event: 3.587 Thread 0x00007f681400b800 Uncommon trap: reason=class_check action=maybe_recompile pc=0x00007f6804e3c68c method=java.util.Collections$UnmodifiableMap$UnmodifiableEntrySet$1.hasNext()Z @ 4
Event: 3.587 Thread 0x00007f681400b800 Uncommon trap: reason=class_check action=maybe_recompile pc=0x00007f6804e3d844 method=java.util.Collections$UnmodifiableMap$UnmodifiableEntrySet$1.next()Ljava/util/Map$Entry; @ 8
Event: 3.587 Thread 0x00007f681400b800 Uncommon trap: reason=class_check action=maybe_recompile pc=0x00007f6804e3cd80 method=java.util.Collections$UnmodifiableMap$UnmodifiableEntrySet$UnmodifiableEntry.getKey()Ljava/lang/Object; @ 4
Event: 3.587 Thread 0x00007f681400b800 Uncommon trap: reason=class_check action=maybe_recompile pc=0x00007f6804e3fb00 method=java.util.Collections$UnmodifiableMap$UnmodifiableEntrySet$UnmodifiableEntry.getValue()Ljava/lang/Object; @ 4
Event: 4.069 Thread 0x00007f6814fc3800 Uncommon trap: reason=unstable_if action=reinterpret pc=0x00007f680524fa64 method=org.apache.maven.plugin.surefire.report.StatelessXmlReporter.isIllegalEscape(I)Z @ 7
Event: 4.069 Thread 0x00007f6814fc3800 Uncommon trap: reason=unstable_if action=reinterpret pc=0x00007f680525e9a0 method=sun.nio.cs.UTF_8$Encoder.encodeArrayLoop(Ljava/nio/CharBuffer;Ljava/nio/ByteBuffer;)Ljava/nio/charset/CoderResult; @ 113

Classes redefined (0 events):
No events

Internal exceptions (10 events):
Event: 4.077 Thread 0x00007f6814fc3800 Exception <a 'java/io/IOException'> (0x00000000d770fee8) thrown at [/build/openjdk-8-piDAoU/openjdk-8-8u252-b09/src/hotspot/src/share/vm/prims/jni.cpp, line 710]
Event: 4.077 Thread 0x00007f6814fc3800 Exception <a 'java/io/IOException'> (0x00000000d7710168) thrown at [/build/openjdk-8-piDAoU/openjdk-8-8u252-b09/src/hotspot/src/share/vm/prims/jni.cpp, line 710]
Event: 4.077 Thread 0x00007f6814fc3800 Exception <a 'java/io/IOException'> (0x00000000d77103e8) thrown at [/build/openjdk-8-piDAoU/openjdk-8-8u252-b09/src/hotspot/src/share/vm/prims/jni.cpp, line 710]
Event: 4.077 Thread 0x00007f6814fc3800 Exception <a 'java/io/IOException'> (0x00000000d7710668) thrown at [/build/openjdk-8-piDAoU/openjdk-8-8u252-b09/src/hotspot/src/share/vm/prims/jni.cpp, line 710]
Event: 4.077 Thread 0x00007f6814fc3800 Exception <a 'java/io/IOException'> (0x00000000d77108e8) thrown at [/build/openjdk-8-piDAoU/openjdk-8-8u252-b09/src/hotspot/src/share/vm/prims/jni.cpp, line 710]
Event: 4.077 Thread 0x00007f6814fc3800 Exception <a 'java/io/IOException'> (0x00000000d7710b68) thrown at [/build/openjdk-8-piDAoU/openjdk-8-8u252-b09/src/hotspot/src/share/vm/prims/jni.cpp, line 710]
Event: 4.077 Thread 0x00007f6814fc3800 Exception <a 'java/io/IOException'> (0x00000000d7710de8) thrown at [/build/openjdk-8-piDAoU/openjdk-8-8u252-b09/src/hotspot/src/share/vm/prims/jni.cpp, line 710]
Event: 4.077 Thread 0x00007f6814fc3800 Exception <a 'java/io/IOException'> (0x00000000d7711068) thrown at [/build/openjdk-8-piDAoU/openjdk-8-8u252-b09/src/hotspot/src/share/vm/prims/jni.cpp, line 710]
Event: 4.077 Thread 0x00007f6814fc3800 Exception <a 'java/io/IOException'> (0x00000000d7711318) thrown at [/build/openjdk-8-piDAoU/openjdk-8-8u252-b09/src/hotspot/src/share/vm/prims/jni.cpp, line 710]
Event: 4.077 Thread 0x00007f6814fc3800 Exception <a 'java/io/IOException'> (0x00000000d7711598) thrown at [/build/openjdk-8-piDAoU/openjdk-8-8u252-b09/src/hotspot/src/share/vm/prims/jni.cpp, line 710]

Events (10 events):
Event: 4.074 loading class org/apache/maven/plugin/surefire/report/ConsoleReporter$1
Event: 4.074 loading class org/apache/maven/plugin/surefire/report/ConsoleReporter$1 done
Event: 4.074 loading class org/apache/maven/plugin/surefire/report/ConsoleReporter$1
Event: 4.074 loading class org/apache/maven/plugin/surefire/report/ConsoleReporter$1 done
Event: 4.078 loading class org/apache/maven/plugin/surefire/report/TestMethodStats
Event: 4.078 loading class org/apache/maven/plugin/surefire/report/TestMethodStats done
Event: 4.078 loading class org/apache/maven/plugin/surefire/report/TestMethodStats
Event: 4.078 loading class org/apache/maven/plugin/surefire/report/TestMethodStats done
Event: 4.078 loading class org/apache/maven/plugin/surefire/report/TestMethodStats
Event: 4.078 loading class org/apache/maven/plugin/surefire/report/TestMethodStats done


Dynamic libraries:
85000000-89200000 rw-p 00000000 00:00 0 
89200000-d7000000 ---p 00000000 00:00 0 
d7000000-e7f00000 rw-p 00000000 00:00 0 
e7f00000-100000000 ---p 00000000 00:00 0 
100000000-1002a0000 rw-p 00000000 00:00 0 
1002a0000-140000000 ---p 00000000 00:00 0 
559552a17000-559552a18000 r-xp 00000000 08:01 7346196                    /usr/lib/jvm/java-8-openjdk-amd64/jre/bin/java
559552c17000-559552c18000 r--p 00000000 08:01 7346196                    /usr/lib/jvm/java-8-openjdk-amd64/jre/bin/java
559552c18000-559552c19000 rw-p 00001000 08:01 7346196                    /usr/lib/jvm/java-8-openjdk-amd64/jre/bin/java
5595538e4000-559553930000 rw-p 00000000 00:00 0                          [heap]
7f6774000000-7f6774021000 rw-p 00000000 00:00 0 
7f6774021000-7f6778000000 ---p 00000000 00:00 0 
7f6778000000-7f6778021000 rw-p 00000000 00:00 0 
7f6778021000-7f677c000000 ---p 00000000 00:00 0 
7f677c000000-7f677c021000 rw-p 00000000 00:00 0 
7f677c021000-7f6780000000 ---p 00000000 00:00 0 
7f6780000000-7f6780021000 rw-p 00000000 00:00 0 
7f6780021000-7f6784000000 ---p 00000000 00:00 0 
7f6784000000-7f6784021000 rw-p 00000000 00:00 0 
7f6784021000-7f6788000000 ---p 00000000 00:00 0 
7f6788000000-7f6788021000 rw-p 00000000 00:00 0 
7f6788021000-7f678c000000 ---p 00000000 00:00 0 
7f678c000000-7f678c021000 rw-p 00000000 00:00 0 
7f678c021000-7f6790000000 ---p 00000000 00:00 0 
7f6790000000-7f6790021000 rw-p 00000000 00:00 0 
7f6790021000-7f6794000000 ---p 00000000 00:00 0 
7f6794000000-7f6794021000 rw-p 00000000 00:00 0 
7f6794021000-7f6798000000 ---p 00000000 00:00 0 
7f6798000000-7f6798021000 rw-p 00000000 00:00 0 
7f6798021000-7f679c000000 ---p 00000000 00:00 0 
7f679c000000-7f679c021000 rw-p 00000000 00:00 0 
7f679c021000-7f67a0000000 ---p 00000000 00:00 0 
7f67a0000000-7f67a0021000 rw-p 00000000 00:00 0 
7f67a0021000-7f67a4000000 ---p 00000000 00:00 0 
7f67a4000000-7f67a4021000 rw-p 00000000 00:00 0 
7f67a4021000-7f67a8000000 ---p 00000000 00:00 0 
7f67a8000000-7f67a8021000 rw-p 00000000 00:00 0 
7f67a8021000-7f67ac000000 ---p 00000000 00:00 0 
7f67ac000000-7f67accdd000 rw-p 00000000 00:00 0 
7f67accdd000-7f67b0000000 ---p 00000000 00:00 0 
7f67b0000000-7f67b0cbb000 rw-p 00000000 00:00 0 
7f67b0cbb000-7f67b4000000 ---p 00000000 00:00 0 
7f67b4000000-7f67b4fa3000 rw-p 00000000 00:00 0 
7f67b4fa3000-7f67b8000000 ---p 00000000 00:00 0 
7f67b8000000-7f67b91a8000 rw-p 00000000 00:00 0 
7f67b91a8000-7f67bc000000 ---p 00000000 00:00 0 
7f67bc000000-7f67bc021000 rw-p 00000000 00:00 0 
7f67bc021000-7f67c0000000 ---p 00000000 00:00 0 
7f67c0000000-7f67c0021000 rw-p 00000000 00:00 0 
7f67c0021000-7f67c4000000 ---p 00000000 00:00 0 
7f67c4000000-7f67c4021000 rw-p 00000000 00:00 0 
7f67c4021000-7f67c8000000 ---p 00000000 00:00 0 
7f67c8000000-7f67c8021000 rw-p 00000000 00:00 0 
7f67c8021000-7f67cc000000 ---p 00000000 00:00 0 
7f67cc000000-7f67cc021000 rw-p 00000000 00:00 0 
7f67cc021000-7f67d0000000 ---p 00000000 00:00 0 
7f67d0000000-7f67d0021000 rw-p 00000000 00:00 0 
7f67d0021000-7f67d4000000 ---p 00000000 00:00 0 
7f67d4000000-7f67d4021000 rw-p 00000000 00:00 0 
7f67d4021000-7f67d8000000 ---p 00000000 00:00 0 
7f67dc000000-7f67dc021000 rw-p 00000000 00:00 0 
7f67dc021000-7f67e0000000 ---p 00000000 00:00 0 
7f67e4000000-7f67e4021000 rw-p 00000000 00:00 0 
7f67e4021000-7f67e8000000 ---p 00000000 00:00 0 
7f67ec000000-7f67ec021000 rw-p 00000000 00:00 0 
7f67ec021000-7f67f0000000 ---p 00000000 00:00 0 
7f67f2181000-7f67f2184000 ---p 00000000 00:00 0 
7f67f2184000-7f67f2282000 rw-p 00000000 00:00 0 
7f67f2282000-7f67f2285000 ---p 00000000 00:00 0 
7f67f2285000-7f67f2383000 rw-p 00000000 00:00 0 
7f67f2383000-7f67f2386000 ---p 00000000 00:00 0 
7f67f2386000-7f67f2484000 rw-p 00000000 00:00 0 
7f67f2484000-7f67f2487000 ---p 00000000 00:00 0 
7f67f2487000-7f67f25e9000 rw-p 00000000 00:00 0 
7f67f25e9000-7f67f26bd000 ---p 00000000 00:00 0 
7f67f26bd000-7f67f26c0000 ---p 00000000 00:00 0 
7f67f26c0000-7f67f27be000 rw-p 00000000 00:00 0 
7f67f27be000-7f67f27c1000 ---p 00000000 00:00 0 
7f67f27c1000-7f67f28bf000 rw-p 00000000 00:00 0 
7f67f28bf000-7f67f28c2000 ---p 00000000 00:00 0 
7f67f28c2000-7f67f29c0000 rw-p 00000000 00:00 0 
7f67f29c0000-7f67f29c3000 ---p 00000000 00:00 0 
7f67f29c3000-7f67f2ac1000 rw-p 00000000 00:00 0 
7f67f2ac1000-7f67f2ac4000 ---p 00000000 00:00 0 
7f67f2ac4000-7f67f2bc2000 rw-p 00000000 00:00 0 
7f67f2bc2000-7f67f2bc5000 ---p 00000000 00:00 0 
7f67f2bc5000-7f67f2cc3000 rw-p 00000000 00:00 0 
7f67f2cc3000-7f67f2cc6000 ---p 00000000 00:00 0 
7f67f2cc6000-7f67f2dc4000 rw-p 00000000 00:00 0 
7f67f2dc4000-7f67f2dc7000 ---p 00000000 00:00 0 
7f67f2dc7000-7f67f30c5000 rw-p 00000000 00:00 0 
7f67f30c5000-7f67f32c5000 rw-p 00000000 00:00 0 
7f67f32c5000-7f67f34c5000 rw-p 00000000 00:00 0 
7f67f34ee000-7f67f34f5000 r--s 00047000 08:01 9049717                    /home/kael/.m2/repository/com/thoughtworks/qdox/qdox/2.0-M8/qdox-2.0-M8.jar
7f67f34f5000-7f67f34f6000 r--s 00002000 08:01 9049714                    /home/kael/.m2/repository/org/apache/maven/reporting/maven-reporting-api/3.0/maven-reporting-api-3.0.jar
7f67f34f6000-7f67f34f8000 r--s 00003000 08:01 8919282                    /home/kael/.m2/repository/org/slf4j/jcl-over-slf4j/1.5.6/jcl-over-slf4j-1.5.6.jar
7f67f34f8000-7f67f34fa000 r--s 00001000 08:01 8919278                    /home/kael/.m2/repository/org/slf4j/slf4j-jdk14/1.5.6/slf4j-jdk14-1.5.6.jar
7f67f34fa000-7f67f34fc000 r--s 0000b000 08:01 8919270                    /home/kael/.m2/repository/org/codehaus/plexus/plexus-interpolation/1.11/plexus-interpolation-1.11.jar
7f67f34fc000-7f67f3504000 r--s 00049000 08:01 8919264                    /home/kael/.m2/repository/backport-util-concurrent/backport-util-concurrent/3.1/backport-util-concurrent-3.1.jar
7f67f3504000-7f67f3506000 r--s 00009000 08:01 8917402                    /home/kael/.m2/repository/org/hamcrest/hamcrest-core/1.3/hamcrest-core-1.3.jar
7f67f3506000-7f67f350e000 r--s 00045000 08:01 8917401                    /home/kael/.m2/repository/junit/junit/4.12/junit-4.12.jar
7f67f350e000-7f67f3512000 r--s 00034000 08:01 8919252                    /home/kael/.m2/repository/org/codehaus/plexus/plexus-utils/1.5.15/plexus-utils-1.5.15.jar
7f67f3512000-7f67f3516000 r--s 0003f000 08:01 9049713                    /home/kael/.m2/repository/org/apache/maven/surefire/surefire-booter/2.22.1/surefire-booter-2.22.1.jar
7f67f3516000-7f67f3518000 r--s 00002000 08:01 9049710                    /home/kael/.m2/repository/org/apache/maven/surefire/surefire-logger-api/2.22.1/surefire-logger-api-2.22.1.jar
7f67f3518000-7f67f351d000 r--s 00029000 08:01 9049708                    /home/kael/.m2/repository/org/apache/maven/surefire/surefire-api/2.22.1/surefire-api-2.22.1.jar
7f67f351d000-7f67f351e000 r--s 00003000 08:01 9049706                    /home/kael/.m2/repository/org/apache/maven/plugin-tools/maven-plugin-annotations/3.5.2/maven-plugin-annotations-3.5.2.jar
7f67f351e000-7f67f3527000 r--s 00078000 08:01 9049704                    /home/kael/.m2/repository/org/apache/maven/surefire/maven-surefire-common/2.22.1/maven-surefire-common-2.22.1.jar
7f67f3527000-7f67f3528000 r--s 00009000 08:01 9049569                    /home/kael/.m2/repository/org/apache/maven/plugins/maven-surefire-plugin/2.22.1/maven-surefire-plugin-2.22.1.jar
7f67f3528000-7f67f352a000 r--s 00004000 08:01 8918316                    /home/kael/.m2/repository/org/codehaus/plexus/plexus-compiler-javac/2.8.4/plexus-compiler-javac-2.8.4.jar
7f67f352a000-7f67f352c000 r--s 00000000 08:01 8918315                    /home/kael/.m2/repository/org/codehaus/plexus/plexus-compiler-manager/2.8.4/plexus-compiler-manager-2.8.4.jar
7f67f352c000-7f67f352e000 r--s 00005000 08:01 8918311                    /home/kael/.m2/repository/org/codehaus/plexus/plexus-compiler-api/2.8.4/plexus-compiler-api-2.8.4.jar
7f67f352e000-7f67f3535000 r--s 00047000 08:01 8918310                    /home/kael/.m2/repository/com/thoughtworks/qdox/qdox/2.0-M9/qdox-2.0-M9.jar
7f67f3535000-7f67f3537000 r--s 0001a000 08:01 8918307                    /home/kael/.m2/repository/org/ow2/asm/asm/6.2/asm-6.2.jar
7f67f3537000-7f67f3539000 r--s 00008000 08:01 8918306                    /home/kael/.m2/repository/org/codehaus/plexus/plexus-java/0.9.10/plexus-java-0.9.10.jar
7f67f3539000-7f67f353b000 r--s 00002000 08:01 8918305                    /home/kael/.m2/repository/org/apache/maven/shared/maven-shared-incremental/1.1/maven-shared-incremental-1.1.jar
7f67f353b000-7f67f353e000 r--s 00026000 08:01 8918300                    /home/kael/.m2/repository/org/apache/maven/shared/maven-shared-utils/3.2.1/maven-shared-utils-3.2.1.jar
7f67f353e000-7f67f3540000 r--s 00000000 08:01 8918293                    /home/kael/.m2/repository/org/codehaus/plexus/plexus-component-annotations/1.7.1/plexus-component-annotations-1.7.1.jar
7f67f3540000-7f67f3542000 r--s 0000d000 08:01 8918258                    /home/kael/.m2/repository/org/codehaus/plexus/plexus-interpolation/1.14/plexus-interpolation-1.14.jar
7f67f3542000-7f67f3546000 r--s 00033000 08:01 8919244                    /home/kael/.m2/repository/org/codehaus/plexus/plexus-utils/2.0.4/plexus-utils-2.0.4.jar
7f67f3546000-7f67f3548000 r--s 0000e000 08:01 9049559                    /home/kael/.m2/repository/org/apache/maven/plugins/maven-compiler-plugin/3.8.0/maven-compiler-plugin-3.8.0.jar
7f67f3548000-7f67f354b000 r--s 00011000 08:01 9049658                    /home/kael/.m2/repository/org/codehaus/plexus/plexus-interpolation/1.24/plexus-interpolation-1.24.jar
7f67f354b000-7f67f354f000 r--s 0002f000 08:01 8918301                    /home/kael/.m2/repository/commons-io/commons-io/2.5/commons-io-2.5.jar
7f67f354f000-7f67f3551000 r--s 00001000 08:01 9049655                    /home/kael/.m2/repository/org/sonatype/plexus/plexus-build-api/0.0.7/plexus-build-api-0.0.7.jar
7f67f3551000-7f67f3553000 r--s 00006000 08:01 8919246                    /home/kael/.m2/repository/com/google/code/findbugs/jsr305/2.0.1/jsr305-2.0.1.jar
7f67f3553000-7f67f3556000 r--s 00023000 08:01 9049653                    /home/kael/.m2/repository/org/apache/maven/shared/maven-shared-utils/3.0.0/maven-shared-utils-3.0.0.jar
7f67f3556000-7f67f3558000 r--s 0000b000 08:01 9049651                    /home/kael/.m2/repository/org/apache/maven/shared/maven-filtering/3.1.1/maven-filtering-3.1.1.jar
7f67f3558000-7f67f355c000 r--s 00039000 08:01 9049649                    /home/kael/.m2/repository/org/codehaus/plexus/plexus-utils/3.0.24/plexus-utils-3.0.24.jar
7f67f355c000-7f67f355e000 r--s 00002000 08:01 8918299                    /home/kael/.m2/repository/org/sonatype/plexus/plexus-cipher/1.4/plexus-cipher-1.4.jar
7f67f355e000-7f67f355f000 r--s 00006000 08:01 8918296                    /home/kael/.m2/repository/org/sonatype/plexus/plexus-sec-dispatcher/1.3/plexus-sec-dispatcher-1.3.jar
7f67f355f000-7f67f3561000 r--s 00000000 08:01 9049647                    /home/kael/.m2/repository/org/codehaus/plexus/plexus-component-annotations/1.6/plexus-component-annotations-1.6.jar
7f67f3561000-7f67f3565000 r--s 00017000 08:01 8918290                    /home/kael/.m2/repository/org/sonatype/aether/aether-util/1.7/aether-util-1.7.jar
7f67f3565000-7f67f3570000 r--s 00069000 08:01 8918265                    /home/kael/.m2/repository/org/sonatype/sisu/sisu-guice/2.1.7/sisu-guice-2.1.7-noaop.jar
7f67f3570000-7f67f3575000 r--s 00021000 08:01 8918264                    /home/kael/.m2/repository/org/sonatype/sisu/sisu-inject-bean/1.4.2/sisu-inject-bean-1.4.2.jar
7f67f3575000-7f67f357a000 r--s 000a7000 08:01 7869689                    /usr/lib/jvm/java-8-openjdk-amd64/jre/lib/jsse.jar
7f67f357a000-7f67f377a000 rw-p 00000000 00:00 0 
7f67f377a000-7f67f397a000 rw-p 00000000 00:00 0 
7f67f397a000-7f67f39a6000 r--s 00208000 08:01 6161432                    /usr/share/java/guava.jar
7f67f39a6000-7f67f39d3000 r--s 001ce000 08:01 6164040                    /usr/share/java/wagon-http-shaded-3.0.0.jar
7f67f39d3000-7f67f39ea000 r-xp 00000000 08:01 7867453                    /usr/lib/jvm/java-8-openjdk-amd64/jre/lib/amd64/libnet.so
7f67f39ea000-7f67f3be9000 ---p 00017000 08:01 7867453                    /usr/lib/jvm/java-8-openjdk-amd64/jre/lib/amd64/libnet.so
7f67f3be9000-7f67f3bea000 r--p 00016000 08:01 7867453                    /usr/lib/jvm/java-8-openjdk-amd64/jre/lib/amd64/libnet.so
7f67f3bea000-7f67f3beb000 rw-p 00017000 08:01 7867453                    /usr/lib/jvm/java-8-openjdk-amd64/jre/lib/amd64/libnet.so
7f67f3beb000-7f67f3bfd000 r-xp 00000000 08:01 7867454                    /usr/lib/jvm/java-8-openjdk-amd64/jre/lib/amd64/libnio.so
7f67f3bfd000-7f67f3dfc000 ---p 00012000 08:01 7867454                    /usr/lib/jvm/java-8-openjdk-amd64/jre/lib/amd64/libnio.so
7f67f3dfc000-7f67f3dfd000 r--p 00011000 08:01 7867454                    /usr/lib/jvm/java-8-openjdk-amd64/jre/lib/amd64/libnio.so
7f67f3dfd000-7f67f3dfe000 rw-p 00012000 08:01 7867454                    /usr/lib/jvm/java-8-openjdk-amd64/jre/lib/amd64/libnio.so
7f67f3dfe000-7f67f3dff000 ---p 00000000 00:00 0 
7f67f3dff000-7f67f3eff000 rw-p 00000000 00:00 0 
7f67f3eff000-7f67f3f02000 ---p 00000000 00:00 0 
7f67f3f02000-7f67f4000000 rw-p 00000000 00:00 0 
7f67f4000000-7f67f4021000 rw-p 00000000 00:00 0 
7f67f4021000-7f67f8000000 ---p 00000000 00:00 0 
7f67f8000000-7f67f8001000 r--s 00007000 08:01 8919242                    /home/kael/.m2/repository/org/apache/maven/plugins/maven-resources-plugin/3.0.2/maven-resources-plugin-3.0.2.jar
7f67f8001000-7f67f8005000 r--s 00027000 08:01 6161466                    /usr/share/java/maven-resolver-impl.jar
7f67f8005000-7f67f8006000 r--s 00003000 08:01 6161812                    /usr/share/java/plexus-cipher.jar
7f67f8006000-7f67f800b000 r--s 00021000 08:01 6161472                    /usr/share/java/maven-resolver-util.jar
7f67f800b000-7f67f800d000 r--s 00001000 08:01 6163070                    /usr/share/java/maven3-builder-support.jar
7f67f800d000-7f67f8011000 r--s 0001f000 08:01 6161464                    /usr/share/java/maven-resolver-api.jar
7f67f8011000-7f67f8014000 r--s 00007000 08:01 6163731                    /usr/share/java/maven3-settings-builder.jar
7f67f8014000-7f67f8017000 r--s 0000a000 08:01 6163060                    /usr/share/java/maven3-artifact.jar
7f67f8017000-7f67f801b000 r--s 0003b000 08:01 6161460                    /usr/share/java/plexus-utils2.jar
7f67f801b000-7f67f801e000 r--s 00024000 08:01 6161727                    /usr/share/java/maven-shared-utils.jar
7f67f801e000-7f67f801f000 r--s 00004000 08:01 6163777                    /usr/share/java/maven3-slf4j-provider.jar
7f67f801f000-7f67f8021000 r--s 0000a000 08:01 6163108                    /usr/share/java/maven3-plugin-api.jar
7f67f8021000-7f67f8023000 r--s 00006000 08:01 6161907                    /usr/share/java/plexus-sec-dispatcher.jar
7f67f8023000-7f67f8025000 r--s 00000000 08:01 6161901                    /usr/share/java/plexus-component-annotations.jar
7f67f8025000-7f67f8027000 r--s 00009000 08:01 6162118                    /usr/share/java/slf4j-api.jar
7f67f8027000-7f67f8029000 r--s 0000b000 08:01 6161462                    /usr/share/java/wagon-provider-api.jar
7f67f8029000-7f67f802e000 r--s 00030000 08:01 6161402                    /usr/share/java/commons-io.jar
7f67f802e000-7f67f802f000 r--s 00002000 08:01 6161428                    /usr/share/java/geronimo-annotation-1.3-spec.jar
7f67f802f000-7f67f8035000 r--s 0002d000 08:01 6163029                    /usr/share/java/sisu-plexus.jar
7f67f8035000-7f67f8037000 r--s 00007000 08:01 6161458                    /usr/share/java/jansi.jar
7f67f8037000-7f67f8039000 r--s 00005000 08:01 6161471                    /usr/share/java/maven-resolver-transport-wagon.jar
7f67f8039000-7f67f8040000 r--s 00041000 08:01 6163100                    /usr/share/java/maven3-compat.jar
7f67f8040000-7f67f8043000 r--s 00015000 08:01 6163102                    /usr/share/java/maven3-embedder.jar
7f67f8043000-7f67f8048000 r--s 00025000 08:01 6163103                    /usr/share/java/maven3-model-builder.jar
7f67f8048000-7f67f804a000 r--s 0000a000 08:01 6161067                    /usr/share/java/commons-cli.jar
7f67f804a000-7f67f804d000 r--s 00011000 08:01 6161904                    /usr/share/java/plexus-interpolation.jar
7f67f804d000-7f67f807e000 rw-p 00000000 00:00 0 
7f67f807e000-7f67f807f000 ---p 00000000 00:00 0 
7f67f807f000-7f67f8082000 ---p 00000000 00:00 0 
7f67f8082000-7f67f817f000 rw-p 00000000 00:00 0 
7f67f817f000-7f67f8180000 ---p 00000000 00:00 0 
7f67f8180000-7f67f8183000 ---p 00000000 00:00 0 
7f67f8183000-7f67fc000000 rw-p 00000000 00:00 0 
7f67fc000000-7f67fc021000 rw-p 00000000 00:00 0 
7f67fc021000-7f6800000000 ---p 00000000 00:00 0 
7f6800000000-7f6800001000 r--s 00006000 08:01 6163110                    /usr/share/java/maven3-repository-metadata.jar
7f6800001000-7f6800003000 r--s 00001000 08:01 6161434                    /usr/share/java/aopalliance-1.0.jar
7f6800003000-7f6800004000 r--s 00000000 08:01 6160796                    /usr/share/java/atinject-jsr330-api-1.0.jar
7f6800004000-7f6800005000 r--s 00001000 08:01 6160983                    /usr/share/java/geronimo-interceptor-3.0-spec.jar
7f6800005000-7f6800006000 r--s 00000000 08:01 6160796                    /usr/share/java/atinject-jsr330-api-1.0.jar
7f6800006000-7f6800009000 r--s 0000e000 08:01 6161028                    /usr/share/java/cdi-api.jar
7f6800009000-7f680000b000 r--s 00008000 08:01 6161465                    /usr/share/java/maven-resolver-connector-basic.jar
7f680000b000-7f6800012000 r--s 00054000 08:01 6162904                    /usr/share/java/sisu-inject.jar
7f6800012000-7f680001f000 r--s 0008b000 08:01 6163101                    /usr/share/java/maven3-core.jar
7f680001f000-7f6800027000 r--s 00072000 08:01 6161404                    /usr/share/java/commons-lang3.jar
7f6800027000-7f6800042000 r--s 00394000 08:01 7869398                    /usr/lib/jvm/java-8-openjdk-amd64/jre/lib/ext/cldrdata.jar
7f6800042000-7f680005d000 r--s 001d6000 08:01 7869671                    /usr/lib/jvm/java-8-openjdk-amd64/jre/lib/ext/nashorn.jar
7f680005d000-7f680005e000 ---p 00000000 00:00 0 
7f680005e000-7f6800061000 ---p 00000000 00:00 0 
7f6800061000-7f680015e000 rw-p 00000000 00:00 0 
7f680015e000-7f680015f000 ---p 00000000 00:00 0 
7f680015f000-7f6800162000 ---p 00000000 00:00 0 
7f6800162000-7f680025f000 rw-p 00000000 00:00 0 
7f680025f000-7f6800262000 ---p 00000000 00:00 0 
7f6800262000-7f6800360000 rw-p 00000000 00:00 0 
7f6800360000-7f680063e000 r--p 00000000 08:01 5770205                    /usr/lib/locale/locale-archive
7f680063e000-7f6800641000 ---p 00000000 00:00 0 
7f6800641000-7f680073f000 rw-p 00000000 00:00 0 
7f680073f000-7f6800742000 ---p 00000000 00:00 0 
7f6800742000-7f6800840000 rw-p 00000000 00:00 0 
7f6800840000-7f6800841000 ---p 00000000 00:00 0 
7f6800841000-7f6802564000 rw-p 00000000 00:00 0 
7f6802564000-7f6802736000 r--s 03ca5000 08:01 7869694                    /usr/lib/jvm/java-8-openjdk-amd64/jre/lib/rt.jar
7f6802736000-7f6803384000 rw-p 00000000 00:00 0 
7f6803384000-7f6803385000 ---p 00000000 00:00 0 
7f6803385000-7f6803485000 rw-p 00000000 00:00 0 
7f6803485000-7f6803486000 ---p 00000000 00:00 0 
7f6803486000-7f6803586000 rw-p 00000000 00:00 0 
7f6803586000-7f6803587000 ---p 00000000 00:00 0 
7f6803587000-7f6803687000 rw-p 00000000 00:00 0 
7f6803687000-7f6803688000 ---p 00000000 00:00 0 
7f6803688000-7f6803788000 rw-p 00000000 00:00 0 
7f6803788000-7f6803789000 ---p 00000000 00:00 0 
7f6803789000-7f6803889000 rw-p 00000000 00:00 0 
7f6803889000-7f680388a000 ---p 00000000 00:00 0 
7f680388a000-7f680398a000 rw-p 00000000 00:00 0 
7f680398a000-7f680398b000 ---p 00000000 00:00 0 
7f680398b000-7f6803a8b000 rw-p 00000000 00:00 0 
7f6803a8b000-7f6803a8c000 ---p 00000000 00:00 0 
7f6803a8c000-7f6803bad000 rw-p 00000000 00:00 0 
7f6803bad000-7f6803e1c000 ---p 00000000 00:00 0 
7f6803e1c000-7f6803e3d000 rw-p 00000000 00:00 0 
7f6803e3d000-7f68040ac000 ---p 00000000 00:00 0 
7f68040ac000-7f6804134000 rw-p 00000000 00:00 0 
7f6804134000-7f68041f4000 ---p 00000000 00:00 0 
7f68041f4000-7f6804228000 rw-p 00000000 00:00 0 
7f6804228000-7f68045b5000 ---p 00000000 00:00 0 
7f68045b5000-7f6805275000 rwxp 00000000 00:00 0 
7f6805275000-7f68135b5000 ---p 00000000 00:00 0 
7f68135b5000-7f68135bd000 r-xp 00000000 08:01 7868230                    /usr/lib/jvm/java-8-openjdk-amd64/jre/lib/amd64/libzip.so
7f68135bd000-7f68137bc000 ---p 00008000 08:01 7868230                    /usr/lib/jvm/java-8-openjdk-amd64/jre/lib/amd64/libzip.so
7f68137bc000-7f68137bd000 r--p 00007000 08:01 7868230                    /usr/lib/jvm/java-8-openjdk-amd64/jre/lib/amd64/libzip.so
7f68137bd000-7f68137be000 rw-p 00008000 08:01 7868230                    /usr/lib/jvm/java-8-openjdk-amd64/jre/lib/amd64/libzip.so
7f68137be000-7f68137c9000 r-xp 00000000 08:01 40639752                   /lib/x86_64-linux-gnu/libnss_files-2.27.so
7f68137c9000-7f68139c8000 ---p 0000b000 08:01 40639752                   /lib/x86_64-linux-gnu/libnss_files-2.27.so
7f68139c8000-7f68139c9000 r--p 0000a000 08:01 40639752                   /lib/x86_64-linux-gnu/libnss_files-2.27.so
7f68139c9000-7f68139ca000 rw-p 0000b000 08:01 40639752                   /lib/x86_64-linux-gnu/libnss_files-2.27.so
7f68139ca000-7f68139d0000 rw-p 00000000 00:00 0 
7f68139d0000-7f68139e7000 r-xp 00000000 08:01 40639749                   /lib/x86_64-linux-gnu/libnsl-2.27.so
7f68139e7000-7f6813be6000 ---p 00017000 08:01 40639749                   /lib/x86_64-linux-gnu/libnsl-2.27.so
7f6813be6000-7f6813be7000 r--p 00016000 08:01 40639749                   /lib/x86_64-linux-gnu/libnsl-2.27.so
7f6813be7000-7f6813be8000 rw-p 00017000 08:01 40639749                   /lib/x86_64-linux-gnu/libnsl-2.27.so
7f6813be8000-7f6813bea000 rw-p 00000000 00:00 0 
7f6813bea000-7f6813bf5000 r-xp 00000000 08:01 40639754                   /lib/x86_64-linux-gnu/libnss_nis-2.27.so
7f6813bf5000-7f6813df4000 ---p 0000b000 08:01 40639754                   /lib/x86_64-linux-gnu/libnss_nis-2.27.so
7f6813df4000-7f6813df5000 r--p 0000a000 08:01 40639754                   /lib/x86_64-linux-gnu/libnss_nis-2.27.so
7f6813df5000-7f6813df6000 rw-p 0000b000 08:01 40639754                   /lib/x86_64-linux-gnu/libnss_nis-2.27.so
7f6813df6000-7f6813dfe000 r-xp 00000000 08:01 40639750                   /lib/x86_64-linux-gnu/libnss_compat-2.27.so
7f6813dfe000-7f6813ffe000 ---p 00008000 08:01 40639750                   /lib/x86_64-linux-gnu/libnss_compat-2.27.so
7f6813ffe000-7f6813fff000 r--p 00008000 08:01 40639750                   /lib/x86_64-linux-gnu/libnss_compat-2.27.so
7f6813fff000-7f6814000000 rw-p 00009000 08:01 40639750                   /lib/x86_64-linux-gnu/libnss_compat-2.27.so
7f6814000000-7f6815008000 rw-p 00000000 00:00 0 
7f6815008000-7f6818000000 ---p 00000000 00:00 0 
7f6818000000-7f6818002000 r--s 00003000 08:01 6161930                    /usr/share/java/jcl-over-slf4j.jar
7f6818002000-7f6818005000 r--s 00027000 08:01 6163104                    /usr/share/java/maven3-model.jar
7f6818005000-7f6818013000 r--s 0009a000 08:01 6161444                    /usr/share/java/guice.jar
7f6818013000-7f6818061000 rw-p 00000000 00:00 0 
7f6818061000-7f681808b000 r-xp 00000000 08:01 7867420                    /usr/lib/jvm/java-8-openjdk-amd64/jre/lib/amd64/libjava.so
7f681808b000-7f681828a000 ---p 0002a000 08:01 7867420                    /usr/lib/jvm/java-8-openjdk-amd64/jre/lib/amd64/libjava.so
7f681828a000-7f681828b000 r--p 00029000 08:01 7867420                    /usr/lib/jvm/java-8-openjdk-amd64/jre/lib/amd64/libjava.so
7f681828b000-7f681828d000 rw-p 0002a000 08:01 7867420                    /usr/lib/jvm/java-8-openjdk-amd64/jre/lib/amd64/libjava.so
7f681828d000-7f681829d000 r-xp 00000000 08:01 7868229                    /usr/lib/jvm/java-8-openjdk-amd64/jre/lib/amd64/libverify.so
7f681829d000-7f681849c000 ---p 00010000 08:01 7868229                    /usr/lib/jvm/java-8-openjdk-amd64/jre/lib/amd64/libverify.so
7f681849c000-7f681849e000 r--p 0000f000 08:01 7868229                    /usr/lib/jvm/java-8-openjdk-amd64/jre/lib/amd64/libverify.so
7f681849e000-7f681849f000 rw-p 00011000 08:01 7868229                    /usr/lib/jvm/java-8-openjdk-amd64/jre/lib/amd64/libverify.so
7f681849f000-7f68184a6000 r-xp 00000000 08:01 40639759                   /lib/x86_64-linux-gnu/librt-2.27.so
7f68184a6000-7f68186a5000 ---p 00007000 08:01 40639759                   /lib/x86_64-linux-gnu/librt-2.27.so
7f68186a5000-7f68186a6000 r--p 00006000 08:01 40639759                   /lib/x86_64-linux-gnu/librt-2.27.so
7f68186a6000-7f68186a7000 rw-p 00007000 08:01 40639759                   /lib/x86_64-linux-gnu/librt-2.27.so
7f68186a7000-7f68186be000 r-xp 00000000 08:01 40632376                   /lib/x86_64-linux-gnu/libgcc_s.so.1
7f68186be000-7f68188bd000 ---p 00017000 08:01 40632376                   /lib/x86_64-linux-gnu/libgcc_s.so.1
7f68188bd000-7f68188be000 r--p 00016000 08:01 40632376                   /lib/x86_64-linux-gnu/libgcc_s.so.1
7f68188be000-7f68188bf000 rw-p 00017000 08:01 40632376                   /lib/x86_64-linux-gnu/libgcc_s.so.1
7f68188bf000-7f6818a5c000 r-xp 00000000 08:01 40639746                   /lib/x86_64-linux-gnu/libm-2.27.so
7f6818a5c000-7f6818c5b000 ---p 0019d000 08:01 40639746                   /lib/x86_64-linux-gnu/libm-2.27.so
7f6818c5b000-7f6818c5c000 r--p 0019c000 08:01 40639746                   /lib/x86_64-linux-gnu/libm-2.27.so
7f6818c5c000-7f6818c5d000 rw-p 0019d000 08:01 40639746                   /lib/x86_64-linux-gnu/libm-2.27.so
7f6818c5d000-7f6818dd6000 r-xp 00000000 08:01 5770210                    /usr/lib/x86_64-linux-gnu/libstdc++.so.6.0.25
7f6818dd6000-7f6818fd6000 ---p 00179000 08:01 5770210                    /usr/lib/x86_64-linux-gnu/libstdc++.so.6.0.25
7f6818fd6000-7f6818fe0000 r--p 00179000 08:01 5770210                    /usr/lib/x86_64-linux-gnu/libstdc++.so.6.0.25
7f6818fe0000-7f6818fe2000 rw-p 00183000 08:01 5770210                    /usr/lib/x86_64-linux-gnu/libstdc++.so.6.0.25
7f6818fe2000-7f6818fe6000 rw-p 00000000 00:00 0 
7f6818fe6000-7f6819c8a000 r-xp 00000000 08:01 7869319                    /usr/lib/jvm/java-8-openjdk-amd64/jre/lib/amd64/server/libjvm.so
7f6819c8a000-7f6819e8a000 ---p 00ca4000 08:01 7869319                    /usr/lib/jvm/java-8-openjdk-amd64/jre/lib/amd64/server/libjvm.so
7f6819e8a000-7f6819f1e000 r--p 00ca4000 08:01 7869319                    /usr/lib/jvm/java-8-openjdk-amd64/jre/lib/amd64/server/libjvm.so
7f6819f1e000-7f6819f47000 rw-p 00d38000 08:01 7869319                    /usr/lib/jvm/java-8-openjdk-amd64/jre/lib/amd64/server/libjvm.so
7f6819f47000-7f6819f77000 rw-p 00000000 00:00 0 
7f6819f77000-7f6819f91000 r-xp 00000000 08:01 40639757                   /lib/x86_64-linux-gnu/libpthread-2.27.so
7f6819f91000-7f681a190000 ---p 0001a000 08:01 40639757                   /lib/x86_64-linux-gnu/libpthread-2.27.so
7f681a190000-7f681a191000 r--p 00019000 08:01 40639757                   /lib/x86_64-linux-gnu/libpthread-2.27.so
7f681a191000-7f681a192000 rw-p 0001a000 08:01 40639757                   /lib/x86_64-linux-gnu/libpthread-2.27.so
7f681a192000-7f681a196000 rw-p 00000000 00:00 0 
7f681a196000-7f681a199000 r-xp 00000000 08:01 40639745                   /lib/x86_64-linux-gnu/libdl-2.27.so
7f681a199000-7f681a398000 ---p 00003000 08:01 40639745                   /lib/x86_64-linux-gnu/libdl-2.27.so
7f681a398000-7f681a399000 r--p 00002000 08:01 40639745                   /lib/x86_64-linux-gnu/libdl-2.27.so
7f681a399000-7f681a39a000 rw-p 00003000 08:01 40639745                   /lib/x86_64-linux-gnu/libdl-2.27.so
7f681a39a000-7f681a3b6000 r-xp 00000000 08:01 40637232                   /lib/x86_64-linux-gnu/libz.so.1.2.11
7f681a3b6000-7f681a5b5000 ---p 0001c000 08:01 40637232                   /lib/x86_64-linux-gnu/libz.so.1.2.11
7f681a5b5000-7f681a5b6000 r--p 0001b000 08:01 40637232                   /lib/x86_64-linux-gnu/libz.so.1.2.11
7f681a5b6000-7f681a5b7000 rw-p 0001c000 08:01 40637232                   /lib/x86_64-linux-gnu/libz.so.1.2.11
7f681a5b7000-7f681a79e000 r-xp 00000000 08:01 40639742                   /lib/x86_64-linux-gnu/libc-2.27.so
7f681a79e000-7f681a99e000 ---p 001e7000 08:01 40639742                   /lib/x86_64-linux-gnu/libc-2.27.so
7f681a99e000-7f681a9a2000 r--p 001e7000 08:01 40639742                   /lib/x86_64-linux-gnu/libc-2.27.so
7f681a9a2000-7f681a9a4000 rw-p 001eb000 08:01 40639742                   /lib/x86_64-linux-gnu/libc-2.27.so
7f681a9a4000-7f681a9a8000 rw-p 00000000 00:00 0 
7f681a9a8000-7f681a9b6000 r-xp 00000000 08:01 7866329                    /usr/lib/jvm/java-8-openjdk-amd64/jre/lib/amd64/jli/libjli.so
7f681a9b6000-7f681abb5000 ---p 0000e000 08:01 7866329                    /usr/lib/jvm/java-8-openjdk-amd64/jre/lib/amd64/jli/libjli.so
7f681abb5000-7f681abb6000 r--p 0000d000 08:01 7866329                    /usr/lib/jvm/java-8-openjdk-amd64/jre/lib/amd64/jli/libjli.so
7f681abb6000-7f681abb7000 rw-p 0000e000 08:01 7866329                    /usr/lib/jvm/java-8-openjdk-amd64/jre/lib/amd64/jli/libjli.so
7f681abb7000-7f681abde000 r-xp 00000000 08:01 40639737                   /lib/x86_64-linux-gnu/ld-2.27.so
7f681abde000-7f681abdf000 r--s 0000a000 08:01 6163736                    /usr/share/java/maven3-settings.jar
7f681abdf000-7f681abe0000 r--s 00001000 08:01 6164038                    /usr/share/java/wagon-file.jar
7f681abe0000-7f681abe2000 r--s 00006000 08:01 6161467                    /usr/share/java/maven-resolver-spi.jar
7f681abe2000-7f681abe4000 r--s 0000d000 08:01 6163468                    /usr/share/java/maven3-resolver-provider.jar
7f681abe4000-7f681abe6000 r--s 0000b000 08:01 6161862                    /usr/share/java/plexus-classworlds.jar
7f681abe6000-7f681abec000 r--s 0003d000 08:01 7869673                    /usr/lib/jvm/java-8-openjdk-amd64/jre/lib/ext/sunjce_provider.jar
7f681abec000-7f681acb7000 rw-p 00000000 00:00 0 
7f681acb7000-7f681acb8000 ---p 00000000 00:00 0 
7f681acb8000-7f681acbb000 ---p 00000000 00:00 0 
7f681acbb000-7f681adba000 rw-p 00000000 00:00 0 
7f681adba000-7f681adbc000 r--s 00001000 08:01 7869667                    /usr/lib/jvm/java-8-openjdk-amd64/jre/lib/ext/dnsns.jar
7f681adbc000-7f681adbe000 r--s 00007000 08:01 6160873                    /usr/share/java/java-atk-wrapper.jar
7f681adbe000-7f681adc8000 r--s 00116000 08:01 7869670                    /usr/lib/jvm/java-8-openjdk-amd64/jre/lib/ext/localedata.jar
7f681adc8000-7f681adc9000 r--s 0000d000 08:01 7869672                    /usr/lib/jvm/java-8-openjdk-amd64/jre/lib/ext/sunec.jar
7f681adc9000-7f681adca000 r--s 00010000 08:01 7869675                    /usr/lib/jvm/java-8-openjdk-amd64/jre/lib/ext/zipfs.jar
7f681adca000-7f681adcd000 r--s 0000f000 08:01 7869668                    /usr/lib/jvm/java-8-openjdk-amd64/jre/lib/ext/icedtea-sound.jar
7f681adcd000-7f681adce000 r--s 0000a000 08:01 7869669                    /usr/lib/jvm/java-8-openjdk-amd64/jre/lib/ext/jaccess.jar
7f681adce000-7f681add2000 r--s 0003a000 08:01 7869674                    /usr/lib/jvm/java-8-openjdk-amd64/jre/lib/ext/sunpkcs11.jar
7f681add2000-7f681adda000 rw-s 00000000 08:01 45357594                   /tmp/hsperfdata_kael/17229
7f681adda000-7f681addb000 rw-p 00000000 00:00 0 
7f681addb000-7f681addc000 r--p 00000000 00:00 0 
7f681addc000-7f681adde000 rw-p 00000000 00:00 0 
7f681adde000-7f681addf000 r--p 00027000 08:01 40639737                   /lib/x86_64-linux-gnu/ld-2.27.so
7f681addf000-7f681ade0000 rw-p 00028000 08:01 40639737                   /lib/x86_64-linux-gnu/ld-2.27.so
7f681ade0000-7f681ade1000 rw-p 00000000 00:00 0 
7ffe0eacc000-7ffe0eaed000 rw-p 00000000 00:00 0                          [stack]
7ffe0eb66000-7ffe0eb69000 r--p 00000000 00:00 0                          [vvar]
7ffe0eb69000-7ffe0eb6b000 r-xp 00000000 00:00 0                          [vdso]
ffffffffff600000-ffffffffff601000 r-xp 00000000 00:00 0                  [vsyscall]

VM Arguments:
jvm_args: -Dclassworlds.conf=/usr/share/maven/bin/m2.conf -Dmaven.home=/usr/share/maven -Dlibrary.jansi.path=/usr/share/maven/lib/jansi-native -Dmaven.multiModuleProjectDirectory=/home/kael/Code/survivor-s3-plugins 
java_command: org.codehaus.plexus.classworlds.launcher.Launcher test
java_class_path (initial): /usr/share/maven/boot/plexus-classworlds-2.x.jar
Launcher Type: SUN_STANDARD

Environment Variables:
JAVA_HOME=/usr/lib/jvm/java-8-openjdk-amd64
JRE_HOME=/usr/lib/jvm/java-8-openjdk-amd64/jre
PATH=/home/kael/Code/survivor-s3-plugins/node_modules/.bin:/home/kael/.vscode-server/bin/17299e413d5590b14ab0340ea477cdd86ff13daf/bin:/home/kael/.local/share/umake/bin:/home/kael/.local/bin:/usr/lib/jvm/java-1.11.0-openjdk-amd64/bin:/home/kael/.vscode-server/bin/17299e413d5590b14ab0340ea477cdd86ff13daf/bin:/usr/local/sbin:/usr/local/bin:/usr/sbin:/usr/bin:/sbin:/bin:/usr/games:/usr/local/games:/snap/bin:/home/kael/Library/flutter/bin:/usr/lib/android-sdk/tools/bin:/usr/lib/android-sdk/emulator:JAVA_HOME:JRE_HOME:/home/kael/Library/flutter/bin:/usr/lib/android-sdk/tools/bin:/usr/lib/android-sdk/emulator:JAVA_HOME:JRE_HOME
SHELL=/bin/bash

Signal Handlers:
SIGSEGV: [libjvm.so+0xabd470], sa_mask[0]=11111111011111111101111111111110, sa_flags=SA_RESTART|SA_SIGINFO
SIGBUS: [libjvm.so+0xabd470], sa_mask[0]=11111111011111111101111111111110, sa_flags=SA_RESTART|SA_SIGINFO
SIGFPE: [libjvm.so+0x8f1c90], sa_mask[0]=11111111011111111101111111111110, sa_flags=SA_RESTART|SA_SIGINFO
SIGPIPE: [libjvm.so+0x8f1c90], sa_mask[0]=11111111011111111101111111111110, sa_flags=SA_RESTART|SA_SIGINFO
SIGXFSZ: [libjvm.so+0x8f1c90], sa_mask[0]=11111111011111111101111111111110, sa_flags=SA_RESTART|SA_SIGINFO
SIGILL: [libjvm.so+0x8f1c90], sa_mask[0]=11111111011111111101111111111110, sa_flags=SA_RESTART|SA_SIGINFO
SIGUSR1: SIG_DFL, sa_mask[0]=00000000000000000000000000000000, sa_flags=none
SIGUSR2: [libjvm.so+0x8f1b40], sa_mask[0]=00000000000000000000000000000000, sa_flags=SA_RESTART|SA_SIGINFO
SIGHUP: [libjvm.so+0x8f21b0], sa_mask[0]=11111111011111111101111111111110, sa_flags=SA_RESTART|SA_SIGINFO
SIGINT: [libjvm.so+0x8f21b0], sa_mask[0]=11111111011111111101111111111110, sa_flags=SA_RESTART|SA_SIGINFO
SIGTERM: [libjvm.so+0x8f21b0], sa_mask[0]=11111111011111111101111111111110, sa_flags=SA_RESTART|SA_SIGINFO
SIGQUIT: [libjvm.so+0x8f21b0], sa_mask[0]=11111111011111111101111111111110, sa_flags=SA_RESTART|SA_SIGINFO


---------------  S Y S T E M  ---------------

OS:DISTRIB_ID=Ubuntu
DISTRIB_RELEASE=18.04
DISTRIB_CODENAME=bionic
DISTRIB_DESCRIPTION="Ubuntu 18.04.4 LTS"

uname:Linux 4.15.0-111-generic #112-Ubuntu SMP Thu Jul 9 20:32:34 UTC 2020 x86_64
libc:glibc 2.27 NPTL 2.27 
rlimit: STACK 8192k, CORE 0k, NPROC 31295, NOFILE 1048576, AS infinity
load average:0.99 0.32 0.24

/proc/meminfo:
MemTotal:        8058584 kB
MemFree:         1908572 kB
MemAvailable:    4948428 kB
Buffers:          669656 kB
Cached:          2821844 kB
SwapCached:            8 kB
Active:          3471112 kB
Inactive:        2234704 kB
Active(anon):    2160272 kB
Inactive(anon):   366080 kB
Active(file):    1310840 kB
Inactive(file):  1868624 kB
Unevictable:          16 kB
Mlocked:              16 kB
SwapTotal:       2097148 kB
SwapFree:        2096624 kB
Dirty:              1768 kB
Writeback:             8 kB
AnonPages:       2213888 kB
Mapped:           500884 kB
Shmem:            312040 kB
Slab:             282872 kB
SReclaimable:     160760 kB
SUnreclaim:       122112 kB
KernelStack:       14664 kB
PageTables:        50632 kB
NFS_Unstable:          0 kB
Bounce:                0 kB
WritebackTmp:          0 kB
CommitLimit:     6126440 kB
Committed_AS:    8144560 kB
VmallocTotal:   34359738367 kB
VmallocUsed:           0 kB
VmallocChunk:          0 kB
HardwareCorrupted:     0 kB
AnonHugePages:         0 kB
ShmemHugePages:        0 kB
ShmemPmdMapped:        0 kB
CmaTotal:              0 kB
CmaFree:               0 kB
HugePages_Total:       0
HugePages_Free:        0
HugePages_Rsvd:        0
HugePages_Surp:        0
Hugepagesize:       2048 kB
DirectMap4k:      351920 kB
DirectMap2M:     7927808 kB

container (cgroup) information:
container_type: cgroupv1
cpu_cpuset_cpus: 0-7
cpu_memory_nodes: 0
active_processor_count: 8
cpu_quota: -1
cpu_period: 100000
cpu_shares: -1
memory_limit_in_bytes: -1
memory_and_swap_limit_in_bytes: -2
memory_soft_limit_in_bytes: -1
memory_usage_in_bytes: 4373803008
memory_max_usage_in_bytes: 6632128512


CPU:total 8 (initial active 8) (4 cores per cpu, 2 threads per core) family 6 model 58 stepping 9, cmov, cx8, fxsr, mmx, sse, sse2, sse3, ssse3, sse4.1, sse4.2, popcnt, avx, aes, clmul, erms, ht, tsc, tscinvbit, tscinv

/proc/cpuinfo:
processor	: 0
vendor_id	: GenuineIntel
cpu family	: 6
model		: 58
model name	: Intel(R) Core(TM) i7-3740QM CPU @ 2.70GHz
stepping	: 9
microcode	: 0x21
cpu MHz		: 3410.964
cache size	: 6144 KB
physical id	: 0
siblings	: 8
core id		: 0
cpu cores	: 4
apicid		: 0
initial apicid	: 0
fpu		: yes
fpu_exception	: yes
cpuid level	: 13
wp		: yes
flags		: fpu vme de pse tsc msr pae mce cx8 apic sep mtrr pge mca cmov pat pse36 clflush dts acpi mmx fxsr sse sse2 ss ht tm pbe syscall nx rdtscp lm constant_tsc arch_perfmon pebs bts rep_good nopl xtopology nonstop_tsc cpuid aperfmperf pni pclmulqdq dtes64 monitor ds_cpl vmx smx est tm2 ssse3 cx16 xtpr pdcm pcid sse4_1 sse4_2 x2apic popcnt tsc_deadline_timer aes xsave avx f16c rdrand lahf_lm cpuid_fault epb pti ssbd ibrs ibpb stibp tpr_shadow vnmi flexpriority ept vpid fsgsbase smep erms xsaveopt dtherm ida arat pln pts md_clear flush_l1d
bugs		: cpu_meltdown spectre_v1 spectre_v2 spec_store_bypass l1tf mds swapgs itlb_multihit srbds
bogomips	: 5387.84
clflush size	: 64
cache_alignment	: 64
address sizes	: 36 bits physical, 48 bits virtual
power management:

processor	: 1
vendor_id	: GenuineIntel
cpu family	: 6
model		: 58
model name	: Intel(R) Core(TM) i7-3740QM CPU @ 2.70GHz
stepping	: 9
microcode	: 0x21
cpu MHz		: 3411.546
cache size	: 6144 KB
physical id	: 0
siblings	: 8
core id		: 1
cpu cores	: 4
apicid		: 2
initial apicid	: 2
fpu		: yes
fpu_exception	: yes
cpuid level	: 13
wp		: yes
flags		: fpu vme de pse tsc msr pae mce cx8 apic sep mtrr pge mca cmov pat pse36 clflush dts acpi mmx fxsr sse sse2 ss ht tm pbe syscall nx rdtscp lm constant_tsc arch_perfmon pebs bts rep_good nopl xtopology nonstop_tsc cpuid aperfmperf pni pclmulqdq dtes64 monitor ds_cpl vmx smx est tm2 ssse3 cx16 xtpr pdcm pcid sse4_1 sse4_2 x2apic popcnt tsc_deadline_timer aes xsave avx f16c rdrand lahf_lm cpuid_fault epb pti ssbd ibrs ibpb stibp tpr_shadow vnmi flexpriority ept vpid fsgsbase smep erms xsaveopt dtherm ida arat pln pts md_clear flush_l1d
bugs		: cpu_meltdown spectre_v1 spectre_v2 spec_store_bypass l1tf mds swapgs itlb_multihit srbds
bogomips	: 5387.84
clflush size	: 64
cache_alignment	: 64
address sizes	: 36 bits physical, 48 bits virtual
power management:

processor	: 2
vendor_id	: GenuineIntel
cpu family	: 6
model		: 58
model name	: Intel(R) Core(TM) i7-3740QM CPU @ 2.70GHz
stepping	: 9
microcode	: 0x21
cpu MHz		: 3410.650
cache size	: 6144 KB
physical id	: 0
siblings	: 8
core id		: 2
cpu cores	: 4
apicid		: 4
initial apicid	: 4
fpu		: yes
fpu_exception	: yes
cpuid level	: 13
wp		: yes
flags		: fpu vme de pse tsc msr pae mce cx8 apic sep mtrr pge mca cmov pat pse36 clflush dts acpi mmx fxsr sse sse2 ss ht tm pbe syscall nx rdtscp lm constant_tsc arch_perfmon pebs bts rep_good nopl xtopology nonstop_tsc cpuid aperfmperf pni pclmulqdq dtes64 monitor ds_cpl vmx smx est tm2 ssse3 cx16 xtpr pdcm pcid sse4_1 sse4_2 x2apic popcnt tsc_deadline_timer aes xsave avx f16c rdrand lahf_lm cpuid_fault epb pti ssbd ibrs ibpb stibp tpr_shadow vnmi flexpriority ept vpid fsgsbase smep erms xsaveopt dtherm ida arat pln pts md_clear flush_l1d
bugs		: cpu_meltdown spectre_v1 spectre_v2 spec_store_bypass l1tf mds swapgs itlb_multihit srbds
bogomips	: 5387.84
clflush size	: 64
cache_alignment	: 64
address sizes	: 36 bits physical, 48 bits virtual
power management:

processor	: 3
vendor_id	: GenuineIntel
cpu family	: 6
model		: 58
model name	: Intel(R) Core(TM) i7-3740QM CPU @ 2.70GHz
stepping	: 9
microcode	: 0x21
cpu MHz		: 3412.624
cache size	: 6144 KB
physical id	: 0
siblings	: 8
core id		: 3
cpu cores	: 4
apicid		: 6
initial apicid	: 6
fpu		: yes
fpu_exception	: yes
cpuid level	: 13
wp		: yes
flags		: fpu vme de pse tsc msr pae mce cx8 apic sep mtrr pge mca cmov pat pse36 clflush dts acpi mmx fxsr sse sse2 ss ht tm pbe syscall nx rdtscp lm constant_tsc arch_perfmon pebs bts rep_good nopl xtopology nonstop_tsc cpuid aperfmperf pni pclmulqdq dtes64 monitor ds_cpl vmx smx est tm2 ssse3 cx16 xtpr pdcm pcid sse4_1 sse4_2 x2apic popcnt tsc_deadline_timer aes xsave avx f16c rdrand lahf_lm cpuid_fault epb pti ssbd ibrs ibpb stibp tpr_shadow vnmi flexpriority ept vpid fsgsbase smep erms xsaveopt dtherm ida arat pln pts md_clear flush_l1d
bugs		: cpu_meltdown spectre_v1 spectre_v2 spec_store_bypass l1tf mds swapgs itlb_multihit srbds
bogomips	: 5387.84
clflush size	: 64
cache_alignment	: 64
address sizes	: 36 bits physical, 48 bits virtual
power management:

processor	: 4
vendor_id	: GenuineIntel
cpu family	: 6
model		: 58
model name	: Intel(R) Core(TM) i7-3740QM CPU @ 2.70GHz
stepping	: 9
microcode	: 0x21
cpu MHz		: 3411.856
cache size	: 6144 KB
physical id	: 0
siblings	: 8
core id		: 0
cpu cores	: 4
apicid		: 1
initial apicid	: 1
fpu		: yes
fpu_exception	: yes
cpuid level	: 13
wp		: yes
flags		: fpu vme de pse tsc msr pae mce cx8 apic sep mtrr pge mca cmov pat pse36 clflush dts acpi mmx fxsr sse sse2 ss ht tm pbe syscall nx rdtscp lm constant_tsc arch_perfmon pebs bts rep_good nopl xtopology nonstop_tsc cpuid aperfmperf pni pclmulqdq dtes64 monitor ds_cpl vmx smx est tm2 ssse3 cx16 xtpr pdcm pcid sse4_1 sse4_2 x2apic popcnt tsc_deadline_timer aes xsave avx f16c rdrand lahf_lm cpuid_fault epb pti ssbd ibrs ibpb stibp tpr_shadow vnmi flexpriority ept vpid fsgsbase smep erms xsaveopt dtherm ida arat pln pts md_clear flush_l1d
bugs		: cpu_meltdown spectre_v1 spectre_v2 spec_store_bypass l1tf mds swapgs itlb_multihit srbds
bogomips	: 5387.84
clflush size	: 64
cache_alignment	: 64
address sizes	: 36 bits physical, 48 bits virtual
power management:

processor	: 5
vendor_id	: GenuineIntel
cpu family	: 6
model		: 58
model name	: Intel(R) Core(TM) i7-3740QM CPU @ 2.70GHz
stepping	: 9
microcode	: 0x21
cpu MHz		: 3410.739
cache size	: 6144 KB
physical id	: 0
siblings	: 8
core id		: 1
cpu cores	: 4
apicid		: 3
initial apicid	: 3
fpu		: yes
fpu_exception	: yes
cpuid level	: 13
wp		: yes
flags		: fpu vme de pse tsc msr pae mce cx8 apic sep mtrr pge mca cmov pat pse36 clflush dts acpi mmx fxsr sse sse2 ss ht tm pbe syscall nx rdtscp lm constant_tsc arch_perfmon pebs bts rep_good nopl xtopology nonstop_tsc cpuid aperfmperf pni pclmulqdq dtes64 monitor ds_cpl vmx smx est tm2 ssse3 cx16 xtpr pdcm pcid sse4_1 sse4_2 x2apic popcnt tsc_deadline_timer aes xsave avx f16c rdrand lahf_lm cpuid_fault epb pti ssbd ibrs ibpb stibp tpr_shadow vnmi flexpriority ept vpid fsgsbase smep erms xsaveopt dtherm ida arat pln pts md_clear flush_l1d
bugs		: cpu_meltdown spectre_v1 spectre_v2 spec_store_bypass l1tf mds swapgs itlb_multihit srbds
bogomips	: 5387.84
clflush size	: 64
cache_alignment	: 64
address sizes	: 36 bits physical, 48 bits virtual
power management:

processor	: 6
vendor_id	: GenuineIntel
cpu family	: 6
model		: 58
model name	: Intel(R) Core(TM) i7-3740QM CPU @ 2.70GHz
stepping	: 9
microcode	: 0x21
cpu MHz		: 3409.566
cache size	: 6144 KB
physical id	: 0
siblings	: 8
core id		: 2
cpu cores	: 4
apicid		: 5
initial apicid	: 5
fpu		: yes
fpu_exception	: yes
cpuid level	: 13
wp		: yes
flags		: fpu vme de pse tsc msr pae mce cx8 apic sep mtrr pge mca cmov pat pse36 clflush dts acpi mmx fxsr sse sse2 ss ht tm pbe syscall nx rdtscp lm constant_tsc arch_perfmon pebs bts rep_good nopl xtopology nonstop_tsc cpuid aperfmperf pni pclmulqdq dtes64 monitor ds_cpl vmx smx est tm2 ssse3 cx16 xtpr pdcm pcid sse4_1 sse4_2 x2apic popcnt tsc_deadline_timer aes xsave avx f16c rdrand lahf_lm cpuid_fault epb pti ssbd ibrs ibpb stibp tpr_shadow vnmi flexpriority ept vpid fsgsbase smep erms xsaveopt dtherm ida arat pln pts md_clear flush_l1d
bugs		: cpu_meltdown spectre_v1 spectre_v2 spec_store_bypass l1tf mds swapgs itlb_multihit srbds
bogomips	: 5387.84
clflush size	: 64
cache_alignment	: 64
address sizes	: 36 bits physical, 48 bits virtual
power management:

processor	: 7
vendor_id	: GenuineIntel
cpu family	: 6
model		: 58
model name	: Intel(R) Core(TM) i7-3740QM CPU @ 2.70GHz
stepping	: 9
microcode	: 0x21
cpu MHz		: 3409.899
cache size	: 6144 KB
physical id	: 0
siblings	: 8
core id		: 3
cpu cores	: 4
apicid		: 7
initial apicid	: 7
fpu		: yes
fpu_exception	: yes
cpuid level	: 13
wp		: yes
flags		: fpu vme de pse tsc msr pae mce cx8 apic sep mtrr pge mca cmov pat pse36 clflush dts acpi mmx fxsr sse sse2 ss ht tm pbe syscall nx rdtscp lm constant_tsc arch_perfmon pebs bts rep_good nopl xtopology nonstop_tsc cpuid aperfmperf pni pclmulqdq dtes64 monitor ds_cpl vmx smx est tm2 ssse3 cx16 xtpr pdcm pcid sse4_1 sse4_2 x2apic popcnt tsc_deadline_timer aes xsave avx f16c rdrand lahf_lm cpuid_fault epb pti ssbd ibrs ibpb stibp tpr_shadow vnmi flexpriority ept vpid fsgsbase smep erms xsaveopt dtherm ida arat pln pts md_clear flush_l1d
bugs		: cpu_meltdown spectre_v1 spectre_v2 spec_store_bypass l1tf mds swapgs itlb_multihit srbds
bogomips	: 5387.84
clflush size	: 64
cache_alignment	: 64
address sizes	: 36 bits physical, 48 bits virtual
power management:



Memory: 4k page, physical 8058584k(1940332k free), swap 2097148k(2096624k free)

vm_info: OpenJDK 64-Bit Server VM (25.252-b09) for linux-amd64 JRE (1.8.0_252-8u252-b09-1~18.04-b09), built on Apr 15 2020 18:48:05 by "buildd" with gcc 7.5.0

time: Sun Jul 19 14:54:00 2020
timezone: CDT
elapsed time: 4 seconds (0d 0h 0m 4s)

